CRITICAL - 2023-05-29 06:50:28 --> Undefined variable $userid
in APPPATH\Views\userhome.php on line 101.
 1 APPPATH\Views\userhome.php(101): CodeIgniter\Debug\Exceptions->errorHandler(2, 'Undefined variable $userid', 'C:\\xampp\\htdocs\\codeigniter\\app\\Views\\userhome.php', 101)
 2 SYSTEMPATH\View\View.php(213): include('C:\\xampp\\htdocs\\codeigniter\\app\\Views\\userhome.php')
 3 SYSTEMPATH\View\View.php(216): CodeIgniter\View\View->CodeIgniter\View\{closure}()
 4 SYSTEMPATH\Common.php(1184): CodeIgniter\View\View->render('userhome', [], true)
 5 APPPATH\Controllers\userhome.php(10): view('userhome')
 6 SYSTEMPATH\CodeIgniter.php(934): App\Controllers\userhome->index()
 7 SYSTEMPATH\CodeIgniter.php(499): CodeIgniter\CodeIgniter->runController(Object(App\Controllers\userhome))
 8 SYSTEMPATH\CodeIgniter.php(368): CodeIgniter\CodeIgniter->handleRequest(null, Object(Config\Cache), false)
 9 FCPATH\index.php(67): CodeIgniter\CodeIgniter->run()
CRITICAL - 2023-05-29 06:50:31 --> Undefined variable $userid
in APPPATH\Views\userhome.php on line 101.
 1 APPPATH\Views\userhome.php(101): CodeIgniter\Debug\Exceptions->errorHandler(2, 'Undefined variable $userid', 'C:\\xampp\\htdocs\\codeigniter\\app\\Views\\userhome.php', 101)
 2 SYSTEMPATH\View\View.php(213): include('C:\\xampp\\htdocs\\codeigniter\\app\\Views\\userhome.php')
 3 SYSTEMPATH\View\View.php(216): CodeIgniter\View\View->CodeIgniter\View\{closure}()
 4 SYSTEMPATH\Common.php(1184): CodeIgniter\View\View->render('userhome', [], true)
 5 APPPATH\Controllers\userhome.php(10): view('userhome')
 6 SYSTEMPATH\CodeIgniter.php(934): App\Controllers\userhome->index()
 7 SYSTEMPATH\CodeIgniter.php(499): CodeIgniter\CodeIgniter->runController(Object(App\Controllers\userhome))
 8 SYSTEMPATH\CodeIgniter.php(368): CodeIgniter\CodeIgniter->handleRequest(null, Object(Config\Cache), false)
 9 FCPATH\index.php(67): CodeIgniter\CodeIgniter->run()
CRITICAL - 2023-05-29 06:52:10 --> Undefined variable $userid
in APPPATH\Views\userhome.php on line 101.
 1 APPPATH\Views\userhome.php(101): CodeIgniter\Debug\Exceptions->errorHandler(2, 'Undefined variable $userid', 'C:\\xampp\\htdocs\\codeigniter\\app\\Views\\userhome.php', 101)
 2 SYSTEMPATH\View\View.php(213): include('C:\\xampp\\htdocs\\codeigniter\\app\\Views\\userhome.php')
 3 SYSTEMPATH\View\View.php(216): CodeIgniter\View\View->CodeIgniter\View\{closure}()
 4 SYSTEMPATH\Common.php(1184): CodeIgniter\View\View->render('userhome', [], true)
 5 APPPATH\Controllers\userhome.php(10): view('userhome')
 6 SYSTEMPATH\CodeIgniter.php(934): App\Controllers\userhome->index()
 7 SYSTEMPATH\CodeIgniter.php(499): CodeIgniter\CodeIgniter->runController(Object(App\Controllers\userhome))
 8 SYSTEMPATH\CodeIgniter.php(368): CodeIgniter\CodeIgniter->handleRequest(null, Object(Config\Cache), false)
 9 FCPATH\index.php(67): CodeIgniter\CodeIgniter->run()
CRITICAL - 2023-05-29 06:52:43 --> Class "App\Controllers\ProductModel" not found
in APPPATH\Controllers\userhome.php on line 26.
 1 SYSTEMPATH\CodeIgniter.php(934): App\Controllers\userhome->pdtsearch()
 2 SYSTEMPATH\CodeIgniter.php(499): CodeIgniter\CodeIgniter->runController(Object(App\Controllers\userhome))
 3 SYSTEMPATH\CodeIgniter.php(368): CodeIgniter\CodeIgniter->handleRequest(null, Object(Config\Cache), false)
 4 FCPATH\index.php(67): CodeIgniter\CodeIgniter->run()
CRITICAL - 2023-05-29 06:54:52 --> Undefined variable $userid
in APPPATH\Views\userhome.php on line 101.
 1 APPPATH\Views\userhome.php(101): CodeIgniter\Debug\Exceptions->errorHandler(2, 'Undefined variable $userid', 'C:\\xampp\\htdocs\\codeigniter\\app\\Views\\userhome.php', 101)
 2 SYSTEMPATH\View\View.php(213): include('C:\\xampp\\htdocs\\codeigniter\\app\\Views\\userhome.php')
 3 SYSTEMPATH\View\View.php(216): CodeIgniter\View\View->CodeIgniter\View\{closure}()
 4 SYSTEMPATH\Common.php(1184): CodeIgniter\View\View->render('userhome', [], true)
 5 APPPATH\Controllers\userhome.php(10): view('userhome')
 6 SYSTEMPATH\CodeIgniter.php(934): App\Controllers\userhome->index()
 7 SYSTEMPATH\CodeIgniter.php(499): CodeIgniter\CodeIgniter->runController(Object(App\Controllers\userhome))
 8 SYSTEMPATH\CodeIgniter.php(368): CodeIgniter\CodeIgniter->handleRequest(null, Object(Config\Cache), false)
 9 FCPATH\index.php(67): CodeIgniter\CodeIgniter->run()
CRITICAL - 2023-05-29 06:55:18 --> Class "App\Controllers\ProductModel" not found
in APPPATH\Controllers\userhome.php on line 26.
 1 SYSTEMPATH\CodeIgniter.php(934): App\Controllers\userhome->pdtsearch()
 2 SYSTEMPATH\CodeIgniter.php(499): CodeIgniter\CodeIgniter->runController(Object(App\Controllers\userhome))
 3 SYSTEMPATH\CodeIgniter.php(368): CodeIgniter\CodeIgniter->handleRequest(null, Object(Config\Cache), false)
 4 FCPATH\index.php(67): CodeIgniter\CodeIgniter->run()
CRITICAL - 2023-05-29 06:58:51 --> Undefined variable $userid
in APPPATH\Views\userhome.php on line 101.
 1 APPPATH\Views\userhome.php(101): CodeIgniter\Debug\Exceptions->errorHandler(2, 'Undefined variable $userid', 'C:\\xampp\\htdocs\\codeigniter\\app\\Views\\userhome.php', 101)
 2 SYSTEMPATH\View\View.php(213): include('C:\\xampp\\htdocs\\codeigniter\\app\\Views\\userhome.php')
 3 SYSTEMPATH\View\View.php(216): CodeIgniter\View\View->CodeIgniter\View\{closure}()
 4 SYSTEMPATH\Common.php(1184): CodeIgniter\View\View->render('userhome', [], true)
 5 APPPATH\Controllers\userhome.php(10): view('userhome')
 6 SYSTEMPATH\CodeIgniter.php(934): App\Controllers\userhome->index()
 7 SYSTEMPATH\CodeIgniter.php(499): CodeIgniter\CodeIgniter->runController(Object(App\Controllers\userhome))
 8 SYSTEMPATH\CodeIgniter.php(368): CodeIgniter\CodeIgniter->handleRequest(null, Object(Config\Cache), false)
 9 FCPATH\index.php(67): CodeIgniter\CodeIgniter->run()
CRITICAL - 2023-05-29 06:59:25 --> Class "App\Controllers\ProductModel" not found
in APPPATH\Controllers\userhome.php on line 26.
 1 SYSTEMPATH\CodeIgniter.php(934): App\Controllers\userhome->pdtsearch()
 2 SYSTEMPATH\CodeIgniter.php(499): CodeIgniter\CodeIgniter->runController(Object(App\Controllers\userhome))
 3 SYSTEMPATH\CodeIgniter.php(368): CodeIgniter\CodeIgniter->handleRequest(null, Object(Config\Cache), false)
 4 FCPATH\index.php(67): CodeIgniter\CodeIgniter->run()
CRITICAL - 2023-05-29 07:00:26 --> Undefined variable $userid
in APPPATH\Views\userhome.php on line 101.
 1 APPPATH\Views\userhome.php(101): CodeIgniter\Debug\Exceptions->errorHandler(2, 'Undefined variable $userid', 'C:\\xampp\\htdocs\\codeigniter\\app\\Views\\userhome.php', 101)
 2 SYSTEMPATH\View\View.php(213): include('C:\\xampp\\htdocs\\codeigniter\\app\\Views\\userhome.php')
 3 SYSTEMPATH\View\View.php(216): CodeIgniter\View\View->CodeIgniter\View\{closure}()
 4 SYSTEMPATH\Common.php(1184): CodeIgniter\View\View->render('userhome', [], true)
 5 APPPATH\Controllers\userhome.php(10): view('userhome')
 6 SYSTEMPATH\CodeIgniter.php(934): App\Controllers\userhome->index()
 7 SYSTEMPATH\CodeIgniter.php(499): CodeIgniter\CodeIgniter->runController(Object(App\Controllers\userhome))
 8 SYSTEMPATH\CodeIgniter.php(368): CodeIgniter\CodeIgniter->handleRequest(null, Object(Config\Cache), false)
 9 FCPATH\index.php(67): CodeIgniter\CodeIgniter->run()
CRITICAL - 2023-05-29 07:00:47 --> Class "App\Models\UserModel" not found
in APPPATH\Controllers\login.php on line 14.
 1 SYSTEMPATH\CodeIgniter.php(934): App\Controllers\login->login()
 2 SYSTEMPATH\CodeIgniter.php(499): CodeIgniter\CodeIgniter->runController(Object(App\Controllers\login))
 3 SYSTEMPATH\CodeIgniter.php(368): CodeIgniter\CodeIgniter->handleRequest(null, Object(Config\Cache), false)
 4 FCPATH\index.php(67): CodeIgniter\CodeIgniter->run()
CRITICAL - 2023-05-29 07:01:59 --> Class "App\Controllers\ProductModel" not found
in APPPATH\Controllers\userhome.php on line 26.
 1 SYSTEMPATH\CodeIgniter.php(934): App\Controllers\userhome->pdtsearch()
 2 SYSTEMPATH\CodeIgniter.php(499): CodeIgniter\CodeIgniter->runController(Object(App\Controllers\userhome))
 3 SYSTEMPATH\CodeIgniter.php(368): CodeIgniter\CodeIgniter->handleRequest(null, Object(Config\Cache), false)
 4 FCPATH\index.php(67): CodeIgniter\CodeIgniter->run()
CRITICAL - 2023-05-29 07:05:52 --> Undefined variable $userid
in APPPATH\Views\userhome.php on line 101.
 1 APPPATH\Views\userhome.php(101): CodeIgniter\Debug\Exceptions->errorHandler(2, 'Undefined variable $userid', 'C:\\xampp\\htdocs\\codeigniter\\app\\Views\\userhome.php', 101)
 2 SYSTEMPATH\View\View.php(213): include('C:\\xampp\\htdocs\\codeigniter\\app\\Views\\userhome.php')
 3 SYSTEMPATH\View\View.php(216): CodeIgniter\View\View->CodeIgniter\View\{closure}()
 4 SYSTEMPATH\Common.php(1184): CodeIgniter\View\View->render('userhome', [], true)
 5 APPPATH\Controllers\userhome.php(11): view('userhome')
 6 SYSTEMPATH\CodeIgniter.php(934): App\Controllers\userhome->index()
 7 SYSTEMPATH\CodeIgniter.php(499): CodeIgniter\CodeIgniter->runController(Object(App\Controllers\userhome))
 8 SYSTEMPATH\CodeIgniter.php(368): CodeIgniter\CodeIgniter->handleRequest(null, Object(Config\Cache), false)
 9 FCPATH\index.php(67): CodeIgniter\CodeIgniter->run()
ERROR - 2023-05-29 07:09:49 --> mysqli_sql_exception: Unknown column 'product.deleted_at' in 'where clause' in C:\xampp\htdocs\codeigniter\system\Database\MySQLi\Connection.php:295
Stack trace:
#0 C:\xampp\htdocs\codeigniter\system\Database\MySQLi\Connection.php(295): mysqli->query('SELECT *\nFROM `...', 0)
#1 C:\xampp\htdocs\codeigniter\system\Database\BaseConnection.php(692): CodeIgniter\Database\MySQLi\Connection->execute('SELECT *\nFROM `...')
#2 C:\xampp\htdocs\codeigniter\system\Database\BaseConnection.php(606): CodeIgniter\Database\BaseConnection->simpleQuery('SELECT *\nFROM `...')
#3 C:\xampp\htdocs\codeigniter\system\Database\BaseBuilder.php(1616): CodeIgniter\Database\BaseConnection->query('SELECT *\nFROM `...', Array, false)
#4 C:\xampp\htdocs\codeigniter\system\Model.php(241): CodeIgniter\Database\BaseBuilder->get()
#5 C:\xampp\htdocs\codeigniter\system\BaseModel.php(618): CodeIgniter\Model->doFindAll(0, 0)
#6 C:\xampp\htdocs\codeigniter\app\Controllers\userhome.php(33): CodeIgniter\BaseModel->findAll()
#7 C:\xampp\htdocs\codeigniter\system\CodeIgniter.php(934): App\Controllers\userhome->pdtsearch()
#8 C:\xampp\htdocs\codeigniter\system\CodeIgniter.php(499): CodeIgniter\CodeIgniter->runController(Object(App\Controllers\userhome))
#9 C:\xampp\htdocs\codeigniter\system\CodeIgniter.php(368): CodeIgniter\CodeIgniter->handleRequest(NULL, Object(Config\Cache), false)
#10 C:\xampp\htdocs\codeigniter\index.php(67): CodeIgniter\CodeIgniter->run()
#11 {main}
CRITICAL - 2023-05-29 07:09:49 --> Unknown column 'product.deleted_at' in 'where clause'
in SYSTEMPATH\Database\MySQLi\Connection.php on line 295.
 1 SYSTEMPATH\Database\MySQLi\Connection.php(295): mysqli->query('SELECT *
FROM `product`
WHERE `name` = \'gfgh\'
AND `product`.`deleted_at` IS NULL', 0)
 2 SYSTEMPATH\Database\BaseConnection.php(692): CodeIgniter\Database\MySQLi\Connection->execute('SELECT *
FROM `product`
WHERE `name` = \'gfgh\'
AND `product`.`deleted_at` IS NULL')
 3 SYSTEMPATH\Database\BaseConnection.php(606): CodeIgniter\Database\BaseConnection->simpleQuery('SELECT *
FROM `product`
WHERE `name` = \'gfgh\'
AND `product`.`deleted_at` IS NULL')
 4 SYSTEMPATH\Database\BaseBuilder.php(1616): CodeIgniter\Database\BaseConnection->query('SELECT *
FROM `product`
WHERE `name` = :name:
AND `product`.`deleted_at` IS NULL', [...], false)
 5 SYSTEMPATH\Model.php(241): CodeIgniter\Database\BaseBuilder->get()
 6 SYSTEMPATH\BaseModel.php(618): CodeIgniter\Model->doFindAll(0, 0)
 7 APPPATH\Controllers\userhome.php(33): CodeIgniter\BaseModel->findAll()
 8 SYSTEMPATH\CodeIgniter.php(934): App\Controllers\userhome->pdtsearch()
 9 SYSTEMPATH\CodeIgniter.php(499): CodeIgniter\CodeIgniter->runController(Object(App\Controllers\userhome))
10 SYSTEMPATH\CodeIgniter.php(368): CodeIgniter\CodeIgniter->handleRequest(null, Object(Config\Cache), false)
11 FCPATH\index.php(67): CodeIgniter\CodeIgniter->run()
ERROR - 2023-05-29 07:12:42 --> mysqli_sql_exception: Unknown column 'product.deleted_at' in 'where clause' in C:\xampp\htdocs\codeigniter\system\Database\MySQLi\Connection.php:295
Stack trace:
#0 C:\xampp\htdocs\codeigniter\system\Database\MySQLi\Connection.php(295): mysqli->query('SELECT *\nFROM `...', 0)
#1 C:\xampp\htdocs\codeigniter\system\Database\BaseConnection.php(692): CodeIgniter\Database\MySQLi\Connection->execute('SELECT *\nFROM `...')
#2 C:\xampp\htdocs\codeigniter\system\Database\BaseConnection.php(606): CodeIgniter\Database\BaseConnection->simpleQuery('SELECT *\nFROM `...')
#3 C:\xampp\htdocs\codeigniter\system\Database\BaseBuilder.php(1616): CodeIgniter\Database\BaseConnection->query('SELECT *\nFROM `...', Array, false)
#4 C:\xampp\htdocs\codeigniter\system\Model.php(203): CodeIgniter\Database\BaseBuilder->get()
#5 C:\xampp\htdocs\codeigniter\system\BaseModel.php(557): CodeIgniter\Model->doFind(false, NULL)
#6 C:\xampp\htdocs\codeigniter\app\Controllers\userhome.php(33): CodeIgniter\BaseModel->find()
#7 C:\xampp\htdocs\codeigniter\system\CodeIgniter.php(934): App\Controllers\userhome->pdtsearch()
#8 C:\xampp\htdocs\codeigniter\system\CodeIgniter.php(499): CodeIgniter\CodeIgniter->runController(Object(App\Controllers\userhome))
#9 C:\xampp\htdocs\codeigniter\system\CodeIgniter.php(368): CodeIgniter\CodeIgniter->handleRequest(NULL, Object(Config\Cache), false)
#10 C:\xampp\htdocs\codeigniter\index.php(67): CodeIgniter\CodeIgniter->run()
#11 {main}
CRITICAL - 2023-05-29 07:12:42 --> Unknown column 'product.deleted_at' in 'where clause'
in SYSTEMPATH\Database\MySQLi\Connection.php on line 295.
 1 SYSTEMPATH\Database\MySQLi\Connection.php(295): mysqli->query('SELECT *
FROM `product`
WHERE `name` = \'gfgh\'
AND `product`.`deleted_at` IS NULL', 0)
 2 SYSTEMPATH\Database\BaseConnection.php(692): CodeIgniter\Database\MySQLi\Connection->execute('SELECT *
FROM `product`
WHERE `name` = \'gfgh\'
AND `product`.`deleted_at` IS NULL')
 3 SYSTEMPATH\Database\BaseConnection.php(606): CodeIgniter\Database\BaseConnection->simpleQuery('SELECT *
FROM `product`
WHERE `name` = \'gfgh\'
AND `product`.`deleted_at` IS NULL')
 4 SYSTEMPATH\Database\BaseBuilder.php(1616): CodeIgniter\Database\BaseConnection->query('SELECT *
FROM `product`
WHERE `name` = :name:
AND `product`.`deleted_at` IS NULL', [...], false)
 5 SYSTEMPATH\Model.php(203): CodeIgniter\Database\BaseBuilder->get()
 6 SYSTEMPATH\BaseModel.php(557): CodeIgniter\Model->doFind(false, null)
 7 APPPATH\Controllers\userhome.php(33): CodeIgniter\BaseModel->find()
 8 SYSTEMPATH\CodeIgniter.php(934): App\Controllers\userhome->pdtsearch()
 9 SYSTEMPATH\CodeIgniter.php(499): CodeIgniter\CodeIgniter->runController(Object(App\Controllers\userhome))
10 SYSTEMPATH\CodeIgniter.php(368): CodeIgniter\CodeIgniter->handleRequest(null, Object(Config\Cache), false)
11 FCPATH\index.php(67): CodeIgniter\CodeIgniter->run()
CRITICAL - 2023-05-29 07:12:45 --> Undefined variable $userid
in APPPATH\Views\userhome.php on line 101.
 1 APPPATH\Views\userhome.php(101): CodeIgniter\Debug\Exceptions->errorHandler(2, 'Undefined variable $userid', 'C:\\xampp\\htdocs\\codeigniter\\app\\Views\\userhome.php', 101)
 2 SYSTEMPATH\View\View.php(213): include('C:\\xampp\\htdocs\\codeigniter\\app\\Views\\userhome.php')
 3 SYSTEMPATH\View\View.php(216): CodeIgniter\View\View->CodeIgniter\View\{closure}()
 4 SYSTEMPATH\Common.php(1184): CodeIgniter\View\View->render('userhome', [], true)
 5 APPPATH\Controllers\userhome.php(11): view('userhome')
 6 SYSTEMPATH\CodeIgniter.php(934): App\Controllers\userhome->index()
 7 SYSTEMPATH\CodeIgniter.php(499): CodeIgniter\CodeIgniter->runController(Object(App\Controllers\userhome))
 8 SYSTEMPATH\CodeIgniter.php(368): CodeIgniter\CodeIgniter->handleRequest(null, Object(Config\Cache), false)
 9 FCPATH\index.php(67): CodeIgniter\CodeIgniter->run()
ERROR - 2023-05-29 07:13:14 --> mysqli_sql_exception: Unknown column 'product.deleted_at' in 'where clause' in C:\xampp\htdocs\codeigniter\system\Database\MySQLi\Connection.php:295
Stack trace:
#0 C:\xampp\htdocs\codeigniter\system\Database\MySQLi\Connection.php(295): mysqli->query('SELECT *\nFROM `...', 0)
#1 C:\xampp\htdocs\codeigniter\system\Database\BaseConnection.php(692): CodeIgniter\Database\MySQLi\Connection->execute('SELECT *\nFROM `...')
#2 C:\xampp\htdocs\codeigniter\system\Database\BaseConnection.php(606): CodeIgniter\Database\BaseConnection->simpleQuery('SELECT *\nFROM `...')
#3 C:\xampp\htdocs\codeigniter\system\Database\BaseBuilder.php(1616): CodeIgniter\Database\BaseConnection->query('SELECT *\nFROM `...', Array, false)
#4 C:\xampp\htdocs\codeigniter\system\Model.php(203): CodeIgniter\Database\BaseBuilder->get()
#5 C:\xampp\htdocs\codeigniter\system\BaseModel.php(557): CodeIgniter\Model->doFind(false, NULL)
#6 C:\xampp\htdocs\codeigniter\app\Controllers\userhome.php(33): CodeIgniter\BaseModel->find()
#7 C:\xampp\htdocs\codeigniter\system\CodeIgniter.php(934): App\Controllers\userhome->pdtsearch()
#8 C:\xampp\htdocs\codeigniter\system\CodeIgniter.php(499): CodeIgniter\CodeIgniter->runController(Object(App\Controllers\userhome))
#9 C:\xampp\htdocs\codeigniter\system\CodeIgniter.php(368): CodeIgniter\CodeIgniter->handleRequest(NULL, Object(Config\Cache), false)
#10 C:\xampp\htdocs\codeigniter\index.php(67): CodeIgniter\CodeIgniter->run()
#11 {main}
CRITICAL - 2023-05-29 07:13:14 --> Unknown column 'product.deleted_at' in 'where clause'
in SYSTEMPATH\Database\MySQLi\Connection.php on line 295.
 1 SYSTEMPATH\Database\MySQLi\Connection.php(295): mysqli->query('SELECT *
FROM `product`
WHERE `name` = \'gfgh\'
AND `product`.`deleted_at` IS NULL', 0)
 2 SYSTEMPATH\Database\BaseConnection.php(692): CodeIgniter\Database\MySQLi\Connection->execute('SELECT *
FROM `product`
WHERE `name` = \'gfgh\'
AND `product`.`deleted_at` IS NULL')
 3 SYSTEMPATH\Database\BaseConnection.php(606): CodeIgniter\Database\BaseConnection->simpleQuery('SELECT *
FROM `product`
WHERE `name` = \'gfgh\'
AND `product`.`deleted_at` IS NULL')
 4 SYSTEMPATH\Database\BaseBuilder.php(1616): CodeIgniter\Database\BaseConnection->query('SELECT *
FROM `product`
WHERE `name` = :name:
AND `product`.`deleted_at` IS NULL', [...], false)
 5 SYSTEMPATH\Model.php(203): CodeIgniter\Database\BaseBuilder->get()
 6 SYSTEMPATH\BaseModel.php(557): CodeIgniter\Model->doFind(false, null)
 7 APPPATH\Controllers\userhome.php(33): CodeIgniter\BaseModel->find()
 8 SYSTEMPATH\CodeIgniter.php(934): App\Controllers\userhome->pdtsearch()
 9 SYSTEMPATH\CodeIgniter.php(499): CodeIgniter\CodeIgniter->runController(Object(App\Controllers\userhome))
10 SYSTEMPATH\CodeIgniter.php(368): CodeIgniter\CodeIgniter->handleRequest(null, Object(Config\Cache), false)
11 FCPATH\index.php(67): CodeIgniter\CodeIgniter->run()
ERROR - 2023-05-29 07:14:42 --> mysqli_sql_exception: Unknown column 'product.deleted_at' in 'where clause' in C:\xampp\htdocs\codeigniter\system\Database\MySQLi\Connection.php:295
Stack trace:
#0 C:\xampp\htdocs\codeigniter\system\Database\MySQLi\Connection.php(295): mysqli->query('SELECT *\nFROM `...', 0)
#1 C:\xampp\htdocs\codeigniter\system\Database\BaseConnection.php(692): CodeIgniter\Database\MySQLi\Connection->execute('SELECT *\nFROM `...')
#2 C:\xampp\htdocs\codeigniter\system\Database\BaseConnection.php(606): CodeIgniter\Database\BaseConnection->simpleQuery('SELECT *\nFROM `...')
#3 C:\xampp\htdocs\codeigniter\system\Database\BaseBuilder.php(1616): CodeIgniter\Database\BaseConnection->query('SELECT *\nFROM `...', Array, false)
#4 C:\xampp\htdocs\codeigniter\system\Model.php(203): CodeIgniter\Database\BaseBuilder->get()
#5 C:\xampp\htdocs\codeigniter\system\BaseModel.php(557): CodeIgniter\Model->doFind(false, NULL)
#6 C:\xampp\htdocs\codeigniter\app\Controllers\userhome.php(33): CodeIgniter\BaseModel->find()
#7 C:\xampp\htdocs\codeigniter\system\CodeIgniter.php(934): App\Controllers\userhome->pdtsearch()
#8 C:\xampp\htdocs\codeigniter\system\CodeIgniter.php(499): CodeIgniter\CodeIgniter->runController(Object(App\Controllers\userhome))
#9 C:\xampp\htdocs\codeigniter\system\CodeIgniter.php(368): CodeIgniter\CodeIgniter->handleRequest(NULL, Object(Config\Cache), false)
#10 C:\xampp\htdocs\codeigniter\index.php(67): CodeIgniter\CodeIgniter->run()
#11 {main}
CRITICAL - 2023-05-29 07:14:42 --> Unknown column 'product.deleted_at' in 'where clause'
in SYSTEMPATH\Database\MySQLi\Connection.php on line 295.
 1 SYSTEMPATH\Database\MySQLi\Connection.php(295): mysqli->query('SELECT *
FROM `product`
WHERE `name` = \'gfgh\'
AND `product`.`deleted_at` IS NULL', 0)
 2 SYSTEMPATH\Database\BaseConnection.php(692): CodeIgniter\Database\MySQLi\Connection->execute('SELECT *
FROM `product`
WHERE `name` = \'gfgh\'
AND `product`.`deleted_at` IS NULL')
 3 SYSTEMPATH\Database\BaseConnection.php(606): CodeIgniter\Database\BaseConnection->simpleQuery('SELECT *
FROM `product`
WHERE `name` = \'gfgh\'
AND `product`.`deleted_at` IS NULL')
 4 SYSTEMPATH\Database\BaseBuilder.php(1616): CodeIgniter\Database\BaseConnection->query('SELECT *
FROM `product`
WHERE `name` = :name:
AND `product`.`deleted_at` IS NULL', [...], false)
 5 SYSTEMPATH\Model.php(203): CodeIgniter\Database\BaseBuilder->get()
 6 SYSTEMPATH\BaseModel.php(557): CodeIgniter\Model->doFind(false, null)
 7 APPPATH\Controllers\userhome.php(33): CodeIgniter\BaseModel->find()
 8 SYSTEMPATH\CodeIgniter.php(934): App\Controllers\userhome->pdtsearch()
 9 SYSTEMPATH\CodeIgniter.php(499): CodeIgniter\CodeIgniter->runController(Object(App\Controllers\userhome))
10 SYSTEMPATH\CodeIgniter.php(368): CodeIgniter\CodeIgniter->handleRequest(null, Object(Config\Cache), false)
11 FCPATH\index.php(67): CodeIgniter\CodeIgniter->run()
CRITICAL - 2023-05-29 07:14:45 --> Undefined variable $userid
in APPPATH\Views\userhome.php on line 101.
 1 APPPATH\Views\userhome.php(101): CodeIgniter\Debug\Exceptions->errorHandler(2, 'Undefined variable $userid', 'C:\\xampp\\htdocs\\codeigniter\\app\\Views\\userhome.php', 101)
 2 SYSTEMPATH\View\View.php(213): include('C:\\xampp\\htdocs\\codeigniter\\app\\Views\\userhome.php')
 3 SYSTEMPATH\View\View.php(216): CodeIgniter\View\View->CodeIgniter\View\{closure}()
 4 SYSTEMPATH\Common.php(1184): CodeIgniter\View\View->render('userhome', [], true)
 5 APPPATH\Controllers\userhome.php(11): view('userhome')
 6 SYSTEMPATH\CodeIgniter.php(934): App\Controllers\userhome->index()
 7 SYSTEMPATH\CodeIgniter.php(499): CodeIgniter\CodeIgniter->runController(Object(App\Controllers\userhome))
 8 SYSTEMPATH\CodeIgniter.php(368): CodeIgniter\CodeIgniter->handleRequest(null, Object(Config\Cache), false)
 9 FCPATH\index.php(67): CodeIgniter\CodeIgniter->run()
ERROR - 2023-05-29 07:15:10 --> mysqli_sql_exception: Unknown column 'product.deleted_at' in 'where clause' in C:\xampp\htdocs\codeigniter\system\Database\MySQLi\Connection.php:295
Stack trace:
#0 C:\xampp\htdocs\codeigniter\system\Database\MySQLi\Connection.php(295): mysqli->query('SELECT *\nFROM `...', 0)
#1 C:\xampp\htdocs\codeigniter\system\Database\BaseConnection.php(692): CodeIgniter\Database\MySQLi\Connection->execute('SELECT *\nFROM `...')
#2 C:\xampp\htdocs\codeigniter\system\Database\BaseConnection.php(606): CodeIgniter\Database\BaseConnection->simpleQuery('SELECT *\nFROM `...')
#3 C:\xampp\htdocs\codeigniter\system\Database\BaseBuilder.php(1616): CodeIgniter\Database\BaseConnection->query('SELECT *\nFROM `...', Array, false)
#4 C:\xampp\htdocs\codeigniter\system\Model.php(203): CodeIgniter\Database\BaseBuilder->get()
#5 C:\xampp\htdocs\codeigniter\system\BaseModel.php(557): CodeIgniter\Model->doFind(false, NULL)
#6 C:\xampp\htdocs\codeigniter\app\Controllers\userhome.php(33): CodeIgniter\BaseModel->find()
#7 C:\xampp\htdocs\codeigniter\system\CodeIgniter.php(934): App\Controllers\userhome->pdtsearch()
#8 C:\xampp\htdocs\codeigniter\system\CodeIgniter.php(499): CodeIgniter\CodeIgniter->runController(Object(App\Controllers\userhome))
#9 C:\xampp\htdocs\codeigniter\system\CodeIgniter.php(368): CodeIgniter\CodeIgniter->handleRequest(NULL, Object(Config\Cache), false)
#10 C:\xampp\htdocs\codeigniter\index.php(67): CodeIgniter\CodeIgniter->run()
#11 {main}
CRITICAL - 2023-05-29 07:15:10 --> Unknown column 'product.deleted_at' in 'where clause'
in SYSTEMPATH\Database\MySQLi\Connection.php on line 295.
 1 SYSTEMPATH\Database\MySQLi\Connection.php(295): mysqli->query('SELECT *
FROM `product`
WHERE `name` = \'gfgh\'
AND `product`.`deleted_at` IS NULL', 0)
 2 SYSTEMPATH\Database\BaseConnection.php(692): CodeIgniter\Database\MySQLi\Connection->execute('SELECT *
FROM `product`
WHERE `name` = \'gfgh\'
AND `product`.`deleted_at` IS NULL')
 3 SYSTEMPATH\Database\BaseConnection.php(606): CodeIgniter\Database\BaseConnection->simpleQuery('SELECT *
FROM `product`
WHERE `name` = \'gfgh\'
AND `product`.`deleted_at` IS NULL')
 4 SYSTEMPATH\Database\BaseBuilder.php(1616): CodeIgniter\Database\BaseConnection->query('SELECT *
FROM `product`
WHERE `name` = :name:
AND `product`.`deleted_at` IS NULL', [...], false)
 5 SYSTEMPATH\Model.php(203): CodeIgniter\Database\BaseBuilder->get()
 6 SYSTEMPATH\BaseModel.php(557): CodeIgniter\Model->doFind(false, null)
 7 APPPATH\Controllers\userhome.php(33): CodeIgniter\BaseModel->find()
 8 SYSTEMPATH\CodeIgniter.php(934): App\Controllers\userhome->pdtsearch()
 9 SYSTEMPATH\CodeIgniter.php(499): CodeIgniter\CodeIgniter->runController(Object(App\Controllers\userhome))
10 SYSTEMPATH\CodeIgniter.php(368): CodeIgniter\CodeIgniter->handleRequest(null, Object(Config\Cache), false)
11 FCPATH\index.php(67): CodeIgniter\CodeIgniter->run()
ERROR - 2023-05-29 07:15:40 --> mysqli_sql_exception: Unknown column 'product.deleted_at' in 'where clause' in C:\xampp\htdocs\codeigniter\system\Database\MySQLi\Connection.php:295
Stack trace:
#0 C:\xampp\htdocs\codeigniter\system\Database\MySQLi\Connection.php(295): mysqli->query('SELECT *\nFROM `...', 0)
#1 C:\xampp\htdocs\codeigniter\system\Database\BaseConnection.php(692): CodeIgniter\Database\MySQLi\Connection->execute('SELECT *\nFROM `...')
#2 C:\xampp\htdocs\codeigniter\system\Database\BaseConnection.php(606): CodeIgniter\Database\BaseConnection->simpleQuery('SELECT *\nFROM `...')
#3 C:\xampp\htdocs\codeigniter\system\Database\BaseBuilder.php(1616): CodeIgniter\Database\BaseConnection->query('SELECT *\nFROM `...', Array, false)
#4 C:\xampp\htdocs\codeigniter\system\Model.php(268): CodeIgniter\Database\BaseBuilder->get()
#5 C:\xampp\htdocs\codeigniter\system\BaseModel.php(656): CodeIgniter\Model->doFirst()
#6 C:\xampp\htdocs\codeigniter\app\Controllers\userhome.php(33): CodeIgniter\BaseModel->first()
#7 C:\xampp\htdocs\codeigniter\system\CodeIgniter.php(934): App\Controllers\userhome->pdtsearch()
#8 C:\xampp\htdocs\codeigniter\system\CodeIgniter.php(499): CodeIgniter\CodeIgniter->runController(Object(App\Controllers\userhome))
#9 C:\xampp\htdocs\codeigniter\system\CodeIgniter.php(368): CodeIgniter\CodeIgniter->handleRequest(NULL, Object(Config\Cache), false)
#10 C:\xampp\htdocs\codeigniter\index.php(67): CodeIgniter\CodeIgniter->run()
#11 {main}
CRITICAL - 2023-05-29 07:15:40 --> Unknown column 'product.deleted_at' in 'where clause'
in SYSTEMPATH\Database\MySQLi\Connection.php on line 295.
 1 SYSTEMPATH\Database\MySQLi\Connection.php(295): mysqli->query('SELECT *
FROM `product`
WHERE `name` = \'gfgh\'
AND `product`.`deleted_at` IS NULL
 LIMIT 1', 0)
 2 SYSTEMPATH\Database\BaseConnection.php(692): CodeIgniter\Database\MySQLi\Connection->execute('SELECT *
FROM `product`
WHERE `name` = \'gfgh\'
AND `product`.`deleted_at` IS NULL
 LIMIT 1')
 3 SYSTEMPATH\Database\BaseConnection.php(606): CodeIgniter\Database\BaseConnection->simpleQuery('SELECT *
FROM `product`
WHERE `name` = \'gfgh\'
AND `product`.`deleted_at` IS NULL
 LIMIT 1')
 4 SYSTEMPATH\Database\BaseBuilder.php(1616): CodeIgniter\Database\BaseConnection->query('SELECT *
FROM `product`
WHERE `name` = :name:
AND `product`.`deleted_at` IS NULL
 LIMIT 1', [...], false)
 5 SYSTEMPATH\Model.php(268): CodeIgniter\Database\BaseBuilder->get()
 6 SYSTEMPATH\BaseModel.php(656): CodeIgniter\Model->doFirst()
 7 APPPATH\Controllers\userhome.php(33): CodeIgniter\BaseModel->first()
 8 SYSTEMPATH\CodeIgniter.php(934): App\Controllers\userhome->pdtsearch()
 9 SYSTEMPATH\CodeIgniter.php(499): CodeIgniter\CodeIgniter->runController(Object(App\Controllers\userhome))
10 SYSTEMPATH\CodeIgniter.php(368): CodeIgniter\CodeIgniter->handleRequest(null, Object(Config\Cache), false)
11 FCPATH\index.php(67): CodeIgniter\CodeIgniter->run()
ERROR - 2023-05-29 07:17:06 --> mysqli_sql_exception: Unknown column 'product.deleted_at' in 'where clause' in C:\xampp\htdocs\codeigniter\system\Database\MySQLi\Connection.php:295
Stack trace:
#0 C:\xampp\htdocs\codeigniter\system\Database\MySQLi\Connection.php(295): mysqli->query('SELECT *\nFROM `...', 0)
#1 C:\xampp\htdocs\codeigniter\system\Database\BaseConnection.php(692): CodeIgniter\Database\MySQLi\Connection->execute('SELECT *\nFROM `...')
#2 C:\xampp\htdocs\codeigniter\system\Database\BaseConnection.php(606): CodeIgniter\Database\BaseConnection->simpleQuery('SELECT *\nFROM `...')
#3 C:\xampp\htdocs\codeigniter\system\Database\BaseBuilder.php(1616): CodeIgniter\Database\BaseConnection->query('SELECT *\nFROM `...', Array, false)
#4 C:\xampp\htdocs\codeigniter\system\Model.php(268): CodeIgniter\Database\BaseBuilder->get()
#5 C:\xampp\htdocs\codeigniter\system\BaseModel.php(656): CodeIgniter\Model->doFirst()
#6 C:\xampp\htdocs\codeigniter\app\Controllers\userhome.php(35): CodeIgniter\BaseModel->first()
#7 C:\xampp\htdocs\codeigniter\system\CodeIgniter.php(934): App\Controllers\userhome->pdtsearch()
#8 C:\xampp\htdocs\codeigniter\system\CodeIgniter.php(499): CodeIgniter\CodeIgniter->runController(Object(App\Controllers\userhome))
#9 C:\xampp\htdocs\codeigniter\system\CodeIgniter.php(368): CodeIgniter\CodeIgniter->handleRequest(NULL, Object(Config\Cache), false)
#10 C:\xampp\htdocs\codeigniter\index.php(67): CodeIgniter\CodeIgniter->run()
#11 {main}
CRITICAL - 2023-05-29 07:17:06 --> Unknown column 'product.deleted_at' in 'where clause'
in SYSTEMPATH\Database\MySQLi\Connection.php on line 295.
 1 SYSTEMPATH\Database\MySQLi\Connection.php(295): mysqli->query('SELECT *
FROM `product`
WHERE `name` = \'gfgh\'
AND `product`.`deleted_at` IS NULL
 LIMIT 1', 0)
 2 SYSTEMPATH\Database\BaseConnection.php(692): CodeIgniter\Database\MySQLi\Connection->execute('SELECT *
FROM `product`
WHERE `name` = \'gfgh\'
AND `product`.`deleted_at` IS NULL
 LIMIT 1')
 3 SYSTEMPATH\Database\BaseConnection.php(606): CodeIgniter\Database\BaseConnection->simpleQuery('SELECT *
FROM `product`
WHERE `name` = \'gfgh\'
AND `product`.`deleted_at` IS NULL
 LIMIT 1')
 4 SYSTEMPATH\Database\BaseBuilder.php(1616): CodeIgniter\Database\BaseConnection->query('SELECT *
FROM `product`
WHERE `name` = :name:
AND `product`.`deleted_at` IS NULL
 LIMIT 1', [...], false)
 5 SYSTEMPATH\Model.php(268): CodeIgniter\Database\BaseBuilder->get()
 6 SYSTEMPATH\BaseModel.php(656): CodeIgniter\Model->doFirst()
 7 APPPATH\Controllers\userhome.php(35): CodeIgniter\BaseModel->first()
 8 SYSTEMPATH\CodeIgniter.php(934): App\Controllers\userhome->pdtsearch()
 9 SYSTEMPATH\CodeIgniter.php(499): CodeIgniter\CodeIgniter->runController(Object(App\Controllers\userhome))
10 SYSTEMPATH\CodeIgniter.php(368): CodeIgniter\CodeIgniter->handleRequest(null, Object(Config\Cache), false)
11 FCPATH\index.php(67): CodeIgniter\CodeIgniter->run()
ERROR - 2023-05-29 07:18:19 --> mysqli_sql_exception: Unknown column 'product.deleted_at' in 'where clause' in C:\xampp\htdocs\codeigniter\system\Database\MySQLi\Connection.php:295
Stack trace:
#0 C:\xampp\htdocs\codeigniter\system\Database\MySQLi\Connection.php(295): mysqli->query('SELECT *\nFROM `...', 0)
#1 C:\xampp\htdocs\codeigniter\system\Database\BaseConnection.php(692): CodeIgniter\Database\MySQLi\Connection->execute('SELECT *\nFROM `...')
#2 C:\xampp\htdocs\codeigniter\system\Database\BaseConnection.php(606): CodeIgniter\Database\BaseConnection->simpleQuery('SELECT *\nFROM `...')
#3 C:\xampp\htdocs\codeigniter\system\Database\BaseBuilder.php(1616): CodeIgniter\Database\BaseConnection->query('SELECT *\nFROM `...', Array, false)
#4 C:\xampp\htdocs\codeigniter\system\Model.php(241): CodeIgniter\Database\BaseBuilder->get()
#5 C:\xampp\htdocs\codeigniter\system\BaseModel.php(618): CodeIgniter\Model->doFindAll(0, 0)
#6 C:\xampp\htdocs\codeigniter\app\Controllers\userhome.php(35): CodeIgniter\BaseModel->findAll()
#7 C:\xampp\htdocs\codeigniter\system\CodeIgniter.php(934): App\Controllers\userhome->pdtsearch()
#8 C:\xampp\htdocs\codeigniter\system\CodeIgniter.php(499): CodeIgniter\CodeIgniter->runController(Object(App\Controllers\userhome))
#9 C:\xampp\htdocs\codeigniter\system\CodeIgniter.php(368): CodeIgniter\CodeIgniter->handleRequest(NULL, Object(Config\Cache), false)
#10 C:\xampp\htdocs\codeigniter\index.php(67): CodeIgniter\CodeIgniter->run()
#11 {main}
CRITICAL - 2023-05-29 07:18:19 --> Unknown column 'product.deleted_at' in 'where clause'
in SYSTEMPATH\Database\MySQLi\Connection.php on line 295.
 1 SYSTEMPATH\Database\MySQLi\Connection.php(295): mysqli->query('SELECT *
FROM `product`
WHERE `name` = \'gfgh\'
AND `product`.`deleted_at` IS NULL', 0)
 2 SYSTEMPATH\Database\BaseConnection.php(692): CodeIgniter\Database\MySQLi\Connection->execute('SELECT *
FROM `product`
WHERE `name` = \'gfgh\'
AND `product`.`deleted_at` IS NULL')
 3 SYSTEMPATH\Database\BaseConnection.php(606): CodeIgniter\Database\BaseConnection->simpleQuery('SELECT *
FROM `product`
WHERE `name` = \'gfgh\'
AND `product`.`deleted_at` IS NULL')
 4 SYSTEMPATH\Database\BaseBuilder.php(1616): CodeIgniter\Database\BaseConnection->query('SELECT *
FROM `product`
WHERE `name` = :name:
AND `product`.`deleted_at` IS NULL', [...], false)
 5 SYSTEMPATH\Model.php(241): CodeIgniter\Database\BaseBuilder->get()
 6 SYSTEMPATH\BaseModel.php(618): CodeIgniter\Model->doFindAll(0, 0)
 7 APPPATH\Controllers\userhome.php(35): CodeIgniter\BaseModel->findAll()
 8 SYSTEMPATH\CodeIgniter.php(934): App\Controllers\userhome->pdtsearch()
 9 SYSTEMPATH\CodeIgniter.php(499): CodeIgniter\CodeIgniter->runController(Object(App\Controllers\userhome))
10 SYSTEMPATH\CodeIgniter.php(368): CodeIgniter\CodeIgniter->handleRequest(null, Object(Config\Cache), false)
11 FCPATH\index.php(67): CodeIgniter\CodeIgniter->run()
ERROR - 2023-05-29 07:19:27 --> mysqli_sql_exception: Unknown column 'product.deleted_at' in 'where clause' in C:\xampp\htdocs\codeigniter\system\Database\MySQLi\Connection.php:295
Stack trace:
#0 C:\xampp\htdocs\codeigniter\system\Database\MySQLi\Connection.php(295): mysqli->query('SELECT *\nFROM `...', 0)
#1 C:\xampp\htdocs\codeigniter\system\Database\BaseConnection.php(692): CodeIgniter\Database\MySQLi\Connection->execute('SELECT *\nFROM `...')
#2 C:\xampp\htdocs\codeigniter\system\Database\BaseConnection.php(606): CodeIgniter\Database\BaseConnection->simpleQuery('SELECT *\nFROM `...')
#3 C:\xampp\htdocs\codeigniter\system\Database\BaseBuilder.php(1616): CodeIgniter\Database\BaseConnection->query('SELECT *\nFROM `...', Array, false)
#4 C:\xampp\htdocs\codeigniter\system\Model.php(241): CodeIgniter\Database\BaseBuilder->get()
#5 C:\xampp\htdocs\codeigniter\system\BaseModel.php(618): CodeIgniter\Model->doFindAll(0, 0)
#6 C:\xampp\htdocs\codeigniter\app\Controllers\userhome.php(35): CodeIgniter\BaseModel->findAll()
#7 C:\xampp\htdocs\codeigniter\system\CodeIgniter.php(934): App\Controllers\userhome->pdtsearch()
#8 C:\xampp\htdocs\codeigniter\system\CodeIgniter.php(499): CodeIgniter\CodeIgniter->runController(Object(App\Controllers\userhome))
#9 C:\xampp\htdocs\codeigniter\system\CodeIgniter.php(368): CodeIgniter\CodeIgniter->handleRequest(NULL, Object(Config\Cache), false)
#10 C:\xampp\htdocs\codeigniter\index.php(67): CodeIgniter\CodeIgniter->run()
#11 {main}
CRITICAL - 2023-05-29 07:19:27 --> Unknown column 'product.deleted_at' in 'where clause'
in SYSTEMPATH\Database\MySQLi\Connection.php on line 295.
 1 SYSTEMPATH\Database\MySQLi\Connection.php(295): mysqli->query('SELECT *
FROM `product`
WHERE `name` = \'gfgh\'
AND `product`.`deleted_at` IS NULL', 0)
 2 SYSTEMPATH\Database\BaseConnection.php(692): CodeIgniter\Database\MySQLi\Connection->execute('SELECT *
FROM `product`
WHERE `name` = \'gfgh\'
AND `product`.`deleted_at` IS NULL')
 3 SYSTEMPATH\Database\BaseConnection.php(606): CodeIgniter\Database\BaseConnection->simpleQuery('SELECT *
FROM `product`
WHERE `name` = \'gfgh\'
AND `product`.`deleted_at` IS NULL')
 4 SYSTEMPATH\Database\BaseBuilder.php(1616): CodeIgniter\Database\BaseConnection->query('SELECT *
FROM `product`
WHERE `name` = :name:
AND `product`.`deleted_at` IS NULL', [...], false)
 5 SYSTEMPATH\Model.php(241): CodeIgniter\Database\BaseBuilder->get()
 6 SYSTEMPATH\BaseModel.php(618): CodeIgniter\Model->doFindAll(0, 0)
 7 APPPATH\Controllers\userhome.php(35): CodeIgniter\BaseModel->findAll()
 8 SYSTEMPATH\CodeIgniter.php(934): App\Controllers\userhome->pdtsearch()
 9 SYSTEMPATH\CodeIgniter.php(499): CodeIgniter\CodeIgniter->runController(Object(App\Controllers\userhome))
10 SYSTEMPATH\CodeIgniter.php(368): CodeIgniter\CodeIgniter->handleRequest(null, Object(Config\Cache), false)
11 FCPATH\index.php(67): CodeIgniter\CodeIgniter->run()
CRITICAL - 2023-05-29 07:19:29 --> Undefined variable $userid
in APPPATH\Views\userhome.php on line 101.
 1 APPPATH\Views\userhome.php(101): CodeIgniter\Debug\Exceptions->errorHandler(2, 'Undefined variable $userid', 'C:\\xampp\\htdocs\\codeigniter\\app\\Views\\userhome.php', 101)
 2 SYSTEMPATH\View\View.php(213): include('C:\\xampp\\htdocs\\codeigniter\\app\\Views\\userhome.php')
 3 SYSTEMPATH\View\View.php(216): CodeIgniter\View\View->CodeIgniter\View\{closure}()
 4 SYSTEMPATH\Common.php(1184): CodeIgniter\View\View->render('userhome', [], true)
 5 APPPATH\Controllers\userhome.php(11): view('userhome')
 6 SYSTEMPATH\CodeIgniter.php(934): App\Controllers\userhome->index()
 7 SYSTEMPATH\CodeIgniter.php(499): CodeIgniter\CodeIgniter->runController(Object(App\Controllers\userhome))
 8 SYSTEMPATH\CodeIgniter.php(368): CodeIgniter\CodeIgniter->handleRequest(null, Object(Config\Cache), false)
 9 FCPATH\index.php(67): CodeIgniter\CodeIgniter->run()
ERROR - 2023-05-29 07:19:58 --> mysqli_sql_exception: Unknown column 'product.deleted_at' in 'where clause' in C:\xampp\htdocs\codeigniter\system\Database\MySQLi\Connection.php:295
Stack trace:
#0 C:\xampp\htdocs\codeigniter\system\Database\MySQLi\Connection.php(295): mysqli->query('SELECT *\nFROM `...', 0)
#1 C:\xampp\htdocs\codeigniter\system\Database\BaseConnection.php(692): CodeIgniter\Database\MySQLi\Connection->execute('SELECT *\nFROM `...')
#2 C:\xampp\htdocs\codeigniter\system\Database\BaseConnection.php(606): CodeIgniter\Database\BaseConnection->simpleQuery('SELECT *\nFROM `...')
#3 C:\xampp\htdocs\codeigniter\system\Database\BaseBuilder.php(1616): CodeIgniter\Database\BaseConnection->query('SELECT *\nFROM `...', Array, false)
#4 C:\xampp\htdocs\codeigniter\system\Model.php(241): CodeIgniter\Database\BaseBuilder->get()
#5 C:\xampp\htdocs\codeigniter\system\BaseModel.php(618): CodeIgniter\Model->doFindAll(0, 0)
#6 C:\xampp\htdocs\codeigniter\app\Controllers\userhome.php(35): CodeIgniter\BaseModel->findAll()
#7 C:\xampp\htdocs\codeigniter\system\CodeIgniter.php(934): App\Controllers\userhome->pdtsearch()
#8 C:\xampp\htdocs\codeigniter\system\CodeIgniter.php(499): CodeIgniter\CodeIgniter->runController(Object(App\Controllers\userhome))
#9 C:\xampp\htdocs\codeigniter\system\CodeIgniter.php(368): CodeIgniter\CodeIgniter->handleRequest(NULL, Object(Config\Cache), false)
#10 C:\xampp\htdocs\codeigniter\index.php(67): CodeIgniter\CodeIgniter->run()
#11 {main}
CRITICAL - 2023-05-29 07:19:58 --> Unknown column 'product.deleted_at' in 'where clause'
in SYSTEMPATH\Database\MySQLi\Connection.php on line 295.
 1 SYSTEMPATH\Database\MySQLi\Connection.php(295): mysqli->query('SELECT *
FROM `product`
WHERE `name` = \'gfgh\'
AND `product`.`deleted_at` IS NULL', 0)
 2 SYSTEMPATH\Database\BaseConnection.php(692): CodeIgniter\Database\MySQLi\Connection->execute('SELECT *
FROM `product`
WHERE `name` = \'gfgh\'
AND `product`.`deleted_at` IS NULL')
 3 SYSTEMPATH\Database\BaseConnection.php(606): CodeIgniter\Database\BaseConnection->simpleQuery('SELECT *
FROM `product`
WHERE `name` = \'gfgh\'
AND `product`.`deleted_at` IS NULL')
 4 SYSTEMPATH\Database\BaseBuilder.php(1616): CodeIgniter\Database\BaseConnection->query('SELECT *
FROM `product`
WHERE `name` = :name:
AND `product`.`deleted_at` IS NULL', [...], false)
 5 SYSTEMPATH\Model.php(241): CodeIgniter\Database\BaseBuilder->get()
 6 SYSTEMPATH\BaseModel.php(618): CodeIgniter\Model->doFindAll(0, 0)
 7 APPPATH\Controllers\userhome.php(35): CodeIgniter\BaseModel->findAll()
 8 SYSTEMPATH\CodeIgniter.php(934): App\Controllers\userhome->pdtsearch()
 9 SYSTEMPATH\CodeIgniter.php(499): CodeIgniter\CodeIgniter->runController(Object(App\Controllers\userhome))
10 SYSTEMPATH\CodeIgniter.php(368): CodeIgniter\CodeIgniter->handleRequest(null, Object(Config\Cache), false)
11 FCPATH\index.php(67): CodeIgniter\CodeIgniter->run()
ERROR - 2023-05-29 07:20:50 --> mysqli_sql_exception: Unknown column 'product.deleted_at' in 'where clause' in C:\xampp\htdocs\codeigniter\system\Database\MySQLi\Connection.php:295
Stack trace:
#0 C:\xampp\htdocs\codeigniter\system\Database\MySQLi\Connection.php(295): mysqli->query('SELECT *\nFROM `...', 0)
#1 C:\xampp\htdocs\codeigniter\system\Database\BaseConnection.php(692): CodeIgniter\Database\MySQLi\Connection->execute('SELECT *\nFROM `...')
#2 C:\xampp\htdocs\codeigniter\system\Database\BaseConnection.php(606): CodeIgniter\Database\BaseConnection->simpleQuery('SELECT *\nFROM `...')
#3 C:\xampp\htdocs\codeigniter\system\Database\BaseBuilder.php(1616): CodeIgniter\Database\BaseConnection->query('SELECT *\nFROM `...', Array, false)
#4 C:\xampp\htdocs\codeigniter\system\Model.php(241): CodeIgniter\Database\BaseBuilder->get()
#5 C:\xampp\htdocs\codeigniter\system\BaseModel.php(618): CodeIgniter\Model->doFindAll(0, 0)
#6 C:\xampp\htdocs\codeigniter\app\Controllers\userhome.php(35): CodeIgniter\BaseModel->findAll()
#7 C:\xampp\htdocs\codeigniter\system\CodeIgniter.php(934): App\Controllers\userhome->pdtsearch()
#8 C:\xampp\htdocs\codeigniter\system\CodeIgniter.php(499): CodeIgniter\CodeIgniter->runController(Object(App\Controllers\userhome))
#9 C:\xampp\htdocs\codeigniter\system\CodeIgniter.php(368): CodeIgniter\CodeIgniter->handleRequest(NULL, Object(Config\Cache), false)
#10 C:\xampp\htdocs\codeigniter\index.php(67): CodeIgniter\CodeIgniter->run()
#11 {main}
CRITICAL - 2023-05-29 07:20:50 --> Unknown column 'product.deleted_at' in 'where clause'
in SYSTEMPATH\Database\MySQLi\Connection.php on line 295.
 1 SYSTEMPATH\Database\MySQLi\Connection.php(295): mysqli->query('SELECT *
FROM `product`
WHERE `name` = \'gfgh\'
AND `product`.`deleted_at` IS NULL', 0)
 2 SYSTEMPATH\Database\BaseConnection.php(692): CodeIgniter\Database\MySQLi\Connection->execute('SELECT *
FROM `product`
WHERE `name` = \'gfgh\'
AND `product`.`deleted_at` IS NULL')
 3 SYSTEMPATH\Database\BaseConnection.php(606): CodeIgniter\Database\BaseConnection->simpleQuery('SELECT *
FROM `product`
WHERE `name` = \'gfgh\'
AND `product`.`deleted_at` IS NULL')
 4 SYSTEMPATH\Database\BaseBuilder.php(1616): CodeIgniter\Database\BaseConnection->query('SELECT *
FROM `product`
WHERE `name` = :name:
AND `product`.`deleted_at` IS NULL', [...], false)
 5 SYSTEMPATH\Model.php(241): CodeIgniter\Database\BaseBuilder->get()
 6 SYSTEMPATH\BaseModel.php(618): CodeIgniter\Model->doFindAll(0, 0)
 7 APPPATH\Controllers\userhome.php(35): CodeIgniter\BaseModel->findAll()
 8 SYSTEMPATH\CodeIgniter.php(934): App\Controllers\userhome->pdtsearch()
 9 SYSTEMPATH\CodeIgniter.php(499): CodeIgniter\CodeIgniter->runController(Object(App\Controllers\userhome))
10 SYSTEMPATH\CodeIgniter.php(368): CodeIgniter\CodeIgniter->handleRequest(null, Object(Config\Cache), false)
11 FCPATH\index.php(67): CodeIgniter\CodeIgniter->run()
CRITICAL - 2023-05-29 07:20:53 --> Undefined variable $userid
in APPPATH\Views\userhome.php on line 101.
 1 APPPATH\Views\userhome.php(101): CodeIgniter\Debug\Exceptions->errorHandler(2, 'Undefined variable $userid', 'C:\\xampp\\htdocs\\codeigniter\\app\\Views\\userhome.php', 101)
 2 SYSTEMPATH\View\View.php(213): include('C:\\xampp\\htdocs\\codeigniter\\app\\Views\\userhome.php')
 3 SYSTEMPATH\View\View.php(216): CodeIgniter\View\View->CodeIgniter\View\{closure}()
 4 SYSTEMPATH\Common.php(1184): CodeIgniter\View\View->render('userhome', [], true)
 5 APPPATH\Controllers\userhome.php(11): view('userhome')
 6 SYSTEMPATH\CodeIgniter.php(934): App\Controllers\userhome->index()
 7 SYSTEMPATH\CodeIgniter.php(499): CodeIgniter\CodeIgniter->runController(Object(App\Controllers\userhome))
 8 SYSTEMPATH\CodeIgniter.php(368): CodeIgniter\CodeIgniter->handleRequest(null, Object(Config\Cache), false)
 9 FCPATH\index.php(67): CodeIgniter\CodeIgniter->run()
ERROR - 2023-05-29 07:21:25 --> mysqli_sql_exception: Unknown column 'product.deleted_at' in 'where clause' in C:\xampp\htdocs\codeigniter\system\Database\MySQLi\Connection.php:295
Stack trace:
#0 C:\xampp\htdocs\codeigniter\system\Database\MySQLi\Connection.php(295): mysqli->query('SELECT *\nFROM `...', 0)
#1 C:\xampp\htdocs\codeigniter\system\Database\BaseConnection.php(692): CodeIgniter\Database\MySQLi\Connection->execute('SELECT *\nFROM `...')
#2 C:\xampp\htdocs\codeigniter\system\Database\BaseConnection.php(606): CodeIgniter\Database\BaseConnection->simpleQuery('SELECT *\nFROM `...')
#3 C:\xampp\htdocs\codeigniter\system\Database\BaseBuilder.php(1616): CodeIgniter\Database\BaseConnection->query('SELECT *\nFROM `...', Array, false)
#4 C:\xampp\htdocs\codeigniter\system\Model.php(241): CodeIgniter\Database\BaseBuilder->get()
#5 C:\xampp\htdocs\codeigniter\system\BaseModel.php(618): CodeIgniter\Model->doFindAll(0, 0)
#6 C:\xampp\htdocs\codeigniter\app\Controllers\userhome.php(35): CodeIgniter\BaseModel->findAll()
#7 C:\xampp\htdocs\codeigniter\system\CodeIgniter.php(934): App\Controllers\userhome->pdtsearch()
#8 C:\xampp\htdocs\codeigniter\system\CodeIgniter.php(499): CodeIgniter\CodeIgniter->runController(Object(App\Controllers\userhome))
#9 C:\xampp\htdocs\codeigniter\system\CodeIgniter.php(368): CodeIgniter\CodeIgniter->handleRequest(NULL, Object(Config\Cache), false)
#10 C:\xampp\htdocs\codeigniter\index.php(67): CodeIgniter\CodeIgniter->run()
#11 {main}
CRITICAL - 2023-05-29 07:21:25 --> Unknown column 'product.deleted_at' in 'where clause'
in SYSTEMPATH\Database\MySQLi\Connection.php on line 295.
 1 SYSTEMPATH\Database\MySQLi\Connection.php(295): mysqli->query('SELECT *
FROM `product`
WHERE `name` = \'gfgh\'
AND `product`.`deleted_at` IS NULL', 0)
 2 SYSTEMPATH\Database\BaseConnection.php(692): CodeIgniter\Database\MySQLi\Connection->execute('SELECT *
FROM `product`
WHERE `name` = \'gfgh\'
AND `product`.`deleted_at` IS NULL')
 3 SYSTEMPATH\Database\BaseConnection.php(606): CodeIgniter\Database\BaseConnection->simpleQuery('SELECT *
FROM `product`
WHERE `name` = \'gfgh\'
AND `product`.`deleted_at` IS NULL')
 4 SYSTEMPATH\Database\BaseBuilder.php(1616): CodeIgniter\Database\BaseConnection->query('SELECT *
FROM `product`
WHERE `name` = :name:
AND `product`.`deleted_at` IS NULL', [...], false)
 5 SYSTEMPATH\Model.php(241): CodeIgniter\Database\BaseBuilder->get()
 6 SYSTEMPATH\BaseModel.php(618): CodeIgniter\Model->doFindAll(0, 0)
 7 APPPATH\Controllers\userhome.php(35): CodeIgniter\BaseModel->findAll()
 8 SYSTEMPATH\CodeIgniter.php(934): App\Controllers\userhome->pdtsearch()
 9 SYSTEMPATH\CodeIgniter.php(499): CodeIgniter\CodeIgniter->runController(Object(App\Controllers\userhome))
10 SYSTEMPATH\CodeIgniter.php(368): CodeIgniter\CodeIgniter->handleRequest(null, Object(Config\Cache), false)
11 FCPATH\index.php(67): CodeIgniter\CodeIgniter->run()
ERROR - 2023-05-29 07:24:32 --> mysqli_sql_exception: Unknown column 'product.deleted_at' in 'where clause' in C:\xampp\htdocs\codeigniter\system\Database\MySQLi\Connection.php:295
Stack trace:
#0 C:\xampp\htdocs\codeigniter\system\Database\MySQLi\Connection.php(295): mysqli->query('SELECT *\nFROM `...', 0)
#1 C:\xampp\htdocs\codeigniter\system\Database\BaseConnection.php(692): CodeIgniter\Database\MySQLi\Connection->execute('SELECT *\nFROM `...')
#2 C:\xampp\htdocs\codeigniter\system\Database\BaseConnection.php(606): CodeIgniter\Database\BaseConnection->simpleQuery('SELECT *\nFROM `...')
#3 C:\xampp\htdocs\codeigniter\system\Database\BaseBuilder.php(1616): CodeIgniter\Database\BaseConnection->query('SELECT *\nFROM `...', Array, false)
#4 C:\xampp\htdocs\codeigniter\system\Model.php(268): CodeIgniter\Database\BaseBuilder->get()
#5 C:\xampp\htdocs\codeigniter\system\BaseModel.php(656): CodeIgniter\Model->doFirst()
#6 C:\xampp\htdocs\codeigniter\app\Controllers\userhome.php(33): CodeIgniter\BaseModel->first()
#7 C:\xampp\htdocs\codeigniter\system\CodeIgniter.php(934): App\Controllers\userhome->pdtsearch()
#8 C:\xampp\htdocs\codeigniter\system\CodeIgniter.php(499): CodeIgniter\CodeIgniter->runController(Object(App\Controllers\userhome))
#9 C:\xampp\htdocs\codeigniter\system\CodeIgniter.php(368): CodeIgniter\CodeIgniter->handleRequest(NULL, Object(Config\Cache), false)
#10 C:\xampp\htdocs\codeigniter\index.php(67): CodeIgniter\CodeIgniter->run()
#11 {main}
CRITICAL - 2023-05-29 07:24:32 --> Unknown column 'product.deleted_at' in 'where clause'
in SYSTEMPATH\Database\MySQLi\Connection.php on line 295.
 1 SYSTEMPATH\Database\MySQLi\Connection.php(295): mysqli->query('SELECT *
FROM `product`
WHERE `name` = \'gfgh\'
AND `product`.`deleted_at` IS NULL
 LIMIT 1', 0)
 2 SYSTEMPATH\Database\BaseConnection.php(692): CodeIgniter\Database\MySQLi\Connection->execute('SELECT *
FROM `product`
WHERE `name` = \'gfgh\'
AND `product`.`deleted_at` IS NULL
 LIMIT 1')
 3 SYSTEMPATH\Database\BaseConnection.php(606): CodeIgniter\Database\BaseConnection->simpleQuery('SELECT *
FROM `product`
WHERE `name` = \'gfgh\'
AND `product`.`deleted_at` IS NULL
 LIMIT 1')
 4 SYSTEMPATH\Database\BaseBuilder.php(1616): CodeIgniter\Database\BaseConnection->query('SELECT *
FROM `product`
WHERE `name` = :name:
AND `product`.`deleted_at` IS NULL
 LIMIT 1', [...], false)
 5 SYSTEMPATH\Model.php(268): CodeIgniter\Database\BaseBuilder->get()
 6 SYSTEMPATH\BaseModel.php(656): CodeIgniter\Model->doFirst()
 7 APPPATH\Controllers\userhome.php(33): CodeIgniter\BaseModel->first()
 8 SYSTEMPATH\CodeIgniter.php(934): App\Controllers\userhome->pdtsearch()
 9 SYSTEMPATH\CodeIgniter.php(499): CodeIgniter\CodeIgniter->runController(Object(App\Controllers\userhome))
10 SYSTEMPATH\CodeIgniter.php(368): CodeIgniter\CodeIgniter->handleRequest(null, Object(Config\Cache), false)
11 FCPATH\index.php(67): CodeIgniter\CodeIgniter->run()
CRITICAL - 2023-05-29 07:24:34 --> Undefined variable $userid
in APPPATH\Views\userhome.php on line 101.
 1 APPPATH\Views\userhome.php(101): CodeIgniter\Debug\Exceptions->errorHandler(2, 'Undefined variable $userid', 'C:\\xampp\\htdocs\\codeigniter\\app\\Views\\userhome.php', 101)
 2 SYSTEMPATH\View\View.php(213): include('C:\\xampp\\htdocs\\codeigniter\\app\\Views\\userhome.php')
 3 SYSTEMPATH\View\View.php(216): CodeIgniter\View\View->CodeIgniter\View\{closure}()
 4 SYSTEMPATH\Common.php(1184): CodeIgniter\View\View->render('userhome', [], true)
 5 APPPATH\Controllers\userhome.php(11): view('userhome')
 6 SYSTEMPATH\CodeIgniter.php(934): App\Controllers\userhome->index()
 7 SYSTEMPATH\CodeIgniter.php(499): CodeIgniter\CodeIgniter->runController(Object(App\Controllers\userhome))
 8 SYSTEMPATH\CodeIgniter.php(368): CodeIgniter\CodeIgniter->handleRequest(null, Object(Config\Cache), false)
 9 FCPATH\index.php(67): CodeIgniter\CodeIgniter->run()
ERROR - 2023-05-29 07:25:35 --> mysqli_sql_exception: Unknown column 'product.deleted_at' in 'where clause' in C:\xampp\htdocs\codeigniter\system\Database\MySQLi\Connection.php:295
Stack trace:
#0 C:\xampp\htdocs\codeigniter\system\Database\MySQLi\Connection.php(295): mysqli->query('SELECT *\nFROM `...', 0)
#1 C:\xampp\htdocs\codeigniter\system\Database\BaseConnection.php(692): CodeIgniter\Database\MySQLi\Connection->execute('SELECT *\nFROM `...')
#2 C:\xampp\htdocs\codeigniter\system\Database\BaseConnection.php(606): CodeIgniter\Database\BaseConnection->simpleQuery('SELECT *\nFROM `...')
#3 C:\xampp\htdocs\codeigniter\system\Database\BaseBuilder.php(1616): CodeIgniter\Database\BaseConnection->query('SELECT *\nFROM `...', Array, false)
#4 C:\xampp\htdocs\codeigniter\system\Model.php(268): CodeIgniter\Database\BaseBuilder->get()
#5 C:\xampp\htdocs\codeigniter\system\BaseModel.php(656): CodeIgniter\Model->doFirst()
#6 C:\xampp\htdocs\codeigniter\app\Controllers\userhome.php(33): CodeIgniter\BaseModel->first()
#7 C:\xampp\htdocs\codeigniter\system\CodeIgniter.php(934): App\Controllers\userhome->pdtsearch()
#8 C:\xampp\htdocs\codeigniter\system\CodeIgniter.php(499): CodeIgniter\CodeIgniter->runController(Object(App\Controllers\userhome))
#9 C:\xampp\htdocs\codeigniter\system\CodeIgniter.php(368): CodeIgniter\CodeIgniter->handleRequest(NULL, Object(Config\Cache), false)
#10 C:\xampp\htdocs\codeigniter\index.php(67): CodeIgniter\CodeIgniter->run()
#11 {main}
CRITICAL - 2023-05-29 07:25:35 --> Unknown column 'product.deleted_at' in 'where clause'
in SYSTEMPATH\Database\MySQLi\Connection.php on line 295.
 1 SYSTEMPATH\Database\MySQLi\Connection.php(295): mysqli->query('SELECT *
FROM `product`
WHERE `name` = \'gfgh\'
AND `product`.`deleted_at` IS NULL
 LIMIT 1', 0)
 2 SYSTEMPATH\Database\BaseConnection.php(692): CodeIgniter\Database\MySQLi\Connection->execute('SELECT *
FROM `product`
WHERE `name` = \'gfgh\'
AND `product`.`deleted_at` IS NULL
 LIMIT 1')
 3 SYSTEMPATH\Database\BaseConnection.php(606): CodeIgniter\Database\BaseConnection->simpleQuery('SELECT *
FROM `product`
WHERE `name` = \'gfgh\'
AND `product`.`deleted_at` IS NULL
 LIMIT 1')
 4 SYSTEMPATH\Database\BaseBuilder.php(1616): CodeIgniter\Database\BaseConnection->query('SELECT *
FROM `product`
WHERE `name` = :name:
AND `product`.`deleted_at` IS NULL
 LIMIT 1', [...], false)
 5 SYSTEMPATH\Model.php(268): CodeIgniter\Database\BaseBuilder->get()
 6 SYSTEMPATH\BaseModel.php(656): CodeIgniter\Model->doFirst()
 7 APPPATH\Controllers\userhome.php(33): CodeIgniter\BaseModel->first()
 8 SYSTEMPATH\CodeIgniter.php(934): App\Controllers\userhome->pdtsearch()
 9 SYSTEMPATH\CodeIgniter.php(499): CodeIgniter\CodeIgniter->runController(Object(App\Controllers\userhome))
10 SYSTEMPATH\CodeIgniter.php(368): CodeIgniter\CodeIgniter->handleRequest(null, Object(Config\Cache), false)
11 FCPATH\index.php(67): CodeIgniter\CodeIgniter->run()
CRITICAL - 2023-05-29 07:30:58 --> Undefined variable $productData
in APPPATH\Views\pdtsearch.php on line 36.
 1 APPPATH\Views\pdtsearch.php(36): CodeIgniter\Debug\Exceptions->errorHandler(2, 'Undefined variable $productData', 'C:\\xampp\\htdocs\\codeigniter\\app\\Views\\pdtsearch.php', 36)
 2 SYSTEMPATH\View\View.php(213): include('C:\\xampp\\htdocs\\codeigniter\\app\\Views\\pdtsearch.php')
 3 SYSTEMPATH\View\View.php(216): CodeIgniter\View\View->CodeIgniter\View\{closure}()
 4 SYSTEMPATH\Common.php(1184): CodeIgniter\View\View->render('pdtsearch', [], true)
 5 APPPATH\Controllers\pdtsearch.php(11): view('pdtsearch')
 6 SYSTEMPATH\CodeIgniter.php(934): App\Controllers\pdtsearch->index()
 7 SYSTEMPATH\CodeIgniter.php(499): CodeIgniter\CodeIgniter->runController(Object(App\Controllers\pdtsearch))
 8 SYSTEMPATH\CodeIgniter.php(368): CodeIgniter\CodeIgniter->handleRequest(null, Object(Config\Cache), false)
 9 FCPATH\index.php(67): CodeIgniter\CodeIgniter->run()
CRITICAL - 2023-05-29 07:38:45 --> Undefined variable $productData
in APPPATH\Views\pdtsearch.php on line 36.
 1 APPPATH\Views\pdtsearch.php(36): CodeIgniter\Debug\Exceptions->errorHandler(2, 'Undefined variable $productData', 'C:\\xampp\\htdocs\\codeigniter\\app\\Views\\pdtsearch.php', 36)
 2 SYSTEMPATH\View\View.php(213): include('C:\\xampp\\htdocs\\codeigniter\\app\\Views\\pdtsearch.php')
 3 SYSTEMPATH\View\View.php(216): CodeIgniter\View\View->CodeIgniter\View\{closure}()
 4 SYSTEMPATH\Common.php(1184): CodeIgniter\View\View->render('pdtsearch', [], true)
 5 APPPATH\Controllers\pdtsearch.php(11): view('pdtsearch')
 6 SYSTEMPATH\CodeIgniter.php(934): App\Controllers\pdtsearch->index()
 7 SYSTEMPATH\CodeIgniter.php(499): CodeIgniter\CodeIgniter->runController(Object(App\Controllers\pdtsearch))
 8 SYSTEMPATH\CodeIgniter.php(368): CodeIgniter\CodeIgniter->handleRequest(null, Object(Config\Cache), false)
 9 FCPATH\index.php(67): CodeIgniter\CodeIgniter->run()
CRITICAL - 2023-05-29 10:28:19 --> Undefined variable $userid
in APPPATH\Views\userhome.php on line 101.
 1 APPPATH\Views\userhome.php(101): CodeIgniter\Debug\Exceptions->errorHandler(2, 'Undefined variable $userid', 'C:\\xampp\\htdocs\\codeigniter\\app\\Views\\userhome.php', 101)
 2 SYSTEMPATH\View\View.php(213): include('C:\\xampp\\htdocs\\codeigniter\\app\\Views\\userhome.php')
 3 SYSTEMPATH\View\View.php(216): CodeIgniter\View\View->CodeIgniter\View\{closure}()
 4 SYSTEMPATH\Common.php(1184): CodeIgniter\View\View->render('userhome', [], true)
 5 APPPATH\Controllers\userhome.php(11): view('userhome')
 6 SYSTEMPATH\CodeIgniter.php(934): App\Controllers\userhome->index()
 7 SYSTEMPATH\CodeIgniter.php(499): CodeIgniter\CodeIgniter->runController(Object(App\Controllers\userhome))
 8 SYSTEMPATH\CodeIgniter.php(368): CodeIgniter\CodeIgniter->handleRequest(null, Object(Config\Cache), false)
 9 FCPATH\index.php(67): CodeIgniter\CodeIgniter->run()
CRITICAL - 2023-05-29 10:34:10 --> Undefined variable $userData
in APPPATH\Views\userprofile.php on line 18.
 1 APPPATH\Views\userprofile.php(18): CodeIgniter\Debug\Exceptions->errorHandler(2, 'Undefined variable $userData', 'C:\\xampp\\htdocs\\codeigniter\\app\\Views\\userprofile.php', 18)
 2 SYSTEMPATH\View\View.php(213): include('C:\\xampp\\htdocs\\codeigniter\\app\\Views\\userprofile.php')
 3 SYSTEMPATH\View\View.php(216): CodeIgniter\View\View->CodeIgniter\View\{closure}()
 4 SYSTEMPATH\Common.php(1184): CodeIgniter\View\View->render('userprofile', [], true)
 5 APPPATH\Controllers\userprofile.php(22): view('userprofile')
 6 SYSTEMPATH\CodeIgniter.php(934): App\Controllers\userprofile->userprofilel()
 7 SYSTEMPATH\CodeIgniter.php(499): CodeIgniter\CodeIgniter->runController(Object(App\Controllers\userprofile))
 8 SYSTEMPATH\CodeIgniter.php(368): CodeIgniter\CodeIgniter->handleRequest(null, Object(Config\Cache), false)
 9 FCPATH\index.php(67): CodeIgniter\CodeIgniter->run()
CRITICAL - 2023-05-29 10:39:49 --> Undefined variable $userid
in APPPATH\Views\userhome.php on line 101.
 1 APPPATH\Views\userhome.php(101): CodeIgniter\Debug\Exceptions->errorHandler(2, 'Undefined variable $userid', 'C:\\xampp\\htdocs\\codeigniter\\app\\Views\\userhome.php', 101)
 2 SYSTEMPATH\View\View.php(213): include('C:\\xampp\\htdocs\\codeigniter\\app\\Views\\userhome.php')
 3 SYSTEMPATH\View\View.php(216): CodeIgniter\View\View->CodeIgniter\View\{closure}()
 4 SYSTEMPATH\Common.php(1184): CodeIgniter\View\View->render('userhome', [], true)
 5 APPPATH\Controllers\userhome.php(11): view('userhome')
 6 SYSTEMPATH\CodeIgniter.php(934): App\Controllers\userhome->index()
 7 SYSTEMPATH\CodeIgniter.php(499): CodeIgniter\CodeIgniter->runController(Object(App\Controllers\userhome))
 8 SYSTEMPATH\CodeIgniter.php(368): CodeIgniter\CodeIgniter->handleRequest(null, Object(Config\Cache), false)
 9 FCPATH\index.php(67): CodeIgniter\CodeIgniter->run()
CRITICAL - 2023-05-29 10:40:03 --> Undefined variable $userid
in APPPATH\Views\userhome.php on line 101.
 1 APPPATH\Views\userhome.php(101): CodeIgniter\Debug\Exceptions->errorHandler(2, 'Undefined variable $userid', 'C:\\xampp\\htdocs\\codeigniter\\app\\Views\\userhome.php', 101)
 2 SYSTEMPATH\View\View.php(213): include('C:\\xampp\\htdocs\\codeigniter\\app\\Views\\userhome.php')
 3 SYSTEMPATH\View\View.php(216): CodeIgniter\View\View->CodeIgniter\View\{closure}()
 4 SYSTEMPATH\Common.php(1184): CodeIgniter\View\View->render('userhome', [], true)
 5 APPPATH\Controllers\userhome.php(11): view('userhome')
 6 SYSTEMPATH\CodeIgniter.php(934): App\Controllers\userhome->index()
 7 SYSTEMPATH\CodeIgniter.php(499): CodeIgniter\CodeIgniter->runController(Object(App\Controllers\userhome))
 8 SYSTEMPATH\CodeIgniter.php(368): CodeIgniter\CodeIgniter->handleRequest(null, Object(Config\Cache), false)
 9 FCPATH\index.php(67): CodeIgniter\CodeIgniter->run()
CRITICAL - 2023-05-29 10:40:12 --> Undefined variable $userid
in APPPATH\Views\userhome.php on line 101.
 1 APPPATH\Views\userhome.php(101): CodeIgniter\Debug\Exceptions->errorHandler(2, 'Undefined variable $userid', 'C:\\xampp\\htdocs\\codeigniter\\app\\Views\\userhome.php', 101)
 2 SYSTEMPATH\View\View.php(213): include('C:\\xampp\\htdocs\\codeigniter\\app\\Views\\userhome.php')
 3 SYSTEMPATH\View\View.php(216): CodeIgniter\View\View->CodeIgniter\View\{closure}()
 4 SYSTEMPATH\Common.php(1184): CodeIgniter\View\View->render('userhome', [], true)
 5 APPPATH\Controllers\userhome.php(11): view('userhome')
 6 SYSTEMPATH\CodeIgniter.php(934): App\Controllers\userhome->index()
 7 SYSTEMPATH\CodeIgniter.php(499): CodeIgniter\CodeIgniter->runController(Object(App\Controllers\userhome))
 8 SYSTEMPATH\CodeIgniter.php(368): CodeIgniter\CodeIgniter->handleRequest(null, Object(Config\Cache), false)
 9 FCPATH\index.php(67): CodeIgniter\CodeIgniter->run()
CRITICAL - 2023-05-29 10:47:49 --> Undefined variable $userData
in APPPATH\Views\editprofile.php on line 31.
 1 APPPATH\Views\editprofile.php(31): CodeIgniter\Debug\Exceptions->errorHandler(2, 'Undefined variable $userData', 'C:\\xampp\\htdocs\\codeigniter\\app\\Views\\editprofile.php', 31)
 2 SYSTEMPATH\View\View.php(213): include('C:\\xampp\\htdocs\\codeigniter\\app\\Views\\editprofile.php')
 3 SYSTEMPATH\View\View.php(216): CodeIgniter\View\View->CodeIgniter\View\{closure}()
 4 SYSTEMPATH\Common.php(1184): CodeIgniter\View\View->render('editprofile', [], true)
 5 APPPATH\Controllers\editprofile.php(10): view('editprofile')
 6 SYSTEMPATH\CodeIgniter.php(934): App\Controllers\editprofile->index()
 7 SYSTEMPATH\CodeIgniter.php(499): CodeIgniter\CodeIgniter->runController(Object(App\Controllers\editprofile))
 8 SYSTEMPATH\CodeIgniter.php(368): CodeIgniter\CodeIgniter->handleRequest(null, Object(Config\Cache), false)
 9 FCPATH\index.php(67): CodeIgniter\CodeIgniter->run()
CRITICAL - 2023-05-29 10:47:57 --> Undefined variable $userData
in APPPATH\Views\editprofile.php on line 31.
 1 APPPATH\Views\editprofile.php(31): CodeIgniter\Debug\Exceptions->errorHandler(2, 'Undefined variable $userData', 'C:\\xampp\\htdocs\\codeigniter\\app\\Views\\editprofile.php', 31)
 2 SYSTEMPATH\View\View.php(213): include('C:\\xampp\\htdocs\\codeigniter\\app\\Views\\editprofile.php')
 3 SYSTEMPATH\View\View.php(216): CodeIgniter\View\View->CodeIgniter\View\{closure}()
 4 SYSTEMPATH\Common.php(1184): CodeIgniter\View\View->render('editprofile', [], true)
 5 APPPATH\Controllers\editprofile.php(10): view('editprofile')
 6 SYSTEMPATH\CodeIgniter.php(934): App\Controllers\editprofile->index()
 7 SYSTEMPATH\CodeIgniter.php(499): CodeIgniter\CodeIgniter->runController(Object(App\Controllers\editprofile))
 8 SYSTEMPATH\CodeIgniter.php(368): CodeIgniter\CodeIgniter->handleRequest(null, Object(Config\Cache), false)
 9 FCPATH\index.php(67): CodeIgniter\CodeIgniter->run()
CRITICAL - 2023-05-29 11:14:20 --> Undefined variable $userData
in APPPATH\Views\editprofile.php on line 31.
 1 APPPATH\Views\editprofile.php(31): CodeIgniter\Debug\Exceptions->errorHandler(2, 'Undefined variable $userData', 'C:\\xampp\\htdocs\\codeigniter\\app\\Views\\editprofile.php', 31)
 2 SYSTEMPATH\View\View.php(213): include('C:\\xampp\\htdocs\\codeigniter\\app\\Views\\editprofile.php')
 3 SYSTEMPATH\View\View.php(216): CodeIgniter\View\View->CodeIgniter\View\{closure}()
 4 SYSTEMPATH\Common.php(1184): CodeIgniter\View\View->render('editprofile', [], true)
 5 APPPATH\Controllers\editprofile.php(10): view('editprofile')
 6 SYSTEMPATH\CodeIgniter.php(934): App\Controllers\editprofile->index()
 7 SYSTEMPATH\CodeIgniter.php(499): CodeIgniter\CodeIgniter->runController(Object(App\Controllers\editprofile))
 8 SYSTEMPATH\CodeIgniter.php(368): CodeIgniter\CodeIgniter->handleRequest(null, Object(Config\Cache), false)
 9 FCPATH\index.php(67): CodeIgniter\CodeIgniter->run()
CRITICAL - 2023-05-29 11:14:21 --> Undefined variable $userData
in APPPATH\Views\editprofile.php on line 31.
 1 APPPATH\Views\editprofile.php(31): CodeIgniter\Debug\Exceptions->errorHandler(2, 'Undefined variable $userData', 'C:\\xampp\\htdocs\\codeigniter\\app\\Views\\editprofile.php', 31)
 2 SYSTEMPATH\View\View.php(213): include('C:\\xampp\\htdocs\\codeigniter\\app\\Views\\editprofile.php')
 3 SYSTEMPATH\View\View.php(216): CodeIgniter\View\View->CodeIgniter\View\{closure}()
 4 SYSTEMPATH\Common.php(1184): CodeIgniter\View\View->render('editprofile', [], true)
 5 APPPATH\Controllers\editprofile.php(10): view('editprofile')
 6 SYSTEMPATH\CodeIgniter.php(934): App\Controllers\editprofile->index()
 7 SYSTEMPATH\CodeIgniter.php(499): CodeIgniter\CodeIgniter->runController(Object(App\Controllers\editprofile))
 8 SYSTEMPATH\CodeIgniter.php(368): CodeIgniter\CodeIgniter->handleRequest(null, Object(Config\Cache), false)
 9 FCPATH\index.php(67): CodeIgniter\CodeIgniter->run()
CRITICAL - 2023-05-29 11:14:25 --> Undefined variable $userid
in APPPATH\Views\userhome.php on line 101.
 1 APPPATH\Views\userhome.php(101): CodeIgniter\Debug\Exceptions->errorHandler(2, 'Undefined variable $userid', 'C:\\xampp\\htdocs\\codeigniter\\app\\Views\\userhome.php', 101)
 2 SYSTEMPATH\View\View.php(213): include('C:\\xampp\\htdocs\\codeigniter\\app\\Views\\userhome.php')
 3 SYSTEMPATH\View\View.php(216): CodeIgniter\View\View->CodeIgniter\View\{closure}()
 4 SYSTEMPATH\Common.php(1184): CodeIgniter\View\View->render('userhome', [], true)
 5 APPPATH\Controllers\userhome.php(11): view('userhome')
 6 SYSTEMPATH\CodeIgniter.php(934): App\Controllers\userhome->index()
 7 SYSTEMPATH\CodeIgniter.php(499): CodeIgniter\CodeIgniter->runController(Object(App\Controllers\userhome))
 8 SYSTEMPATH\CodeIgniter.php(368): CodeIgniter\CodeIgniter->handleRequest(null, Object(Config\Cache), false)
 9 FCPATH\index.php(67): CodeIgniter\CodeIgniter->run()
CRITICAL - 2023-05-29 11:17:22 --> Call to a member function where() on bool
in APPPATH\Controllers\editprofile.php on line 24.
 1 SYSTEMPATH\CodeIgniter.php(934): App\Controllers\editprofile->editprofile()
 2 SYSTEMPATH\CodeIgniter.php(499): CodeIgniter\CodeIgniter->runController(Object(App\Controllers\editprofile))
 3 SYSTEMPATH\CodeIgniter.php(368): CodeIgniter\CodeIgniter->handleRequest(null, Object(Config\Cache), false)
 4 FCPATH\index.php(67): CodeIgniter\CodeIgniter->run()
CRITICAL - 2023-05-29 11:40:22 --> Call to a member function where() on bool
in APPPATH\Controllers\editprofile.php on line 24.
 1 SYSTEMPATH\CodeIgniter.php(934): App\Controllers\editprofile->editprofile()
 2 SYSTEMPATH\CodeIgniter.php(499): CodeIgniter\CodeIgniter->runController(Object(App\Controllers\editprofile))
 3 SYSTEMPATH\CodeIgniter.php(368): CodeIgniter\CodeIgniter->handleRequest(null, Object(Config\Cache), false)
 4 FCPATH\index.php(67): CodeIgniter\CodeIgniter->run()
CRITICAL - 2023-05-29 11:40:25 --> Undefined variable $userData
in APPPATH\Views\editprofile.php on line 31.
 1 APPPATH\Views\editprofile.php(31): CodeIgniter\Debug\Exceptions->errorHandler(2, 'Undefined variable $userData', 'C:\\xampp\\htdocs\\codeigniter\\app\\Views\\editprofile.php', 31)
 2 SYSTEMPATH\View\View.php(213): include('C:\\xampp\\htdocs\\codeigniter\\app\\Views\\editprofile.php')
 3 SYSTEMPATH\View\View.php(216): CodeIgniter\View\View->CodeIgniter\View\{closure}()
 4 SYSTEMPATH\Common.php(1184): CodeIgniter\View\View->render('editprofile', [], true)
 5 APPPATH\Controllers\editprofile.php(10): view('editprofile')
 6 SYSTEMPATH\CodeIgniter.php(934): App\Controllers\editprofile->index()
 7 SYSTEMPATH\CodeIgniter.php(499): CodeIgniter\CodeIgniter->runController(Object(App\Controllers\editprofile))
 8 SYSTEMPATH\CodeIgniter.php(368): CodeIgniter\CodeIgniter->handleRequest(null, Object(Config\Cache), false)
 9 FCPATH\index.php(67): CodeIgniter\CodeIgniter->run()
CRITICAL - 2023-05-29 11:40:27 --> Undefined variable $userid
in APPPATH\Views\userhome.php on line 101.
 1 APPPATH\Views\userhome.php(101): CodeIgniter\Debug\Exceptions->errorHandler(2, 'Undefined variable $userid', 'C:\\xampp\\htdocs\\codeigniter\\app\\Views\\userhome.php', 101)
 2 SYSTEMPATH\View\View.php(213): include('C:\\xampp\\htdocs\\codeigniter\\app\\Views\\userhome.php')
 3 SYSTEMPATH\View\View.php(216): CodeIgniter\View\View->CodeIgniter\View\{closure}()
 4 SYSTEMPATH\Common.php(1184): CodeIgniter\View\View->render('userhome', [], true)
 5 APPPATH\Controllers\userhome.php(11): view('userhome')
 6 SYSTEMPATH\CodeIgniter.php(934): App\Controllers\userhome->index()
 7 SYSTEMPATH\CodeIgniter.php(499): CodeIgniter\CodeIgniter->runController(Object(App\Controllers\userhome))
 8 SYSTEMPATH\CodeIgniter.php(368): CodeIgniter\CodeIgniter->handleRequest(null, Object(Config\Cache), false)
 9 FCPATH\index.php(67): CodeIgniter\CodeIgniter->run()
ERROR - 2023-05-29 11:41:11 --> mysqli_sql_exception: Table 'product' is marked as crashed and should be repaired in C:\xampp\htdocs\codeigniter\system\Database\MySQLi\Connection.php:295
Stack trace:
#0 C:\xampp\htdocs\codeigniter\system\Database\MySQLi\Connection.php(295): mysqli->query('SELECT *\nFROM `...', 0)
#1 C:\xampp\htdocs\codeigniter\system\Database\BaseConnection.php(692): CodeIgniter\Database\MySQLi\Connection->execute('SELECT *\nFROM `...')
#2 C:\xampp\htdocs\codeigniter\system\Database\BaseConnection.php(606): CodeIgniter\Database\BaseConnection->simpleQuery('SELECT *\nFROM `...')
#3 C:\xampp\htdocs\codeigniter\system\Database\BaseBuilder.php(1616): CodeIgniter\Database\BaseConnection->query('SELECT *\nFROM `...', Array, false)
#4 C:\xampp\htdocs\codeigniter\system\Model.php(241): CodeIgniter\Database\BaseBuilder->get()
#5 C:\xampp\htdocs\codeigniter\system\BaseModel.php(618): CodeIgniter\Model->doFindAll(0, 0)
#6 C:\xampp\htdocs\codeigniter\app\Controllers\userhome.php(33): CodeIgniter\BaseModel->findAll()
#7 C:\xampp\htdocs\codeigniter\system\CodeIgniter.php(934): App\Controllers\userhome->pdtsearch()
#8 C:\xampp\htdocs\codeigniter\system\CodeIgniter.php(499): CodeIgniter\CodeIgniter->runController(Object(App\Controllers\userhome))
#9 C:\xampp\htdocs\codeigniter\system\CodeIgniter.php(368): CodeIgniter\CodeIgniter->handleRequest(NULL, Object(Config\Cache), false)
#10 C:\xampp\htdocs\codeigniter\index.php(67): CodeIgniter\CodeIgniter->run()
#11 {main}
CRITICAL - 2023-05-29 11:41:11 --> Table 'product' is marked as crashed and should be repaired
in SYSTEMPATH\Database\MySQLi\Connection.php on line 295.
 1 SYSTEMPATH\Database\MySQLi\Connection.php(295): mysqli->query('SELECT *
FROM `product`
WHERE `name` = \'gfgh\'
AND `product`.`deleted_at` IS NULL', 0)
 2 SYSTEMPATH\Database\BaseConnection.php(692): CodeIgniter\Database\MySQLi\Connection->execute('SELECT *
FROM `product`
WHERE `name` = \'gfgh\'
AND `product`.`deleted_at` IS NULL')
 3 SYSTEMPATH\Database\BaseConnection.php(606): CodeIgniter\Database\BaseConnection->simpleQuery('SELECT *
FROM `product`
WHERE `name` = \'gfgh\'
AND `product`.`deleted_at` IS NULL')
 4 SYSTEMPATH\Database\BaseBuilder.php(1616): CodeIgniter\Database\BaseConnection->query('SELECT *
FROM `product`
WHERE `name` = :name:
AND `product`.`deleted_at` IS NULL', [...], false)
 5 SYSTEMPATH\Model.php(241): CodeIgniter\Database\BaseBuilder->get()
 6 SYSTEMPATH\BaseModel.php(618): CodeIgniter\Model->doFindAll(0, 0)
 7 APPPATH\Controllers\userhome.php(33): CodeIgniter\BaseModel->findAll()
 8 SYSTEMPATH\CodeIgniter.php(934): App\Controllers\userhome->pdtsearch()
 9 SYSTEMPATH\CodeIgniter.php(499): CodeIgniter\CodeIgniter->runController(Object(App\Controllers\userhome))
10 SYSTEMPATH\CodeIgniter.php(368): CodeIgniter\CodeIgniter->handleRequest(null, Object(Config\Cache), false)
11 FCPATH\index.php(67): CodeIgniter\CodeIgniter->run()
