CRITICAL - 2023-05-25 11:41:38 --> Undefined property: App\Controllers\login::$db
in APPPATH\Controllers\login.php on line 20.
 1 APPPATH\Controllers\login.php(20): CodeIgniter\Debug\Exceptions->errorHandler(2, 'Undefined property: App\\Controllers\\login::$db', 'C:\\xampp\\htdocs\\codeigniter\\app\\Controllers\\login.php', 20)
 2 SYSTEMPATH\CodeIgniter.php(934): App\Controllers\login->ttl()
 3 SYSTEMPATH\CodeIgniter.php(499): CodeIgniter\CodeIgniter->runController(Object(App\Controllers\login))
 4 SYSTEMPATH\CodeIgniter.php(368): CodeIgniter\CodeIgniter->handleRequest(null, Object(Config\Cache), false)
 5 FCPATH\index.php(67): CodeIgniter\CodeIgniter->run()
CRITICAL - 2023-05-25 11:54:05 --> Undefined property: App\Controllers\login::$db
in APPPATH\Controllers\login.php on line 20.
 1 APPPATH\Controllers\login.php(20): CodeIgniter\Debug\Exceptions->errorHandler(2, 'Undefined property: App\\Controllers\\login::$db', 'C:\\xampp\\htdocs\\codeigniter\\app\\Controllers\\login.php', 20)
 2 SYSTEMPATH\CodeIgniter.php(934): App\Controllers\login->ttl()
 3 SYSTEMPATH\CodeIgniter.php(499): CodeIgniter\CodeIgniter->runController(Object(App\Controllers\login))
 4 SYSTEMPATH\CodeIgniter.php(368): CodeIgniter\CodeIgniter->handleRequest(null, Object(Config\Cache), false)
 5 FCPATH\index.php(67): CodeIgniter\CodeIgniter->run()
CRITICAL - 2023-05-25 12:12:22 --> Undefined property: App\Controllers\login::$db
in APPPATH\Controllers\login.php on line 20.
 1 APPPATH\Controllers\login.php(20): CodeIgniter\Debug\Exceptions->errorHandler(2, 'Undefined property: App\\Controllers\\login::$db', 'C:\\xampp\\htdocs\\codeigniter\\app\\Controllers\\login.php', 20)
 2 SYSTEMPATH\CodeIgniter.php(934): App\Controllers\login->ttl()
 3 SYSTEMPATH\CodeIgniter.php(499): CodeIgniter\CodeIgniter->runController(Object(App\Controllers\login))
 4 SYSTEMPATH\CodeIgniter.php(368): CodeIgniter\CodeIgniter->handleRequest(null, Object(Config\Cache), false)
 5 FCPATH\index.php(67): CodeIgniter\CodeIgniter->run()
CRITICAL - 2023-05-25 12:15:28 --> Undefined property: App\Controllers\login::$db
in APPPATH\Controllers\login.php on line 20.
 1 APPPATH\Controllers\login.php(20): CodeIgniter\Debug\Exceptions->errorHandler(2, 'Undefined property: App\\Controllers\\login::$db', 'C:\\xampp\\htdocs\\codeigniter\\app\\Controllers\\login.php', 20)
 2 SYSTEMPATH\CodeIgniter.php(934): App\Controllers\login->ttl()
 3 SYSTEMPATH\CodeIgniter.php(499): CodeIgniter\CodeIgniter->runController(Object(App\Controllers\login))
 4 SYSTEMPATH\CodeIgniter.php(368): CodeIgniter\CodeIgniter->handleRequest(null, Object(Config\Cache), false)
 5 FCPATH\index.php(67): CodeIgniter\CodeIgniter->run()
CRITICAL - 2023-05-25 12:15:45 --> Undefined property: App\Controllers\login::$db
in APPPATH\Controllers\login.php on line 20.
 1 APPPATH\Controllers\login.php(20): CodeIgniter\Debug\Exceptions->errorHandler(2, 'Undefined property: App\\Controllers\\login::$db', 'C:\\xampp\\htdocs\\codeigniter\\app\\Controllers\\login.php', 20)
 2 SYSTEMPATH\CodeIgniter.php(934): App\Controllers\login->ttl()
 3 SYSTEMPATH\CodeIgniter.php(499): CodeIgniter\CodeIgniter->runController(Object(App\Controllers\login))
 4 SYSTEMPATH\CodeIgniter.php(368): CodeIgniter\CodeIgniter->handleRequest(null, Object(Config\Cache), false)
 5 FCPATH\index.php(67): CodeIgniter\CodeIgniter->run()
CRITICAL - 2023-05-25 12:17:24 --> Undefined property: App\Controllers\login::$db
in APPPATH\Controllers\login.php on line 20.
 1 APPPATH\Controllers\login.php(20): CodeIgniter\Debug\Exceptions->errorHandler(2, 'Undefined property: App\\Controllers\\login::$db', 'C:\\xampp\\htdocs\\codeigniter\\app\\Controllers\\login.php', 20)
 2 SYSTEMPATH\CodeIgniter.php(934): App\Controllers\login->ttl()
 3 SYSTEMPATH\CodeIgniter.php(499): CodeIgniter\CodeIgniter->runController(Object(App\Controllers\login))
 4 SYSTEMPATH\CodeIgniter.php(368): CodeIgniter\CodeIgniter->handleRequest(null, Object(Config\Cache), false)
 5 FCPATH\index.php(67): CodeIgniter\CodeIgniter->run()
CRITICAL - 2023-05-25 12:30:56 --> Trying to access array offset on value of type null
in APPPATH\Controllers\login.php on line 23.
 1 APPPATH\Controllers\login.php(23): CodeIgniter\Debug\Exceptions->errorHandler(2, 'Trying to access array offset on value of type null', 'C:\\xampp\\htdocs\\codeigniter\\app\\Controllers\\login.php', 23)
 2 SYSTEMPATH\CodeIgniter.php(934): App\Controllers\login->ttl()
 3 SYSTEMPATH\CodeIgniter.php(499): CodeIgniter\CodeIgniter->runController(Object(App\Controllers\login))
 4 SYSTEMPATH\CodeIgniter.php(368): CodeIgniter\CodeIgniter->handleRequest(null, Object(Config\Cache), false)
 5 FCPATH\index.php(67): CodeIgniter\CodeIgniter->run()
CRITICAL - 2023-05-25 12:36:57 --> Trying to access array offset on value of type null
in APPPATH\Controllers\login.php on line 24.
 1 APPPATH\Controllers\login.php(24): CodeIgniter\Debug\Exceptions->errorHandler(2, 'Trying to access array offset on value of type null', 'C:\\xampp\\htdocs\\codeigniter\\app\\Controllers\\login.php', 24)
 2 SYSTEMPATH\CodeIgniter.php(934): App\Controllers\login->ttl()
 3 SYSTEMPATH\CodeIgniter.php(499): CodeIgniter\CodeIgniter->runController(Object(App\Controllers\login))
 4 SYSTEMPATH\CodeIgniter.php(368): CodeIgniter\CodeIgniter->handleRequest(null, Object(Config\Cache), false)
 5 FCPATH\index.php(67): CodeIgniter\CodeIgniter->run()
CRITICAL - 2023-05-25 12:38:34 --> Trying to access array offset on value of type null
in APPPATH\Controllers\login.php on line 25.
 1 APPPATH\Controllers\login.php(25): CodeIgniter\Debug\Exceptions->errorHandler(2, 'Trying to access array offset on value of type null', 'C:\\xampp\\htdocs\\codeigniter\\app\\Controllers\\login.php', 25)
 2 SYSTEMPATH\CodeIgniter.php(934): App\Controllers\login->ttl()
 3 SYSTEMPATH\CodeIgniter.php(499): CodeIgniter\CodeIgniter->runController(Object(App\Controllers\login))
 4 SYSTEMPATH\CodeIgniter.php(368): CodeIgniter\CodeIgniter->handleRequest(null, Object(Config\Cache), false)
 5 FCPATH\index.php(67): CodeIgniter\CodeIgniter->run()
CRITICAL - 2023-05-25 12:38:46 --> Trying to access array offset on value of type null
in APPPATH\Controllers\login.php on line 25.
 1 APPPATH\Controllers\login.php(25): CodeIgniter\Debug\Exceptions->errorHandler(2, 'Trying to access array offset on value of type null', 'C:\\xampp\\htdocs\\codeigniter\\app\\Controllers\\login.php', 25)
 2 SYSTEMPATH\CodeIgniter.php(934): App\Controllers\login->ttl()
 3 SYSTEMPATH\CodeIgniter.php(499): CodeIgniter\CodeIgniter->runController(Object(App\Controllers\login))
 4 SYSTEMPATH\CodeIgniter.php(368): CodeIgniter\CodeIgniter->handleRequest(null, Object(Config\Cache), false)
 5 FCPATH\index.php(67): CodeIgniter\CodeIgniter->run()
CRITICAL - 2023-05-25 12:40:46 --> Trying to access array offset on value of type null
in APPPATH\Controllers\login.php on line 25.
 1 APPPATH\Controllers\login.php(25): CodeIgniter\Debug\Exceptions->errorHandler(2, 'Trying to access array offset on value of type null', 'C:\\xampp\\htdocs\\codeigniter\\app\\Controllers\\login.php', 25)
 2 SYSTEMPATH\CodeIgniter.php(934): App\Controllers\login->ttl()
 3 SYSTEMPATH\CodeIgniter.php(499): CodeIgniter\CodeIgniter->runController(Object(App\Controllers\login))
 4 SYSTEMPATH\CodeIgniter.php(368): CodeIgniter\CodeIgniter->handleRequest(null, Object(Config\Cache), false)
 5 FCPATH\index.php(67): CodeIgniter\CodeIgniter->run()
CRITICAL - 2023-05-25 13:02:04 --> Trying to access array offset on value of type null
in APPPATH\Controllers\login.php on line 25.
 1 APPPATH\Controllers\login.php(25): CodeIgniter\Debug\Exceptions->errorHandler(2, 'Trying to access array offset on value of type null', 'C:\\xampp\\htdocs\\codeigniter\\app\\Controllers\\login.php', 25)
 2 SYSTEMPATH\CodeIgniter.php(934): App\Controllers\login->ttl()
 3 SYSTEMPATH\CodeIgniter.php(499): CodeIgniter\CodeIgniter->runController(Object(App\Controllers\login))
 4 SYSTEMPATH\CodeIgniter.php(368): CodeIgniter\CodeIgniter->handleRequest(null, Object(Config\Cache), false)
 5 FCPATH\index.php(67): CodeIgniter\CodeIgniter->run()
CRITICAL - 2023-05-25 13:09:15 --> Trying to access array offset on value of type null
in APPPATH\Controllers\login.php on line 25.
 1 APPPATH\Controllers\login.php(25): CodeIgniter\Debug\Exceptions->errorHandler(2, 'Trying to access array offset on value of type null', 'C:\\xampp\\htdocs\\codeigniter\\app\\Controllers\\login.php', 25)
 2 SYSTEMPATH\CodeIgniter.php(934): App\Controllers\login->ttl()
 3 SYSTEMPATH\CodeIgniter.php(499): CodeIgniter\CodeIgniter->runController(Object(App\Controllers\login))
 4 SYSTEMPATH\CodeIgniter.php(368): CodeIgniter\CodeIgniter->handleRequest(null, Object(Config\Cache), false)
 5 FCPATH\index.php(67): CodeIgniter\CodeIgniter->run()
CRITICAL - 2023-05-25 13:12:13 --> Trying to access array offset on value of type null
in APPPATH\Controllers\login.php on line 25.
 1 APPPATH\Controllers\login.php(25): CodeIgniter\Debug\Exceptions->errorHandler(2, 'Trying to access array offset on value of type null', 'C:\\xampp\\htdocs\\codeigniter\\app\\Controllers\\login.php', 25)
 2 SYSTEMPATH\CodeIgniter.php(934): App\Controllers\login->ttl()
 3 SYSTEMPATH\CodeIgniter.php(499): CodeIgniter\CodeIgniter->runController(Object(App\Controllers\login))
 4 SYSTEMPATH\CodeIgniter.php(368): CodeIgniter\CodeIgniter->handleRequest(null, Object(Config\Cache), false)
 5 FCPATH\index.php(67): CodeIgniter\CodeIgniter->run()
CRITICAL - 2023-05-25 13:13:38 --> Trying to access array offset on value of type null
in APPPATH\Controllers\login.php on line 25.
 1 APPPATH\Controllers\login.php(25): CodeIgniter\Debug\Exceptions->errorHandler(2, 'Trying to access array offset on value of type null', 'C:\\xampp\\htdocs\\codeigniter\\app\\Controllers\\login.php', 25)
 2 SYSTEMPATH\CodeIgniter.php(934): App\Controllers\login->ttl()
 3 SYSTEMPATH\CodeIgniter.php(499): CodeIgniter\CodeIgniter->runController(Object(App\Controllers\login))
 4 SYSTEMPATH\CodeIgniter.php(368): CodeIgniter\CodeIgniter->handleRequest(null, Object(Config\Cache), false)
 5 FCPATH\index.php(67): CodeIgniter\CodeIgniter->run()
