CRITICAL - 2023-05-26 04:05:17 --> Trying to access array offset on value of type null
in APPPATH\Controllers\login.php on line 25.
 1 APPPATH\Controllers\login.php(25): CodeIgniter\Debug\Exceptions->errorHandler(2, 'Trying to access array offset on value of type null', 'C:\\xampp\\htdocs\\codeigniter\\app\\Controllers\\login.php', 25)
 2 SYSTEMPATH\CodeIgniter.php(934): App\Controllers\login->ttl()
 3 SYSTEMPATH\CodeIgniter.php(499): CodeIgniter\CodeIgniter->runController(Object(App\Controllers\login))
 4 SYSTEMPATH\CodeIgniter.php(368): CodeIgniter\CodeIgniter->handleRequest(null, Object(Config\Cache), false)
 5 FCPATH\index.php(67): CodeIgniter\CodeIgniter->run()
CRITICAL - 2023-05-26 04:09:05 --> Trying to access array offset on value of type null
in APPPATH\Controllers\login.php on line 25.
 1 APPPATH\Controllers\login.php(25): CodeIgniter\Debug\Exceptions->errorHandler(2, 'Trying to access array offset on value of type null', 'C:\\xampp\\htdocs\\codeigniter\\app\\Controllers\\login.php', 25)
 2 SYSTEMPATH\CodeIgniter.php(934): App\Controllers\login->ttl()
 3 SYSTEMPATH\CodeIgniter.php(499): CodeIgniter\CodeIgniter->runController(Object(App\Controllers\login))
 4 SYSTEMPATH\CodeIgniter.php(368): CodeIgniter\CodeIgniter->handleRequest(null, Object(Config\Cache), false)
 5 FCPATH\index.php(67): CodeIgniter\CodeIgniter->run()
CRITICAL - 2023-05-26 04:19:23 --> Undefined variable $result
in APPPATH\Views\userprofile.php on line 10.
 1 APPPATH\Views\userprofile.php(10): CodeIgniter\Debug\Exceptions->errorHandler(2, 'Undefined variable $result', 'C:\\xampp\\htdocs\\codeigniter\\app\\Views\\userprofile.php', 10)
 2 SYSTEMPATH\View\View.php(213): include('C:\\xampp\\htdocs\\codeigniter\\app\\Views\\userprofile.php')
 3 SYSTEMPATH\View\View.php(216): CodeIgniter\View\View->CodeIgniter\View\{closure}()
 4 SYSTEMPATH\Common.php(1184): CodeIgniter\View\View->render('userprofile', [], true)
 5 APPPATH\Controllers\userprofile.php(9): view('userprofile')
 6 SYSTEMPATH\CodeIgniter.php(934): App\Controllers\userprofile->index()
 7 SYSTEMPATH\CodeIgniter.php(499): CodeIgniter\CodeIgniter->runController(Object(App\Controllers\userprofile))
 8 SYSTEMPATH\CodeIgniter.php(368): CodeIgniter\CodeIgniter->handleRequest(null, Object(Config\Cache), false)
 9 FCPATH\index.php(67): CodeIgniter\CodeIgniter->run()
CRITICAL - 2023-05-26 04:30:32 --> Trying to access array offset on value of type null
in APPPATH\Controllers\login.php on line 24.
 1 APPPATH\Controllers\login.php(24): CodeIgniter\Debug\Exceptions->errorHandler(2, 'Trying to access array offset on value of type null', 'C:\\xampp\\htdocs\\codeigniter\\app\\Controllers\\login.php', 24)
 2 SYSTEMPATH\CodeIgniter.php(934): App\Controllers\login->login()
 3 SYSTEMPATH\CodeIgniter.php(499): CodeIgniter\CodeIgniter->runController(Object(App\Controllers\login))
 4 SYSTEMPATH\CodeIgniter.php(368): CodeIgniter\CodeIgniter->handleRequest(null, Object(Config\Cache), false)
 5 FCPATH\index.php(67): CodeIgniter\CodeIgniter->run()
CRITICAL - 2023-05-26 04:31:57 --> Trying to access array offset on value of type null
in APPPATH\Controllers\login.php on line 24.
 1 APPPATH\Controllers\login.php(24): CodeIgniter\Debug\Exceptions->errorHandler(2, 'Trying to access array offset on value of type null', 'C:\\xampp\\htdocs\\codeigniter\\app\\Controllers\\login.php', 24)
 2 SYSTEMPATH\CodeIgniter.php(934): App\Controllers\login->login()
 3 SYSTEMPATH\CodeIgniter.php(499): CodeIgniter\CodeIgniter->runController(Object(App\Controllers\login))
 4 SYSTEMPATH\CodeIgniter.php(368): CodeIgniter\CodeIgniter->handleRequest(null, Object(Config\Cache), false)
 5 FCPATH\index.php(67): CodeIgniter\CodeIgniter->run()
CRITICAL - 2023-05-26 05:31:39 --> Undefined variable $result
in APPPATH\Views\userprofile.php on line 15.
 1 APPPATH\Views\userprofile.php(15): CodeIgniter\Debug\Exceptions->errorHandler(2, 'Undefined variable $result', 'C:\\xampp\\htdocs\\codeigniter\\app\\Views\\userprofile.php', 15)
 2 SYSTEMPATH\View\View.php(213): include('C:\\xampp\\htdocs\\codeigniter\\app\\Views\\userprofile.php')
 3 SYSTEMPATH\View\View.php(216): CodeIgniter\View\View->CodeIgniter\View\{closure}()
 4 SYSTEMPATH\Common.php(1184): CodeIgniter\View\View->render('userprofile', [], true)
 5 APPPATH\Controllers\userprofile.php(9): view('userprofile')
 6 SYSTEMPATH\CodeIgniter.php(934): App\Controllers\userprofile->index()
 7 SYSTEMPATH\CodeIgniter.php(499): CodeIgniter\CodeIgniter->runController(Object(App\Controllers\userprofile))
 8 SYSTEMPATH\CodeIgniter.php(368): CodeIgniter\CodeIgniter->handleRequest(null, Object(Config\Cache), false)
 9 FCPATH\index.php(67): CodeIgniter\CodeIgniter->run()
CRITICAL - 2023-05-26 05:31:43 --> Undefined variable $result
in APPPATH\Views\userprofile.php on line 15.
 1 APPPATH\Views\userprofile.php(15): CodeIgniter\Debug\Exceptions->errorHandler(2, 'Undefined variable $result', 'C:\\xampp\\htdocs\\codeigniter\\app\\Views\\userprofile.php', 15)
 2 SYSTEMPATH\View\View.php(213): include('C:\\xampp\\htdocs\\codeigniter\\app\\Views\\userprofile.php')
 3 SYSTEMPATH\View\View.php(216): CodeIgniter\View\View->CodeIgniter\View\{closure}()
 4 SYSTEMPATH\Common.php(1184): CodeIgniter\View\View->render('userprofile', [], true)
 5 APPPATH\Controllers\userprofile.php(9): view('userprofile')
 6 SYSTEMPATH\CodeIgniter.php(934): App\Controllers\userprofile->index()
 7 SYSTEMPATH\CodeIgniter.php(499): CodeIgniter\CodeIgniter->runController(Object(App\Controllers\userprofile))
 8 SYSTEMPATH\CodeIgniter.php(368): CodeIgniter\CodeIgniter->handleRequest(null, Object(Config\Cache), false)
 9 FCPATH\index.php(67): CodeIgniter\CodeIgniter->run()
CRITICAL - 2023-05-26 05:32:37 --> Undefined variable $result
in APPPATH\Views\userprofile.php on line 15.
 1 APPPATH\Views\userprofile.php(15): CodeIgniter\Debug\Exceptions->errorHandler(2, 'Undefined variable $result', 'C:\\xampp\\htdocs\\codeigniter\\app\\Views\\userprofile.php', 15)
 2 SYSTEMPATH\View\View.php(213): include('C:\\xampp\\htdocs\\codeigniter\\app\\Views\\userprofile.php')
 3 SYSTEMPATH\View\View.php(216): CodeIgniter\View\View->CodeIgniter\View\{closure}()
 4 SYSTEMPATH\Common.php(1184): CodeIgniter\View\View->render('userprofile', [], true)
 5 APPPATH\Controllers\userprofile.php(9): view('userprofile')
 6 SYSTEMPATH\CodeIgniter.php(934): App\Controllers\userprofile->index()
 7 SYSTEMPATH\CodeIgniter.php(499): CodeIgniter\CodeIgniter->runController(Object(App\Controllers\userprofile))
 8 SYSTEMPATH\CodeIgniter.php(368): CodeIgniter\CodeIgniter->handleRequest(null, Object(Config\Cache), false)
 9 FCPATH\index.php(67): CodeIgniter\CodeIgniter->run()
CRITICAL - 2023-05-26 05:33:00 --> Undefined variable $result
in APPPATH\Views\userprofile.php on line 15.
 1 APPPATH\Views\userprofile.php(15): CodeIgniter\Debug\Exceptions->errorHandler(2, 'Undefined variable $result', 'C:\\xampp\\htdocs\\codeigniter\\app\\Views\\userprofile.php', 15)
 2 SYSTEMPATH\View\View.php(213): include('C:\\xampp\\htdocs\\codeigniter\\app\\Views\\userprofile.php')
 3 SYSTEMPATH\View\View.php(216): CodeIgniter\View\View->CodeIgniter\View\{closure}()
 4 SYSTEMPATH\Common.php(1184): CodeIgniter\View\View->render('userprofile', [], true)
 5 APPPATH\Controllers\userprofile.php(9): view('userprofile')
 6 SYSTEMPATH\CodeIgniter.php(934): App\Controllers\userprofile->index()
 7 SYSTEMPATH\CodeIgniter.php(499): CodeIgniter\CodeIgniter->runController(Object(App\Controllers\userprofile))
 8 SYSTEMPATH\CodeIgniter.php(368): CodeIgniter\CodeIgniter->handleRequest(null, Object(Config\Cache), false)
 9 FCPATH\index.php(67): CodeIgniter\CodeIgniter->run()
CRITICAL - 2023-05-26 07:28:15 --> Undefined variable $result
in APPPATH\Views\userprofile.php on line 17.
 1 APPPATH\Views\userprofile.php(17): CodeIgniter\Debug\Exceptions->errorHandler(2, 'Undefined variable $result', 'C:\\xampp\\htdocs\\codeigniter\\app\\Views\\userprofile.php', 17)
 2 SYSTEMPATH\View\View.php(213): include('C:\\xampp\\htdocs\\codeigniter\\app\\Views\\userprofile.php')
 3 SYSTEMPATH\View\View.php(216): CodeIgniter\View\View->CodeIgniter\View\{closure}()
 4 SYSTEMPATH\Common.php(1184): CodeIgniter\View\View->render('userprofile', [], true)
 5 APPPATH\Controllers\userprofile.php(9): view('userprofile')
 6 SYSTEMPATH\CodeIgniter.php(934): App\Controllers\userprofile->index()
 7 SYSTEMPATH\CodeIgniter.php(499): CodeIgniter\CodeIgniter->runController(Object(App\Controllers\userprofile))
 8 SYSTEMPATH\CodeIgniter.php(368): CodeIgniter\CodeIgniter->handleRequest(null, Object(Config\Cache), false)
 9 FCPATH\index.php(67): CodeIgniter\CodeIgniter->run()
CRITICAL - 2023-05-26 07:29:29 --> Undefined variable $result
in APPPATH\Views\userprofile.php on line 17.
 1 APPPATH\Views\userprofile.php(17): CodeIgniter\Debug\Exceptions->errorHandler(2, 'Undefined variable $result', 'C:\\xampp\\htdocs\\codeigniter\\app\\Views\\userprofile.php', 17)
 2 SYSTEMPATH\View\View.php(213): include('C:\\xampp\\htdocs\\codeigniter\\app\\Views\\userprofile.php')
 3 SYSTEMPATH\View\View.php(216): CodeIgniter\View\View->CodeIgniter\View\{closure}()
 4 SYSTEMPATH\Common.php(1184): CodeIgniter\View\View->render('userprofile', [], true)
 5 APPPATH\Controllers\userprofile.php(9): view('userprofile')
 6 SYSTEMPATH\CodeIgniter.php(934): App\Controllers\userprofile->index()
 7 SYSTEMPATH\CodeIgniter.php(499): CodeIgniter\CodeIgniter->runController(Object(App\Controllers\userprofile))
 8 SYSTEMPATH\CodeIgniter.php(368): CodeIgniter\CodeIgniter->handleRequest(null, Object(Config\Cache), false)
 9 FCPATH\index.php(67): CodeIgniter\CodeIgniter->run()
CRITICAL - 2023-05-26 07:29:35 --> Undefined variable $result
in APPPATH\Views\userprofile.php on line 17.
 1 APPPATH\Views\userprofile.php(17): CodeIgniter\Debug\Exceptions->errorHandler(2, 'Undefined variable $result', 'C:\\xampp\\htdocs\\codeigniter\\app\\Views\\userprofile.php', 17)
 2 SYSTEMPATH\View\View.php(213): include('C:\\xampp\\htdocs\\codeigniter\\app\\Views\\userprofile.php')
 3 SYSTEMPATH\View\View.php(216): CodeIgniter\View\View->CodeIgniter\View\{closure}()
 4 SYSTEMPATH\Common.php(1184): CodeIgniter\View\View->render('userprofile', [], true)
 5 APPPATH\Controllers\userprofile.php(9): view('userprofile')
 6 SYSTEMPATH\CodeIgniter.php(934): App\Controllers\userprofile->index()
 7 SYSTEMPATH\CodeIgniter.php(499): CodeIgniter\CodeIgniter->runController(Object(App\Controllers\userprofile))
 8 SYSTEMPATH\CodeIgniter.php(368): CodeIgniter\CodeIgniter->handleRequest(null, Object(Config\Cache), false)
 9 FCPATH\index.php(67): CodeIgniter\CodeIgniter->run()
CRITICAL - 2023-05-26 07:30:19 --> Undefined variable $result
in APPPATH\Views\userprofile.php on line 17.
 1 APPPATH\Views\userprofile.php(17): CodeIgniter\Debug\Exceptions->errorHandler(2, 'Undefined variable $result', 'C:\\xampp\\htdocs\\codeigniter\\app\\Views\\userprofile.php', 17)
 2 SYSTEMPATH\View\View.php(213): include('C:\\xampp\\htdocs\\codeigniter\\app\\Views\\userprofile.php')
 3 SYSTEMPATH\View\View.php(216): CodeIgniter\View\View->CodeIgniter\View\{closure}()
 4 SYSTEMPATH\Common.php(1184): CodeIgniter\View\View->render('userprofile', [], true)
 5 APPPATH\Controllers\userprofile.php(9): view('userprofile')
 6 SYSTEMPATH\CodeIgniter.php(934): App\Controllers\userprofile->index()
 7 SYSTEMPATH\CodeIgniter.php(499): CodeIgniter\CodeIgniter->runController(Object(App\Controllers\userprofile))
 8 SYSTEMPATH\CodeIgniter.php(368): CodeIgniter\CodeIgniter->handleRequest(null, Object(Config\Cache), false)
 9 FCPATH\index.php(67): CodeIgniter\CodeIgniter->run()
CRITICAL - 2023-05-26 07:31:22 --> Undefined variable $result
in APPPATH\Views\userprofile.php on line 17.
 1 APPPATH\Views\userprofile.php(17): CodeIgniter\Debug\Exceptions->errorHandler(2, 'Undefined variable $result', 'C:\\xampp\\htdocs\\codeigniter\\app\\Views\\userprofile.php', 17)
 2 SYSTEMPATH\View\View.php(213): include('C:\\xampp\\htdocs\\codeigniter\\app\\Views\\userprofile.php')
 3 SYSTEMPATH\View\View.php(216): CodeIgniter\View\View->CodeIgniter\View\{closure}()
 4 SYSTEMPATH\Common.php(1184): CodeIgniter\View\View->render('userprofile', [], true)
 5 APPPATH\Controllers\userprofile.php(9): view('userprofile')
 6 SYSTEMPATH\CodeIgniter.php(934): App\Controllers\userprofile->index()
 7 SYSTEMPATH\CodeIgniter.php(499): CodeIgniter\CodeIgniter->runController(Object(App\Controllers\userprofile))
 8 SYSTEMPATH\CodeIgniter.php(368): CodeIgniter\CodeIgniter->handleRequest(null, Object(Config\Cache), false)
 9 FCPATH\index.php(67): CodeIgniter\CodeIgniter->run()
CRITICAL - 2023-05-26 07:31:27 --> Undefined variable $result
in APPPATH\Views\userprofile.php on line 17.
 1 APPPATH\Views\userprofile.php(17): CodeIgniter\Debug\Exceptions->errorHandler(2, 'Undefined variable $result', 'C:\\xampp\\htdocs\\codeigniter\\app\\Views\\userprofile.php', 17)
 2 SYSTEMPATH\View\View.php(213): include('C:\\xampp\\htdocs\\codeigniter\\app\\Views\\userprofile.php')
 3 SYSTEMPATH\View\View.php(216): CodeIgniter\View\View->CodeIgniter\View\{closure}()
 4 SYSTEMPATH\Common.php(1184): CodeIgniter\View\View->render('userprofile', [], true)
 5 APPPATH\Controllers\userprofile.php(9): view('userprofile')
 6 SYSTEMPATH\CodeIgniter.php(934): App\Controllers\userprofile->index()
 7 SYSTEMPATH\CodeIgniter.php(499): CodeIgniter\CodeIgniter->runController(Object(App\Controllers\userprofile))
 8 SYSTEMPATH\CodeIgniter.php(368): CodeIgniter\CodeIgniter->handleRequest(null, Object(Config\Cache), false)
 9 FCPATH\index.php(67): CodeIgniter\CodeIgniter->run()
CRITICAL - 2023-05-26 07:32:38 --> Undefined variable $result
in APPPATH\Views\userprofile.php on line 17.
 1 APPPATH\Views\userprofile.php(17): CodeIgniter\Debug\Exceptions->errorHandler(2, 'Undefined variable $result', 'C:\\xampp\\htdocs\\codeigniter\\app\\Views\\userprofile.php', 17)
 2 SYSTEMPATH\View\View.php(213): include('C:\\xampp\\htdocs\\codeigniter\\app\\Views\\userprofile.php')
 3 SYSTEMPATH\View\View.php(216): CodeIgniter\View\View->CodeIgniter\View\{closure}()
 4 SYSTEMPATH\Common.php(1184): CodeIgniter\View\View->render('userprofile', [], true)
 5 APPPATH\Controllers\userprofile.php(9): view('userprofile')
 6 SYSTEMPATH\CodeIgniter.php(934): App\Controllers\userprofile->index()
 7 SYSTEMPATH\CodeIgniter.php(499): CodeIgniter\CodeIgniter->runController(Object(App\Controllers\userprofile))
 8 SYSTEMPATH\CodeIgniter.php(368): CodeIgniter\CodeIgniter->handleRequest(null, Object(Config\Cache), false)
 9 FCPATH\index.php(67): CodeIgniter\CodeIgniter->run()
CRITICAL - 2023-05-26 07:34:07 --> Undefined variable $result
in APPPATH\Views\userprofile.php on line 17.
 1 APPPATH\Views\userprofile.php(17): CodeIgniter\Debug\Exceptions->errorHandler(2, 'Undefined variable $result', 'C:\\xampp\\htdocs\\codeigniter\\app\\Views\\userprofile.php', 17)
 2 SYSTEMPATH\View\View.php(213): include('C:\\xampp\\htdocs\\codeigniter\\app\\Views\\userprofile.php')
 3 SYSTEMPATH\View\View.php(216): CodeIgniter\View\View->CodeIgniter\View\{closure}()
 4 SYSTEMPATH\Common.php(1184): CodeIgniter\View\View->render('userprofile', [], true)
 5 APPPATH\Controllers\userprofile.php(9): view('userprofile')
 6 SYSTEMPATH\CodeIgniter.php(934): App\Controllers\userprofile->index()
 7 SYSTEMPATH\CodeIgniter.php(499): CodeIgniter\CodeIgniter->runController(Object(App\Controllers\userprofile))
 8 SYSTEMPATH\CodeIgniter.php(368): CodeIgniter\CodeIgniter->handleRequest(null, Object(Config\Cache), false)
 9 FCPATH\index.php(67): CodeIgniter\CodeIgniter->run()
CRITICAL - 2023-05-26 08:32:23 --> Undefined variable $result
in APPPATH\Views\userprofile.php on line 17.
 1 APPPATH\Views\userprofile.php(17): CodeIgniter\Debug\Exceptions->errorHandler(2, 'Undefined variable $result', 'C:\\xampp\\htdocs\\codeigniter\\app\\Views\\userprofile.php', 17)
 2 SYSTEMPATH\View\View.php(213): include('C:\\xampp\\htdocs\\codeigniter\\app\\Views\\userprofile.php')
 3 SYSTEMPATH\View\View.php(216): CodeIgniter\View\View->CodeIgniter\View\{closure}()
 4 SYSTEMPATH\Common.php(1184): CodeIgniter\View\View->render('userprofile', [], true)
 5 APPPATH\Controllers\userprofile.php(9): view('userprofile')
 6 SYSTEMPATH\CodeIgniter.php(934): App\Controllers\userprofile->index()
 7 SYSTEMPATH\CodeIgniter.php(499): CodeIgniter\CodeIgniter->runController(Object(App\Controllers\userprofile))
 8 SYSTEMPATH\CodeIgniter.php(368): CodeIgniter\CodeIgniter->handleRequest(null, Object(Config\Cache), false)
 9 FCPATH\index.php(67): CodeIgniter\CodeIgniter->run()
CRITICAL - 2023-05-26 08:41:18 --> Undefined variable $userData
in APPPATH\Views\userprofile.php on line 17.
 1 APPPATH\Views\userprofile.php(17): CodeIgniter\Debug\Exceptions->errorHandler(2, 'Undefined variable $userData', 'C:\\xampp\\htdocs\\codeigniter\\app\\Views\\userprofile.php', 17)
 2 SYSTEMPATH\View\View.php(213): include('C:\\xampp\\htdocs\\codeigniter\\app\\Views\\userprofile.php')
 3 SYSTEMPATH\View\View.php(216): CodeIgniter\View\View->CodeIgniter\View\{closure}()
 4 SYSTEMPATH\Common.php(1184): CodeIgniter\View\View->render('userprofile', [], true)
 5 APPPATH\Controllers\userprofile.php(9): view('userprofile')
 6 SYSTEMPATH\CodeIgniter.php(934): App\Controllers\userprofile->index()
 7 SYSTEMPATH\CodeIgniter.php(499): CodeIgniter\CodeIgniter->runController(Object(App\Controllers\userprofile))
 8 SYSTEMPATH\CodeIgniter.php(368): CodeIgniter\CodeIgniter->handleRequest(null, Object(Config\Cache), false)
 9 FCPATH\index.php(67): CodeIgniter\CodeIgniter->run()
CRITICAL - 2023-05-26 08:42:54 --> Undefined variable $userData
in APPPATH\Views\userprofile.php on line 17.
 1 APPPATH\Views\userprofile.php(17): CodeIgniter\Debug\Exceptions->errorHandler(2, 'Undefined variable $userData', 'C:\\xampp\\htdocs\\codeigniter\\app\\Views\\userprofile.php', 17)
 2 SYSTEMPATH\View\View.php(213): include('C:\\xampp\\htdocs\\codeigniter\\app\\Views\\userprofile.php')
 3 SYSTEMPATH\View\View.php(216): CodeIgniter\View\View->CodeIgniter\View\{closure}()
 4 SYSTEMPATH\Common.php(1184): CodeIgniter\View\View->render('userprofile', [], true)
 5 APPPATH\Controllers\userprofile.php(9): view('userprofile')
 6 SYSTEMPATH\CodeIgniter.php(934): App\Controllers\userprofile->index()
 7 SYSTEMPATH\CodeIgniter.php(499): CodeIgniter\CodeIgniter->runController(Object(App\Controllers\userprofile))
 8 SYSTEMPATH\CodeIgniter.php(368): CodeIgniter\CodeIgniter->handleRequest(null, Object(Config\Cache), false)
 9 FCPATH\index.php(67): CodeIgniter\CodeIgniter->run()
CRITICAL - 2023-05-26 08:43:37 --> Undefined variable $userData
in APPPATH\Views\userprofile.php on line 17.
 1 APPPATH\Views\userprofile.php(17): CodeIgniter\Debug\Exceptions->errorHandler(2, 'Undefined variable $userData', 'C:\\xampp\\htdocs\\codeigniter\\app\\Views\\userprofile.php', 17)
 2 SYSTEMPATH\View\View.php(213): include('C:\\xampp\\htdocs\\codeigniter\\app\\Views\\userprofile.php')
 3 SYSTEMPATH\View\View.php(216): CodeIgniter\View\View->CodeIgniter\View\{closure}()
 4 SYSTEMPATH\Common.php(1184): CodeIgniter\View\View->render('userprofile', [], true)
 5 APPPATH\Controllers\userprofile.php(9): view('userprofile')
 6 SYSTEMPATH\CodeIgniter.php(934): App\Controllers\userprofile->index()
 7 SYSTEMPATH\CodeIgniter.php(499): CodeIgniter\CodeIgniter->runController(Object(App\Controllers\userprofile))
 8 SYSTEMPATH\CodeIgniter.php(368): CodeIgniter\CodeIgniter->handleRequest(null, Object(Config\Cache), false)
 9 FCPATH\index.php(67): CodeIgniter\CodeIgniter->run()
CRITICAL - 2023-05-26 08:57:51 --> Undefined variable $userData
in APPPATH\Views\userprofile.php on line 17.
 1 APPPATH\Views\userprofile.php(17): CodeIgniter\Debug\Exceptions->errorHandler(2, 'Undefined variable $userData', 'C:\\xampp\\htdocs\\codeigniter\\app\\Views\\userprofile.php', 17)
 2 SYSTEMPATH\View\View.php(213): include('C:\\xampp\\htdocs\\codeigniter\\app\\Views\\userprofile.php')
 3 SYSTEMPATH\View\View.php(216): CodeIgniter\View\View->CodeIgniter\View\{closure}()
 4 SYSTEMPATH\Common.php(1184): CodeIgniter\View\View->render('userprofile', [], true)
 5 APPPATH\Controllers\userprofile.php(9): view('userprofile')
 6 SYSTEMPATH\CodeIgniter.php(934): App\Controllers\userprofile->index()
 7 SYSTEMPATH\CodeIgniter.php(499): CodeIgniter\CodeIgniter->runController(Object(App\Controllers\userprofile))
 8 SYSTEMPATH\CodeIgniter.php(368): CodeIgniter\CodeIgniter->handleRequest(null, Object(Config\Cache), false)
 9 FCPATH\index.php(67): CodeIgniter\CodeIgniter->run()
CRITICAL - 2023-05-26 09:41:02 --> Undefined variable $userData
in APPPATH\Views\userhome.php on line 90.
 1 APPPATH\Views\userhome.php(90): CodeIgniter\Debug\Exceptions->errorHandler(2, 'Undefined variable $userData', 'C:\\xampp\\htdocs\\codeigniter\\app\\Views\\userhome.php', 90)
 2 SYSTEMPATH\View\View.php(213): include('C:\\xampp\\htdocs\\codeigniter\\app\\Views\\userhome.php')
 3 SYSTEMPATH\View\View.php(216): CodeIgniter\View\View->CodeIgniter\View\{closure}()
 4 SYSTEMPATH\Common.php(1184): CodeIgniter\View\View->render('userhome', [], true)
 5 APPPATH\Controllers\userhome.php(10): view('userhome')
 6 SYSTEMPATH\CodeIgniter.php(934): App\Controllers\userhome->index()
 7 SYSTEMPATH\CodeIgniter.php(499): CodeIgniter\CodeIgniter->runController(Object(App\Controllers\userhome))
 8 SYSTEMPATH\CodeIgniter.php(368): CodeIgniter\CodeIgniter->handleRequest(null, Object(Config\Cache), false)
 9 FCPATH\index.php(67): CodeIgniter\CodeIgniter->run()
CRITICAL - 2023-05-26 09:44:57 --> Undefined variable $userData
in APPPATH\Views\userhome.php on line 90.
 1 APPPATH\Views\userhome.php(90): CodeIgniter\Debug\Exceptions->errorHandler(2, 'Undefined variable $userData', 'C:\\xampp\\htdocs\\codeigniter\\app\\Views\\userhome.php', 90)
 2 SYSTEMPATH\View\View.php(213): include('C:\\xampp\\htdocs\\codeigniter\\app\\Views\\userhome.php')
 3 SYSTEMPATH\View\View.php(216): CodeIgniter\View\View->CodeIgniter\View\{closure}()
 4 SYSTEMPATH\Common.php(1184): CodeIgniter\View\View->render('userhome', [], true)
 5 APPPATH\Controllers\userhome.php(10): view('userhome')
 6 SYSTEMPATH\CodeIgniter.php(934): App\Controllers\userhome->index()
 7 SYSTEMPATH\CodeIgniter.php(499): CodeIgniter\CodeIgniter->runController(Object(App\Controllers\userhome))
 8 SYSTEMPATH\CodeIgniter.php(368): CodeIgniter\CodeIgniter->handleRequest(null, Object(Config\Cache), false)
 9 FCPATH\index.php(67): CodeIgniter\CodeIgniter->run()
CRITICAL - 2023-05-26 09:46:26 --> Undefined variable $userData
in APPPATH\Views\userhome.php on line 90.
 1 APPPATH\Views\userhome.php(90): CodeIgniter\Debug\Exceptions->errorHandler(2, 'Undefined variable $userData', 'C:\\xampp\\htdocs\\codeigniter\\app\\Views\\userhome.php', 90)
 2 SYSTEMPATH\View\View.php(213): include('C:\\xampp\\htdocs\\codeigniter\\app\\Views\\userhome.php')
 3 SYSTEMPATH\View\View.php(216): CodeIgniter\View\View->CodeIgniter\View\{closure}()
 4 SYSTEMPATH\Common.php(1184): CodeIgniter\View\View->render('userhome', [], true)
 5 APPPATH\Controllers\userhome.php(10): view('userhome')
 6 SYSTEMPATH\CodeIgniter.php(934): App\Controllers\userhome->index()
 7 SYSTEMPATH\CodeIgniter.php(499): CodeIgniter\CodeIgniter->runController(Object(App\Controllers\userhome))
 8 SYSTEMPATH\CodeIgniter.php(368): CodeIgniter\CodeIgniter->handleRequest(null, Object(Config\Cache), false)
 9 FCPATH\index.php(67): CodeIgniter\CodeIgniter->run()
CRITICAL - 2023-05-26 09:46:28 --> Undefined variable $userData
in APPPATH\Views\userhome.php on line 90.
 1 APPPATH\Views\userhome.php(90): CodeIgniter\Debug\Exceptions->errorHandler(2, 'Undefined variable $userData', 'C:\\xampp\\htdocs\\codeigniter\\app\\Views\\userhome.php', 90)
 2 SYSTEMPATH\View\View.php(213): include('C:\\xampp\\htdocs\\codeigniter\\app\\Views\\userhome.php')
 3 SYSTEMPATH\View\View.php(216): CodeIgniter\View\View->CodeIgniter\View\{closure}()
 4 SYSTEMPATH\Common.php(1184): CodeIgniter\View\View->render('userhome', [], true)
 5 APPPATH\Controllers\userhome.php(10): view('userhome')
 6 SYSTEMPATH\CodeIgniter.php(934): App\Controllers\userhome->index()
 7 SYSTEMPATH\CodeIgniter.php(499): CodeIgniter\CodeIgniter->runController(Object(App\Controllers\userhome))
 8 SYSTEMPATH\CodeIgniter.php(368): CodeIgniter\CodeIgniter->handleRequest(null, Object(Config\Cache), false)
 9 FCPATH\index.php(67): CodeIgniter\CodeIgniter->run()
CRITICAL - 2023-05-26 09:47:25 --> Undefined variable $userData
in APPPATH\Views\userhome.php on line 90.
 1 APPPATH\Views\userhome.php(90): CodeIgniter\Debug\Exceptions->errorHandler(2, 'Undefined variable $userData', 'C:\\xampp\\htdocs\\codeigniter\\app\\Views\\userhome.php', 90)
 2 SYSTEMPATH\View\View.php(213): include('C:\\xampp\\htdocs\\codeigniter\\app\\Views\\userhome.php')
 3 SYSTEMPATH\View\View.php(216): CodeIgniter\View\View->CodeIgniter\View\{closure}()
 4 SYSTEMPATH\Common.php(1184): CodeIgniter\View\View->render('userhome', [], true)
 5 APPPATH\Controllers\userhome.php(10): view('userhome')
 6 SYSTEMPATH\CodeIgniter.php(934): App\Controllers\userhome->index()
 7 SYSTEMPATH\CodeIgniter.php(499): CodeIgniter\CodeIgniter->runController(Object(App\Controllers\userhome))
 8 SYSTEMPATH\CodeIgniter.php(368): CodeIgniter\CodeIgniter->handleRequest(null, Object(Config\Cache), false)
 9 FCPATH\index.php(67): CodeIgniter\CodeIgniter->run()
CRITICAL - 2023-05-26 09:47:27 --> Undefined variable $userData
in APPPATH\Views\userhome.php on line 90.
 1 APPPATH\Views\userhome.php(90): CodeIgniter\Debug\Exceptions->errorHandler(2, 'Undefined variable $userData', 'C:\\xampp\\htdocs\\codeigniter\\app\\Views\\userhome.php', 90)
 2 SYSTEMPATH\View\View.php(213): include('C:\\xampp\\htdocs\\codeigniter\\app\\Views\\userhome.php')
 3 SYSTEMPATH\View\View.php(216): CodeIgniter\View\View->CodeIgniter\View\{closure}()
 4 SYSTEMPATH\Common.php(1184): CodeIgniter\View\View->render('userhome', [], true)
 5 APPPATH\Controllers\userhome.php(10): view('userhome')
 6 SYSTEMPATH\CodeIgniter.php(934): App\Controllers\userhome->index()
 7 SYSTEMPATH\CodeIgniter.php(499): CodeIgniter\CodeIgniter->runController(Object(App\Controllers\userhome))
 8 SYSTEMPATH\CodeIgniter.php(368): CodeIgniter\CodeIgniter->handleRequest(null, Object(Config\Cache), false)
 9 FCPATH\index.php(67): CodeIgniter\CodeIgniter->run()
CRITICAL - 2023-05-26 09:47:30 --> Undefined variable $userData
in APPPATH\Views\userhome.php on line 90.
 1 APPPATH\Views\userhome.php(90): CodeIgniter\Debug\Exceptions->errorHandler(2, 'Undefined variable $userData', 'C:\\xampp\\htdocs\\codeigniter\\app\\Views\\userhome.php', 90)
 2 SYSTEMPATH\View\View.php(213): include('C:\\xampp\\htdocs\\codeigniter\\app\\Views\\userhome.php')
 3 SYSTEMPATH\View\View.php(216): CodeIgniter\View\View->CodeIgniter\View\{closure}()
 4 SYSTEMPATH\Common.php(1184): CodeIgniter\View\View->render('userhome', [], true)
 5 APPPATH\Controllers\userhome.php(10): view('userhome')
 6 SYSTEMPATH\CodeIgniter.php(934): App\Controllers\userhome->index()
 7 SYSTEMPATH\CodeIgniter.php(499): CodeIgniter\CodeIgniter->runController(Object(App\Controllers\userhome))
 8 SYSTEMPATH\CodeIgniter.php(368): CodeIgniter\CodeIgniter->handleRequest(null, Object(Config\Cache), false)
 9 FCPATH\index.php(67): CodeIgniter\CodeIgniter->run()
CRITICAL - 2023-05-26 09:47:31 --> Undefined variable $userData
in APPPATH\Views\userhome.php on line 90.
 1 APPPATH\Views\userhome.php(90): CodeIgniter\Debug\Exceptions->errorHandler(2, 'Undefined variable $userData', 'C:\\xampp\\htdocs\\codeigniter\\app\\Views\\userhome.php', 90)
 2 SYSTEMPATH\View\View.php(213): include('C:\\xampp\\htdocs\\codeigniter\\app\\Views\\userhome.php')
 3 SYSTEMPATH\View\View.php(216): CodeIgniter\View\View->CodeIgniter\View\{closure}()
 4 SYSTEMPATH\Common.php(1184): CodeIgniter\View\View->render('userhome', [], true)
 5 APPPATH\Controllers\userhome.php(10): view('userhome')
 6 SYSTEMPATH\CodeIgniter.php(934): App\Controllers\userhome->index()
 7 SYSTEMPATH\CodeIgniter.php(499): CodeIgniter\CodeIgniter->runController(Object(App\Controllers\userhome))
 8 SYSTEMPATH\CodeIgniter.php(368): CodeIgniter\CodeIgniter->handleRequest(null, Object(Config\Cache), false)
 9 FCPATH\index.php(67): CodeIgniter\CodeIgniter->run()
CRITICAL - 2023-05-26 10:00:34 --> Undefined array key "userid"
in APPPATH\Views\userhome.php on line 2.
 1 APPPATH\Views\userhome.php(2): CodeIgniter\Debug\Exceptions->errorHandler(2, 'Undefined array key "userid"', 'C:\\xampp\\htdocs\\codeigniter\\app\\Views\\userhome.php', 2)
 2 SYSTEMPATH\View\View.php(213): include('C:\\xampp\\htdocs\\codeigniter\\app\\Views\\userhome.php')
 3 SYSTEMPATH\View\View.php(216): CodeIgniter\View\View->CodeIgniter\View\{closure}()
 4 SYSTEMPATH\Common.php(1184): CodeIgniter\View\View->render('userhome', [], true)
 5 APPPATH\Controllers\userhome.php(10): view('userhome')
 6 SYSTEMPATH\CodeIgniter.php(934): App\Controllers\userhome->index()
 7 SYSTEMPATH\CodeIgniter.php(499): CodeIgniter\CodeIgniter->runController(Object(App\Controllers\userhome))
 8 SYSTEMPATH\CodeIgniter.php(368): CodeIgniter\CodeIgniter->handleRequest(null, Object(Config\Cache), false)
 9 FCPATH\index.php(67): CodeIgniter\CodeIgniter->run()
CRITICAL - 2023-05-26 10:00:58 --> Undefined array key "userid"
in APPPATH\Views\userhome.php on line 2.
 1 APPPATH\Views\userhome.php(2): CodeIgniter\Debug\Exceptions->errorHandler(2, 'Undefined array key "userid"', 'C:\\xampp\\htdocs\\codeigniter\\app\\Views\\userhome.php', 2)
 2 SYSTEMPATH\View\View.php(213): include('C:\\xampp\\htdocs\\codeigniter\\app\\Views\\userhome.php')
 3 SYSTEMPATH\View\View.php(216): CodeIgniter\View\View->CodeIgniter\View\{closure}()
 4 SYSTEMPATH\Common.php(1184): CodeIgniter\View\View->render('userhome', [], true)
 5 APPPATH\Controllers\userhome.php(10): view('userhome')
 6 SYSTEMPATH\CodeIgniter.php(934): App\Controllers\userhome->index()
 7 SYSTEMPATH\CodeIgniter.php(499): CodeIgniter\CodeIgniter->runController(Object(App\Controllers\userhome))
 8 SYSTEMPATH\CodeIgniter.php(368): CodeIgniter\CodeIgniter->handleRequest(null, Object(Config\Cache), false)
 9 FCPATH\index.php(67): CodeIgniter\CodeIgniter->run()
CRITICAL - 2023-05-26 10:16:28 --> Undefined variable $userid
in APPPATH\Views\userhome.php on line 91.
 1 APPPATH\Views\userhome.php(91): CodeIgniter\Debug\Exceptions->errorHandler(2, 'Undefined variable $userid', 'C:\\xampp\\htdocs\\codeigniter\\app\\Views\\userhome.php', 91)
 2 SYSTEMPATH\View\View.php(213): include('C:\\xampp\\htdocs\\codeigniter\\app\\Views\\userhome.php')
 3 SYSTEMPATH\View\View.php(216): CodeIgniter\View\View->CodeIgniter\View\{closure}()
 4 SYSTEMPATH\Common.php(1184): CodeIgniter\View\View->render('userhome', [], true)
 5 APPPATH\Controllers\userhome.php(10): view('userhome')
 6 SYSTEMPATH\CodeIgniter.php(934): App\Controllers\userhome->index()
 7 SYSTEMPATH\CodeIgniter.php(499): CodeIgniter\CodeIgniter->runController(Object(App\Controllers\userhome))
 8 SYSTEMPATH\CodeIgniter.php(368): CodeIgniter\CodeIgniter->handleRequest(null, Object(Config\Cache), false)
 9 FCPATH\index.php(67): CodeIgniter\CodeIgniter->run()
CRITICAL - 2023-05-26 10:22:38 --> Undefined variable $userid
in APPPATH\Views\userhome.php on line 92.
 1 APPPATH\Views\userhome.php(92): CodeIgniter\Debug\Exceptions->errorHandler(2, 'Undefined variable $userid', 'C:\\xampp\\htdocs\\codeigniter\\app\\Views\\userhome.php', 92)
 2 SYSTEMPATH\View\View.php(213): include('C:\\xampp\\htdocs\\codeigniter\\app\\Views\\userhome.php')
 3 SYSTEMPATH\View\View.php(216): CodeIgniter\View\View->CodeIgniter\View\{closure}()
 4 SYSTEMPATH\Common.php(1184): CodeIgniter\View\View->render('userhome', [], true)
 5 APPPATH\Controllers\userhome.php(10): view('userhome')
 6 SYSTEMPATH\CodeIgniter.php(934): App\Controllers\userhome->index()
 7 SYSTEMPATH\CodeIgniter.php(499): CodeIgniter\CodeIgniter->runController(Object(App\Controllers\userhome))
 8 SYSTEMPATH\CodeIgniter.php(368): CodeIgniter\CodeIgniter->handleRequest(null, Object(Config\Cache), false)
 9 FCPATH\index.php(67): CodeIgniter\CodeIgniter->run()
CRITICAL - 2023-05-26 10:23:42 --> Undefined variable $userid
in APPPATH\Views\userhome.php on line 92.
 1 APPPATH\Views\userhome.php(92): CodeIgniter\Debug\Exceptions->errorHandler(2, 'Undefined variable $userid', 'C:\\xampp\\htdocs\\codeigniter\\app\\Views\\userhome.php', 92)
 2 SYSTEMPATH\View\View.php(213): include('C:\\xampp\\htdocs\\codeigniter\\app\\Views\\userhome.php')
 3 SYSTEMPATH\View\View.php(216): CodeIgniter\View\View->CodeIgniter\View\{closure}()
 4 SYSTEMPATH\Common.php(1184): CodeIgniter\View\View->render('userhome', [], true)
 5 APPPATH\Controllers\userhome.php(10): view('userhome')
 6 SYSTEMPATH\CodeIgniter.php(934): App\Controllers\userhome->index()
 7 SYSTEMPATH\CodeIgniter.php(499): CodeIgniter\CodeIgniter->runController(Object(App\Controllers\userhome))
 8 SYSTEMPATH\CodeIgniter.php(368): CodeIgniter\CodeIgniter->handleRequest(null, Object(Config\Cache), false)
 9 FCPATH\index.php(67): CodeIgniter\CodeIgniter->run()
CRITICAL - 2023-05-26 10:25:44 --> Undefined variable $userid
in APPPATH\Views\userhome.php on line 92.
 1 APPPATH\Views\userhome.php(92): CodeIgniter\Debug\Exceptions->errorHandler(2, 'Undefined variable $userid', 'C:\\xampp\\htdocs\\codeigniter\\app\\Views\\userhome.php', 92)
 2 SYSTEMPATH\View\View.php(213): include('C:\\xampp\\htdocs\\codeigniter\\app\\Views\\userhome.php')
 3 SYSTEMPATH\View\View.php(216): CodeIgniter\View\View->CodeIgniter\View\{closure}()
 4 SYSTEMPATH\Common.php(1184): CodeIgniter\View\View->render('userhome', [], true)
 5 APPPATH\Controllers\userhome.php(10): view('userhome')
 6 SYSTEMPATH\CodeIgniter.php(934): App\Controllers\userhome->index()
 7 SYSTEMPATH\CodeIgniter.php(499): CodeIgniter\CodeIgniter->runController(Object(App\Controllers\userhome))
 8 SYSTEMPATH\CodeIgniter.php(368): CodeIgniter\CodeIgniter->handleRequest(null, Object(Config\Cache), false)
 9 FCPATH\index.php(67): CodeIgniter\CodeIgniter->run()
CRITICAL - 2023-05-26 10:28:01 --> Undefined variable $userid
in APPPATH\Views\userhome.php on line 93.
 1 APPPATH\Views\userhome.php(93): CodeIgniter\Debug\Exceptions->errorHandler(2, 'Undefined variable $userid', 'C:\\xampp\\htdocs\\codeigniter\\app\\Views\\userhome.php', 93)
 2 SYSTEMPATH\View\View.php(213): include('C:\\xampp\\htdocs\\codeigniter\\app\\Views\\userhome.php')
 3 SYSTEMPATH\View\View.php(216): CodeIgniter\View\View->CodeIgniter\View\{closure}()
 4 SYSTEMPATH\Common.php(1184): CodeIgniter\View\View->render('userhome', [], true)
 5 APPPATH\Controllers\userhome.php(10): view('userhome')
 6 SYSTEMPATH\CodeIgniter.php(934): App\Controllers\userhome->index()
 7 SYSTEMPATH\CodeIgniter.php(499): CodeIgniter\CodeIgniter->runController(Object(App\Controllers\userhome))
 8 SYSTEMPATH\CodeIgniter.php(368): CodeIgniter\CodeIgniter->handleRequest(null, Object(Config\Cache), false)
 9 FCPATH\index.php(67): CodeIgniter\CodeIgniter->run()
CRITICAL - 2023-05-26 11:28:50 --> Undefined variable $userid
in APPPATH\Views\userhome.php on line 91.
 1 APPPATH\Views\userhome.php(91): CodeIgniter\Debug\Exceptions->errorHandler(2, 'Undefined variable $userid', 'C:\\xampp\\htdocs\\codeigniter\\app\\Views\\userhome.php', 91)
 2 SYSTEMPATH\View\View.php(213): include('C:\\xampp\\htdocs\\codeigniter\\app\\Views\\userhome.php')
 3 SYSTEMPATH\View\View.php(216): CodeIgniter\View\View->CodeIgniter\View\{closure}()
 4 SYSTEMPATH\Common.php(1184): CodeIgniter\View\View->render('userhome', [], true)
 5 APPPATH\Controllers\userhome.php(10): view('userhome')
 6 SYSTEMPATH\CodeIgniter.php(934): App\Controllers\userhome->index()
 7 SYSTEMPATH\CodeIgniter.php(499): CodeIgniter\CodeIgniter->runController(Object(App\Controllers\userhome))
 8 SYSTEMPATH\CodeIgniter.php(368): CodeIgniter\CodeIgniter->handleRequest(null, Object(Config\Cache), false)
 9 FCPATH\index.php(67): CodeIgniter\CodeIgniter->run()
CRITICAL - 2023-05-26 11:36:00 --> Undefined array key "userid"
in APPPATH\Views\userhome.php on line 2.
 1 APPPATH\Views\userhome.php(2): CodeIgniter\Debug\Exceptions->errorHandler(2, 'Undefined array key "userid"', 'C:\\xampp\\htdocs\\codeigniter\\app\\Views\\userhome.php', 2)
 2 SYSTEMPATH\View\View.php(213): include('C:\\xampp\\htdocs\\codeigniter\\app\\Views\\userhome.php')
 3 SYSTEMPATH\View\View.php(216): CodeIgniter\View\View->CodeIgniter\View\{closure}()
 4 SYSTEMPATH\Common.php(1184): CodeIgniter\View\View->render('userhome', [], true)
 5 APPPATH\Controllers\userhome.php(10): view('userhome')
 6 SYSTEMPATH\CodeIgniter.php(934): App\Controllers\userhome->index()
 7 SYSTEMPATH\CodeIgniter.php(499): CodeIgniter\CodeIgniter->runController(Object(App\Controllers\userhome))
 8 SYSTEMPATH\CodeIgniter.php(368): CodeIgniter\CodeIgniter->handleRequest(null, Object(Config\Cache), false)
 9 FCPATH\index.php(67): CodeIgniter\CodeIgniter->run()
CRITICAL - 2023-05-26 11:36:25 --> Undefined array key "userid"
in APPPATH\Views\userhome.php on line 2.
 1 APPPATH\Views\userhome.php(2): CodeIgniter\Debug\Exceptions->errorHandler(2, 'Undefined array key "userid"', 'C:\\xampp\\htdocs\\codeigniter\\app\\Views\\userhome.php', 2)
 2 SYSTEMPATH\View\View.php(213): include('C:\\xampp\\htdocs\\codeigniter\\app\\Views\\userhome.php')
 3 SYSTEMPATH\View\View.php(216): CodeIgniter\View\View->CodeIgniter\View\{closure}()
 4 SYSTEMPATH\Common.php(1184): CodeIgniter\View\View->render('userhome', [], true)
 5 APPPATH\Controllers\userhome.php(10): view('userhome')
 6 SYSTEMPATH\CodeIgniter.php(934): App\Controllers\userhome->index()
 7 SYSTEMPATH\CodeIgniter.php(499): CodeIgniter\CodeIgniter->runController(Object(App\Controllers\userhome))
 8 SYSTEMPATH\CodeIgniter.php(368): CodeIgniter\CodeIgniter->handleRequest(null, Object(Config\Cache), false)
 9 FCPATH\index.php(67): CodeIgniter\CodeIgniter->run()
CRITICAL - 2023-05-26 11:38:09 --> Undefined variable $userid
in APPPATH\Views\userhome.php on line 92.
 1 APPPATH\Views\userhome.php(92): CodeIgniter\Debug\Exceptions->errorHandler(2, 'Undefined variable $userid', 'C:\\xampp\\htdocs\\codeigniter\\app\\Views\\userhome.php', 92)
 2 SYSTEMPATH\View\View.php(213): include('C:\\xampp\\htdocs\\codeigniter\\app\\Views\\userhome.php')
 3 SYSTEMPATH\View\View.php(216): CodeIgniter\View\View->CodeIgniter\View\{closure}()
 4 SYSTEMPATH\Common.php(1184): CodeIgniter\View\View->render('userhome', [], true)
 5 APPPATH\Controllers\userhome.php(10): view('userhome')
 6 SYSTEMPATH\CodeIgniter.php(934): App\Controllers\userhome->index()
 7 SYSTEMPATH\CodeIgniter.php(499): CodeIgniter\CodeIgniter->runController(Object(App\Controllers\userhome))
 8 SYSTEMPATH\CodeIgniter.php(368): CodeIgniter\CodeIgniter->handleRequest(null, Object(Config\Cache), false)
 9 FCPATH\index.php(67): CodeIgniter\CodeIgniter->run()
CRITICAL - 2023-05-26 11:38:13 --> Undefined variable $userid
in APPPATH\Views\userhome.php on line 92.
 1 APPPATH\Views\userhome.php(92): CodeIgniter\Debug\Exceptions->errorHandler(2, 'Undefined variable $userid', 'C:\\xampp\\htdocs\\codeigniter\\app\\Views\\userhome.php', 92)
 2 SYSTEMPATH\View\View.php(213): include('C:\\xampp\\htdocs\\codeigniter\\app\\Views\\userhome.php')
 3 SYSTEMPATH\View\View.php(216): CodeIgniter\View\View->CodeIgniter\View\{closure}()
 4 SYSTEMPATH\Common.php(1184): CodeIgniter\View\View->render('userhome', [], true)
 5 APPPATH\Controllers\userhome.php(10): view('userhome')
 6 SYSTEMPATH\CodeIgniter.php(934): App\Controllers\userhome->index()
 7 SYSTEMPATH\CodeIgniter.php(499): CodeIgniter\CodeIgniter->runController(Object(App\Controllers\userhome))
 8 SYSTEMPATH\CodeIgniter.php(368): CodeIgniter\CodeIgniter->handleRequest(null, Object(Config\Cache), false)
 9 FCPATH\index.php(67): CodeIgniter\CodeIgniter->run()
CRITICAL - 2023-05-26 11:38:14 --> Undefined variable $userid
in APPPATH\Views\userhome.php on line 92.
 1 APPPATH\Views\userhome.php(92): CodeIgniter\Debug\Exceptions->errorHandler(2, 'Undefined variable $userid', 'C:\\xampp\\htdocs\\codeigniter\\app\\Views\\userhome.php', 92)
 2 SYSTEMPATH\View\View.php(213): include('C:\\xampp\\htdocs\\codeigniter\\app\\Views\\userhome.php')
 3 SYSTEMPATH\View\View.php(216): CodeIgniter\View\View->CodeIgniter\View\{closure}()
 4 SYSTEMPATH\Common.php(1184): CodeIgniter\View\View->render('userhome', [], true)
 5 APPPATH\Controllers\userhome.php(10): view('userhome')
 6 SYSTEMPATH\CodeIgniter.php(934): App\Controllers\userhome->index()
 7 SYSTEMPATH\CodeIgniter.php(499): CodeIgniter\CodeIgniter->runController(Object(App\Controllers\userhome))
 8 SYSTEMPATH\CodeIgniter.php(368): CodeIgniter\CodeIgniter->handleRequest(null, Object(Config\Cache), false)
 9 FCPATH\index.php(67): CodeIgniter\CodeIgniter->run()
CRITICAL - 2023-05-26 11:39:30 --> Undefined variable $userid
in APPPATH\Views\userhome.php on line 92.
 1 APPPATH\Views\userhome.php(92): CodeIgniter\Debug\Exceptions->errorHandler(2, 'Undefined variable $userid', 'C:\\xampp\\htdocs\\codeigniter\\app\\Views\\userhome.php', 92)
 2 SYSTEMPATH\View\View.php(213): include('C:\\xampp\\htdocs\\codeigniter\\app\\Views\\userhome.php')
 3 SYSTEMPATH\View\View.php(216): CodeIgniter\View\View->CodeIgniter\View\{closure}()
 4 SYSTEMPATH\Common.php(1184): CodeIgniter\View\View->render('userhome', [], true)
 5 APPPATH\Controllers\userhome.php(10): view('userhome')
 6 SYSTEMPATH\CodeIgniter.php(934): App\Controllers\userhome->index()
 7 SYSTEMPATH\CodeIgniter.php(499): CodeIgniter\CodeIgniter->runController(Object(App\Controllers\userhome))
 8 SYSTEMPATH\CodeIgniter.php(368): CodeIgniter\CodeIgniter->handleRequest(null, Object(Config\Cache), false)
 9 FCPATH\index.php(67): CodeIgniter\CodeIgniter->run()
CRITICAL - 2023-05-26 11:41:01 --> Undefined variable $userid
in APPPATH\Views\userhome.php on line 92.
 1 APPPATH\Views\userhome.php(92): CodeIgniter\Debug\Exceptions->errorHandler(2, 'Undefined variable $userid', 'C:\\xampp\\htdocs\\codeigniter\\app\\Views\\userhome.php', 92)
 2 SYSTEMPATH\View\View.php(213): include('C:\\xampp\\htdocs\\codeigniter\\app\\Views\\userhome.php')
 3 SYSTEMPATH\View\View.php(216): CodeIgniter\View\View->CodeIgniter\View\{closure}()
 4 SYSTEMPATH\Common.php(1184): CodeIgniter\View\View->render('userhome', [], true)
 5 APPPATH\Controllers\userhome.php(10): view('userhome')
 6 SYSTEMPATH\CodeIgniter.php(934): App\Controllers\userhome->index()
 7 SYSTEMPATH\CodeIgniter.php(499): CodeIgniter\CodeIgniter->runController(Object(App\Controllers\userhome))
 8 SYSTEMPATH\CodeIgniter.php(368): CodeIgniter\CodeIgniter->handleRequest(null, Object(Config\Cache), false)
 9 FCPATH\index.php(67): CodeIgniter\CodeIgniter->run()
CRITICAL - 2023-05-26 11:41:23 --> Undefined array key "userid"
in APPPATH\Views\userprofile.php on line 2.
 1 APPPATH\Views\userprofile.php(2): CodeIgniter\Debug\Exceptions->errorHandler(2, 'Undefined array key "userid"', 'C:\\xampp\\htdocs\\codeigniter\\app\\Views\\userprofile.php', 2)
 2 SYSTEMPATH\View\View.php(213): include('C:\\xampp\\htdocs\\codeigniter\\app\\Views\\userprofile.php')
 3 SYSTEMPATH\View\View.php(216): CodeIgniter\View\View->CodeIgniter\View\{closure}()
 4 SYSTEMPATH\Common.php(1184): CodeIgniter\View\View->render('userprofile', [], true)
 5 APPPATH\Controllers\userprofile.php(10): view('userprofile')
 6 SYSTEMPATH\CodeIgniter.php(934): App\Controllers\userprofile->index()
 7 SYSTEMPATH\CodeIgniter.php(499): CodeIgniter\CodeIgniter->runController(Object(App\Controllers\userprofile))
 8 SYSTEMPATH\CodeIgniter.php(368): CodeIgniter\CodeIgniter->handleRequest(null, Object(Config\Cache), false)
 9 FCPATH\index.php(67): CodeIgniter\CodeIgniter->run()
CRITICAL - 2023-05-26 11:41:28 --> Undefined variable $userid
in APPPATH\Views\userhome.php on line 92.
 1 APPPATH\Views\userhome.php(92): CodeIgniter\Debug\Exceptions->errorHandler(2, 'Undefined variable $userid', 'C:\\xampp\\htdocs\\codeigniter\\app\\Views\\userhome.php', 92)
 2 SYSTEMPATH\View\View.php(213): include('C:\\xampp\\htdocs\\codeigniter\\app\\Views\\userhome.php')
 3 SYSTEMPATH\View\View.php(216): CodeIgniter\View\View->CodeIgniter\View\{closure}()
 4 SYSTEMPATH\Common.php(1184): CodeIgniter\View\View->render('userhome', [], true)
 5 APPPATH\Controllers\userhome.php(10): view('userhome')
 6 SYSTEMPATH\CodeIgniter.php(934): App\Controllers\userhome->index()
 7 SYSTEMPATH\CodeIgniter.php(499): CodeIgniter\CodeIgniter->runController(Object(App\Controllers\userhome))
 8 SYSTEMPATH\CodeIgniter.php(368): CodeIgniter\CodeIgniter->handleRequest(null, Object(Config\Cache), false)
 9 FCPATH\index.php(67): CodeIgniter\CodeIgniter->run()
CRITICAL - 2023-05-26 11:43:36 --> Undefined array key "userid"
in APPPATH\Views\userprofile.php on line 2.
 1 APPPATH\Views\userprofile.php(2): CodeIgniter\Debug\Exceptions->errorHandler(2, 'Undefined array key "userid"', 'C:\\xampp\\htdocs\\codeigniter\\app\\Views\\userprofile.php', 2)
 2 SYSTEMPATH\View\View.php(213): include('C:\\xampp\\htdocs\\codeigniter\\app\\Views\\userprofile.php')
 3 SYSTEMPATH\View\View.php(216): CodeIgniter\View\View->CodeIgniter\View\{closure}()
 4 SYSTEMPATH\Common.php(1184): CodeIgniter\View\View->render('userprofile', [], true)
 5 APPPATH\Controllers\userprofile.php(10): view('userprofile')
 6 SYSTEMPATH\CodeIgniter.php(934): App\Controllers\userprofile->index()
 7 SYSTEMPATH\CodeIgniter.php(499): CodeIgniter\CodeIgniter->runController(Object(App\Controllers\userprofile))
 8 SYSTEMPATH\CodeIgniter.php(368): CodeIgniter\CodeIgniter->handleRequest(null, Object(Config\Cache), false)
 9 FCPATH\index.php(67): CodeIgniter\CodeIgniter->run()
CRITICAL - 2023-05-26 11:46:44 --> Undefined variable $userid
in APPPATH\Views\userhome.php on line 92.
 1 APPPATH\Views\userhome.php(92): CodeIgniter\Debug\Exceptions->errorHandler(2, 'Undefined variable $userid', 'C:\\xampp\\htdocs\\codeigniter\\app\\Views\\userhome.php', 92)
 2 SYSTEMPATH\View\View.php(213): include('C:\\xampp\\htdocs\\codeigniter\\app\\Views\\userhome.php')
 3 SYSTEMPATH\View\View.php(216): CodeIgniter\View\View->CodeIgniter\View\{closure}()
 4 SYSTEMPATH\Common.php(1184): CodeIgniter\View\View->render('userhome', [], true)
 5 APPPATH\Controllers\userhome.php(10): view('userhome')
 6 SYSTEMPATH\CodeIgniter.php(934): App\Controllers\userhome->index()
 7 SYSTEMPATH\CodeIgniter.php(499): CodeIgniter\CodeIgniter->runController(Object(App\Controllers\userhome))
 8 SYSTEMPATH\CodeIgniter.php(368): CodeIgniter\CodeIgniter->handleRequest(null, Object(Config\Cache), false)
 9 FCPATH\index.php(67): CodeIgniter\CodeIgniter->run()
CRITICAL - 2023-05-26 11:53:14 --> Undefined array key "userid"
in APPPATH\Views\userprofile.php on line 2.
 1 APPPATH\Views\userprofile.php(2): CodeIgniter\Debug\Exceptions->errorHandler(2, 'Undefined array key "userid"', 'C:\\xampp\\htdocs\\codeigniter\\app\\Views\\userprofile.php', 2)
 2 SYSTEMPATH\View\View.php(213): include('C:\\xampp\\htdocs\\codeigniter\\app\\Views\\userprofile.php')
 3 SYSTEMPATH\View\View.php(216): CodeIgniter\View\View->CodeIgniter\View\{closure}()
 4 SYSTEMPATH\Common.php(1184): CodeIgniter\View\View->render('userprofile', [], true)
 5 APPPATH\Controllers\userprofile.php(26): view('userprofile')
 6 SYSTEMPATH\CodeIgniter.php(934): App\Controllers\userprofile->abc()
 7 SYSTEMPATH\CodeIgniter.php(499): CodeIgniter\CodeIgniter->runController(Object(App\Controllers\userprofile))
 8 SYSTEMPATH\CodeIgniter.php(368): CodeIgniter\CodeIgniter->handleRequest(null, Object(Config\Cache), false)
 9 FCPATH\index.php(67): CodeIgniter\CodeIgniter->run()
CRITICAL - 2023-05-26 11:54:39 --> Undefined variable $userid
in APPPATH\Views\userhome.php on line 92.
 1 APPPATH\Views\userhome.php(92): CodeIgniter\Debug\Exceptions->errorHandler(2, 'Undefined variable $userid', 'C:\\xampp\\htdocs\\codeigniter\\app\\Views\\userhome.php', 92)
 2 SYSTEMPATH\View\View.php(213): include('C:\\xampp\\htdocs\\codeigniter\\app\\Views\\userhome.php')
 3 SYSTEMPATH\View\View.php(216): CodeIgniter\View\View->CodeIgniter\View\{closure}()
 4 SYSTEMPATH\Common.php(1184): CodeIgniter\View\View->render('userhome', [], true)
 5 APPPATH\Controllers\userhome.php(10): view('userhome')
 6 SYSTEMPATH\CodeIgniter.php(934): App\Controllers\userhome->index()
 7 SYSTEMPATH\CodeIgniter.php(499): CodeIgniter\CodeIgniter->runController(Object(App\Controllers\userhome))
 8 SYSTEMPATH\CodeIgniter.php(368): CodeIgniter\CodeIgniter->handleRequest(null, Object(Config\Cache), false)
 9 FCPATH\index.php(67): CodeIgniter\CodeIgniter->run()
CRITICAL - 2023-05-26 11:56:27 --> Undefined variable $userid
in APPPATH\Views\userhome.php on line 92.
 1 APPPATH\Views\userhome.php(92): CodeIgniter\Debug\Exceptions->errorHandler(2, 'Undefined variable $userid', 'C:\\xampp\\htdocs\\codeigniter\\app\\Views\\userhome.php', 92)
 2 SYSTEMPATH\View\View.php(213): include('C:\\xampp\\htdocs\\codeigniter\\app\\Views\\userhome.php')
 3 SYSTEMPATH\View\View.php(216): CodeIgniter\View\View->CodeIgniter\View\{closure}()
 4 SYSTEMPATH\Common.php(1184): CodeIgniter\View\View->render('userhome', [], true)
 5 APPPATH\Controllers\userhome.php(10): view('userhome')
 6 SYSTEMPATH\CodeIgniter.php(934): App\Controllers\userhome->index()
 7 SYSTEMPATH\CodeIgniter.php(499): CodeIgniter\CodeIgniter->runController(Object(App\Controllers\userhome))
 8 SYSTEMPATH\CodeIgniter.php(368): CodeIgniter\CodeIgniter->handleRequest(null, Object(Config\Cache), false)
 9 FCPATH\index.php(67): CodeIgniter\CodeIgniter->run()
CRITICAL - 2023-05-26 11:59:16 --> Undefined variable $userid
in APPPATH\Views\userhome.php on line 92.
 1 APPPATH\Views\userhome.php(92): CodeIgniter\Debug\Exceptions->errorHandler(2, 'Undefined variable $userid', 'C:\\xampp\\htdocs\\codeigniter\\app\\Views\\userhome.php', 92)
 2 SYSTEMPATH\View\View.php(213): include('C:\\xampp\\htdocs\\codeigniter\\app\\Views\\userhome.php')
 3 SYSTEMPATH\View\View.php(216): CodeIgniter\View\View->CodeIgniter\View\{closure}()
 4 SYSTEMPATH\Common.php(1184): CodeIgniter\View\View->render('userhome', [], true)
 5 APPPATH\Controllers\userhome.php(10): view('userhome')
 6 SYSTEMPATH\CodeIgniter.php(934): App\Controllers\userhome->index()
 7 SYSTEMPATH\CodeIgniter.php(499): CodeIgniter\CodeIgniter->runController(Object(App\Controllers\userhome))
 8 SYSTEMPATH\CodeIgniter.php(368): CodeIgniter\CodeIgniter->handleRequest(null, Object(Config\Cache), false)
 9 FCPATH\index.php(67): CodeIgniter\CodeIgniter->run()
CRITICAL - 2023-05-26 11:59:34 --> Undefined variable $userModel
in APPPATH\Controllers\userprofile.php on line 27.
 1 APPPATH\Controllers\userprofile.php(27): CodeIgniter\Debug\Exceptions->errorHandler(2, 'Undefined variable $userModel', 'C:\\xampp\\htdocs\\codeigniter\\app\\Controllers\\userprofile.php', 27)
 2 SYSTEMPATH\CodeIgniter.php(934): App\Controllers\userprofile->abc()
 3 SYSTEMPATH\CodeIgniter.php(499): CodeIgniter\CodeIgniter->runController(Object(App\Controllers\userprofile))
 4 SYSTEMPATH\CodeIgniter.php(368): CodeIgniter\CodeIgniter->handleRequest(null, Object(Config\Cache), false)
 5 FCPATH\index.php(67): CodeIgniter\CodeIgniter->run()
CRITICAL - 2023-05-26 12:00:12 --> Undefined variable $userid
in APPPATH\Views\userhome.php on line 92.
 1 APPPATH\Views\userhome.php(92): CodeIgniter\Debug\Exceptions->errorHandler(2, 'Undefined variable $userid', 'C:\\xampp\\htdocs\\codeigniter\\app\\Views\\userhome.php', 92)
 2 SYSTEMPATH\View\View.php(213): include('C:\\xampp\\htdocs\\codeigniter\\app\\Views\\userhome.php')
 3 SYSTEMPATH\View\View.php(216): CodeIgniter\View\View->CodeIgniter\View\{closure}()
 4 SYSTEMPATH\Common.php(1184): CodeIgniter\View\View->render('userhome', [], true)
 5 APPPATH\Controllers\userhome.php(10): view('userhome')
 6 SYSTEMPATH\CodeIgniter.php(934): App\Controllers\userhome->index()
 7 SYSTEMPATH\CodeIgniter.php(499): CodeIgniter\CodeIgniter->runController(Object(App\Controllers\userhome))
 8 SYSTEMPATH\CodeIgniter.php(368): CodeIgniter\CodeIgniter->handleRequest(null, Object(Config\Cache), false)
 9 FCPATH\index.php(67): CodeIgniter\CodeIgniter->run()
CRITICAL - 2023-05-26 12:07:12 --> Undefined variable $userid
in APPPATH\Views\userhome.php on line 94.
 1 APPPATH\Views\userhome.php(94): CodeIgniter\Debug\Exceptions->errorHandler(2, 'Undefined variable $userid', 'C:\\xampp\\htdocs\\codeigniter\\app\\Views\\userhome.php', 94)
 2 SYSTEMPATH\View\View.php(213): include('C:\\xampp\\htdocs\\codeigniter\\app\\Views\\userhome.php')
 3 SYSTEMPATH\View\View.php(216): CodeIgniter\View\View->CodeIgniter\View\{closure}()
 4 SYSTEMPATH\Common.php(1184): CodeIgniter\View\View->render('userhome', [], true)
 5 APPPATH\Controllers\userhome.php(10): view('userhome')
 6 SYSTEMPATH\CodeIgniter.php(934): App\Controllers\userhome->index()
 7 SYSTEMPATH\CodeIgniter.php(499): CodeIgniter\CodeIgniter->runController(Object(App\Controllers\userhome))
 8 SYSTEMPATH\CodeIgniter.php(368): CodeIgniter\CodeIgniter->handleRequest(null, Object(Config\Cache), false)
 9 FCPATH\index.php(67): CodeIgniter\CodeIgniter->run()
CRITICAL - 2023-05-26 12:07:42 --> Undefined variable $userData
in APPPATH\Views\userprofile.php on line 10.
 1 APPPATH\Views\userprofile.php(10): CodeIgniter\Debug\Exceptions->errorHandler(2, 'Undefined variable $userData', 'C:\\xampp\\htdocs\\codeigniter\\app\\Views\\userprofile.php', 10)
 2 SYSTEMPATH\View\View.php(213): include('C:\\xampp\\htdocs\\codeigniter\\app\\Views\\userprofile.php')
 3 SYSTEMPATH\View\View.php(216): CodeIgniter\View\View->CodeIgniter\View\{closure}()
 4 SYSTEMPATH\Common.php(1184): CodeIgniter\View\View->render('userprofile', [], true)
 5 APPPATH\Controllers\userprofile.php(22): view('userprofile')
 6 SYSTEMPATH\CodeIgniter.php(934): App\Controllers\userprofile->userprofilel()
 7 SYSTEMPATH\CodeIgniter.php(499): CodeIgniter\CodeIgniter->runController(Object(App\Controllers\userprofile))
 8 SYSTEMPATH\CodeIgniter.php(368): CodeIgniter\CodeIgniter->handleRequest(null, Object(Config\Cache), false)
 9 FCPATH\index.php(67): CodeIgniter\CodeIgniter->run()
CRITICAL - 2023-05-26 12:09:05 --> Undefined variable $userid
in APPPATH\Views\userprofile.php on line 21.
 1 APPPATH\Views\userprofile.php(21): CodeIgniter\Debug\Exceptions->errorHandler(2, 'Undefined variable $userid', 'C:\\xampp\\htdocs\\codeigniter\\app\\Views\\userprofile.php', 21)
 2 SYSTEMPATH\View\View.php(213): include('C:\\xampp\\htdocs\\codeigniter\\app\\Views\\userprofile.php')
 3 SYSTEMPATH\View\View.php(216): CodeIgniter\View\View->CodeIgniter\View\{closure}()
 4 SYSTEMPATH\Common.php(1184): CodeIgniter\View\View->render('userprofile', [], true)
 5 APPPATH\Controllers\userprofile.php(22): view('userprofile')
 6 SYSTEMPATH\CodeIgniter.php(934): App\Controllers\userprofile->userprofilel()
 7 SYSTEMPATH\CodeIgniter.php(499): CodeIgniter\CodeIgniter->runController(Object(App\Controllers\userprofile))
 8 SYSTEMPATH\CodeIgniter.php(368): CodeIgniter\CodeIgniter->handleRequest(null, Object(Config\Cache), false)
 9 FCPATH\index.php(67): CodeIgniter\CodeIgniter->run()
CRITICAL - 2023-05-26 12:09:19 --> Undefined variable $userid
in APPPATH\Views\userprofile.php on line 21.
 1 APPPATH\Views\userprofile.php(21): CodeIgniter\Debug\Exceptions->errorHandler(2, 'Undefined variable $userid', 'C:\\xampp\\htdocs\\codeigniter\\app\\Views\\userprofile.php', 21)
 2 SYSTEMPATH\View\View.php(213): include('C:\\xampp\\htdocs\\codeigniter\\app\\Views\\userprofile.php')
 3 SYSTEMPATH\View\View.php(216): CodeIgniter\View\View->CodeIgniter\View\{closure}()
 4 SYSTEMPATH\Common.php(1184): CodeIgniter\View\View->render('userprofile', [], true)
 5 APPPATH\Controllers\userprofile.php(22): view('userprofile')
 6 SYSTEMPATH\CodeIgniter.php(934): App\Controllers\userprofile->userprofilel()
 7 SYSTEMPATH\CodeIgniter.php(499): CodeIgniter\CodeIgniter->runController(Object(App\Controllers\userprofile))
 8 SYSTEMPATH\CodeIgniter.php(368): CodeIgniter\CodeIgniter->handleRequest(null, Object(Config\Cache), false)
 9 FCPATH\index.php(67): CodeIgniter\CodeIgniter->run()
CRITICAL - 2023-05-26 12:11:12 --> Undefined variable $userid
in APPPATH\Views\userprofile.php on line 21.
 1 APPPATH\Views\userprofile.php(21): CodeIgniter\Debug\Exceptions->errorHandler(2, 'Undefined variable $userid', 'C:\\xampp\\htdocs\\codeigniter\\app\\Views\\userprofile.php', 21)
 2 SYSTEMPATH\View\View.php(213): include('C:\\xampp\\htdocs\\codeigniter\\app\\Views\\userprofile.php')
 3 SYSTEMPATH\View\View.php(216): CodeIgniter\View\View->CodeIgniter\View\{closure}()
 4 SYSTEMPATH\Common.php(1184): CodeIgniter\View\View->render('userprofile', [], true)
 5 APPPATH\Controllers\userprofile.php(22): view('userprofile')
 6 SYSTEMPATH\CodeIgniter.php(934): App\Controllers\userprofile->userprofilel()
 7 SYSTEMPATH\CodeIgniter.php(499): CodeIgniter\CodeIgniter->runController(Object(App\Controllers\userprofile))
 8 SYSTEMPATH\CodeIgniter.php(368): CodeIgniter\CodeIgniter->handleRequest(null, Object(Config\Cache), false)
 9 FCPATH\index.php(67): CodeIgniter\CodeIgniter->run()
CRITICAL - 2023-05-26 12:11:36 --> Undefined variable $userid
in APPPATH\Views\userprofile.php on line 21.
 1 APPPATH\Views\userprofile.php(21): CodeIgniter\Debug\Exceptions->errorHandler(2, 'Undefined variable $userid', 'C:\\xampp\\htdocs\\codeigniter\\app\\Views\\userprofile.php', 21)
 2 SYSTEMPATH\View\View.php(213): include('C:\\xampp\\htdocs\\codeigniter\\app\\Views\\userprofile.php')
 3 SYSTEMPATH\View\View.php(216): CodeIgniter\View\View->CodeIgniter\View\{closure}()
 4 SYSTEMPATH\Common.php(1184): CodeIgniter\View\View->render('userprofile', [], true)
 5 APPPATH\Controllers\userprofile.php(22): view('userprofile')
 6 SYSTEMPATH\CodeIgniter.php(934): App\Controllers\userprofile->userprofilel()
 7 SYSTEMPATH\CodeIgniter.php(499): CodeIgniter\CodeIgniter->runController(Object(App\Controllers\userprofile))
 8 SYSTEMPATH\CodeIgniter.php(368): CodeIgniter\CodeIgniter->handleRequest(null, Object(Config\Cache), false)
 9 FCPATH\index.php(67): CodeIgniter\CodeIgniter->run()
