CRITICAL - 2023-05-30 05:18:51 --> Undefined variable $userid
in APPPATH\Views\userhome.php on line 101.
 1 APPPATH\Views\userhome.php(101): CodeIgniter\Debug\Exceptions->errorHandler(2, 'Undefined variable $userid', 'C:\\xampp\\htdocs\\codeigniter\\app\\Views\\userhome.php', 101)
 2 SYSTEMPATH\View\View.php(213): include('C:\\xampp\\htdocs\\codeigniter\\app\\Views\\userhome.php')
 3 SYSTEMPATH\View\View.php(216): CodeIgniter\View\View->CodeIgniter\View\{closure}()
 4 SYSTEMPATH\Common.php(1184): CodeIgniter\View\View->render('userhome', [], true)
 5 APPPATH\Controllers\userhome.php(11): view('userhome')
 6 SYSTEMPATH\CodeIgniter.php(934): App\Controllers\userhome->index()
 7 SYSTEMPATH\CodeIgniter.php(499): CodeIgniter\CodeIgniter->runController(Object(App\Controllers\userhome))
 8 SYSTEMPATH\CodeIgniter.php(368): CodeIgniter\CodeIgniter->handleRequest(null, Object(Config\Cache), false)
 9 FCPATH\index.php(67): CodeIgniter\CodeIgniter->run()
CRITICAL - 2023-05-30 05:23:52 --> Undefined variable $userid
in APPPATH\Views\adminhome.php on line 88.
 1 APPPATH\Views\adminhome.php(88): CodeIgniter\Debug\Exceptions->errorHandler(2, 'Undefined variable $userid', 'C:\\xampp\\htdocs\\codeigniter\\app\\Views\\adminhome.php', 88)
 2 SYSTEMPATH\View\View.php(213): include('C:\\xampp\\htdocs\\codeigniter\\app\\Views\\adminhome.php')
 3 SYSTEMPATH\View\View.php(216): CodeIgniter\View\View->CodeIgniter\View\{closure}()
 4 SYSTEMPATH\Common.php(1184): CodeIgniter\View\View->render('adminhome', [], true)
 5 APPPATH\Controllers\adminhome.php(12): view('adminhome')
 6 SYSTEMPATH\CodeIgniter.php(934): App\Controllers\adminhome->index()
 7 SYSTEMPATH\CodeIgniter.php(499): CodeIgniter\CodeIgniter->runController(Object(App\Controllers\adminhome))
 8 SYSTEMPATH\CodeIgniter.php(368): CodeIgniter\CodeIgniter->handleRequest(null, Object(Config\Cache), false)
 9 FCPATH\index.php(67): CodeIgniter\CodeIgniter->run()
CRITICAL - 2023-05-30 05:41:34 --> Undefined variable $productDatal
in APPPATH\Views\viewusers.php on line 170.
 1 APPPATH\Views\viewusers.php(170): CodeIgniter\Debug\Exceptions->errorHandler(2, 'Undefined variable $productDatal', 'C:\\xampp\\htdocs\\codeigniter\\app\\Views\\viewusers.php', 170)
 2 SYSTEMPATH\View\View.php(213): include('C:\\xampp\\htdocs\\codeigniter\\app\\Views\\viewusers.php')
 3 SYSTEMPATH\View\View.php(216): CodeIgniter\View\View->CodeIgniter\View\{closure}()
 4 SYSTEMPATH\Common.php(1184): CodeIgniter\View\View->render('viewusers', [], true)
 5 APPPATH\Controllers\viewusers.php(10): view('viewusers')
 6 SYSTEMPATH\CodeIgniter.php(934): App\Controllers\viewusers->index()
 7 SYSTEMPATH\CodeIgniter.php(499): CodeIgniter\CodeIgniter->runController(Object(App\Controllers\viewusers))
 8 SYSTEMPATH\CodeIgniter.php(368): CodeIgniter\CodeIgniter->handleRequest(null, Object(Config\Cache), false)
 9 FCPATH\index.php(67): CodeIgniter\CodeIgniter->run()
CRITICAL - 2023-05-30 08:28:18 --> Undefined variable $userid
in APPPATH\Views\adminhome.php on line 88.
 1 APPPATH\Views\adminhome.php(88): CodeIgniter\Debug\Exceptions->errorHandler(2, 'Undefined variable $userid', 'C:\\xampp\\htdocs\\codeigniter\\app\\Views\\adminhome.php', 88)
 2 SYSTEMPATH\View\View.php(213): include('C:\\xampp\\htdocs\\codeigniter\\app\\Views\\adminhome.php')
 3 SYSTEMPATH\View\View.php(216): CodeIgniter\View\View->CodeIgniter\View\{closure}()
 4 SYSTEMPATH\Common.php(1184): CodeIgniter\View\View->render('adminhome', [], true)
 5 APPPATH\Controllers\adminhome.php(14): view('adminhome')
 6 SYSTEMPATH\CodeIgniter.php(934): App\Controllers\adminhome->index()
 7 SYSTEMPATH\CodeIgniter.php(499): CodeIgniter\CodeIgniter->runController(Object(App\Controllers\adminhome))
 8 SYSTEMPATH\CodeIgniter.php(368): CodeIgniter\CodeIgniter->handleRequest(null, Object(Config\Cache), false)
 9 FCPATH\index.php(67): CodeIgniter\CodeIgniter->run()
CRITICAL - 2023-05-30 08:28:21 --> Undefined variable $userid
in APPPATH\Views\adminhome.php on line 88.
 1 APPPATH\Views\adminhome.php(88): CodeIgniter\Debug\Exceptions->errorHandler(2, 'Undefined variable $userid', 'C:\\xampp\\htdocs\\codeigniter\\app\\Views\\adminhome.php', 88)
 2 SYSTEMPATH\View\View.php(213): include('C:\\xampp\\htdocs\\codeigniter\\app\\Views\\adminhome.php')
 3 SYSTEMPATH\View\View.php(216): CodeIgniter\View\View->CodeIgniter\View\{closure}()
 4 SYSTEMPATH\Common.php(1184): CodeIgniter\View\View->render('adminhome', [], true)
 5 APPPATH\Controllers\adminhome.php(14): view('adminhome')
 6 SYSTEMPATH\CodeIgniter.php(934): App\Controllers\adminhome->index()
 7 SYSTEMPATH\CodeIgniter.php(499): CodeIgniter\CodeIgniter->runController(Object(App\Controllers\adminhome))
 8 SYSTEMPATH\CodeIgniter.php(368): CodeIgniter\CodeIgniter->handleRequest(null, Object(Config\Cache), false)
 9 FCPATH\index.php(67): CodeIgniter\CodeIgniter->run()
CRITICAL - 2023-05-30 08:37:03 --> Undefined variable $userData
in APPPATH\Views\adminprofile.php on line 34.
 1 APPPATH\Views\adminprofile.php(34): CodeIgniter\Debug\Exceptions->errorHandler(2, 'Undefined variable $userData', 'C:\\xampp\\htdocs\\codeigniter\\app\\Views\\adminprofile.php', 34)
 2 SYSTEMPATH\View\View.php(213): include('C:\\xampp\\htdocs\\codeigniter\\app\\Views\\adminprofile.php')
 3 SYSTEMPATH\View\View.php(216): CodeIgniter\View\View->CodeIgniter\View\{closure}()
 4 SYSTEMPATH\Common.php(1184): CodeIgniter\View\View->render('adminprofile', [], true)
 5 APPPATH\Controllers\adminprofile.php(10): view('adminprofile')
 6 SYSTEMPATH\CodeIgniter.php(934): App\Controllers\adminprofile->index()
 7 SYSTEMPATH\CodeIgniter.php(499): CodeIgniter\CodeIgniter->runController(Object(App\Controllers\adminprofile))
 8 SYSTEMPATH\CodeIgniter.php(368): CodeIgniter\CodeIgniter->handleRequest(null, Object(Config\Cache), false)
 9 FCPATH\index.php(67): CodeIgniter\CodeIgniter->run()
CRITICAL - 2023-05-30 08:46:24 --> Undefined variable $userid
in APPPATH\Views\adminprofile.php on line 34.
 1 APPPATH\Views\adminprofile.php(34): CodeIgniter\Debug\Exceptions->errorHandler(2, 'Undefined variable $userid', 'C:\\xampp\\htdocs\\codeigniter\\app\\Views\\adminprofile.php', 34)
 2 SYSTEMPATH\View\View.php(213): include('C:\\xampp\\htdocs\\codeigniter\\app\\Views\\adminprofile.php')
 3 SYSTEMPATH\View\View.php(216): CodeIgniter\View\View->CodeIgniter\View\{closure}()
 4 SYSTEMPATH\Common.php(1184): CodeIgniter\View\View->render('adminprofile', [], true)
 5 APPPATH\Controllers\adminprofile.php(10): view('adminprofile')
 6 SYSTEMPATH\CodeIgniter.php(934): App\Controllers\adminprofile->index()
 7 SYSTEMPATH\CodeIgniter.php(499): CodeIgniter\CodeIgniter->runController(Object(App\Controllers\adminprofile))
 8 SYSTEMPATH\CodeIgniter.php(368): CodeIgniter\CodeIgniter->handleRequest(null, Object(Config\Cache), false)
 9 FCPATH\index.php(67): CodeIgniter\CodeIgniter->run()
CRITICAL - 2023-05-30 10:10:47 --> Undefined variable $userid
in APPPATH\Views\adminhome.php on line 89.
 1 APPPATH\Views\adminhome.php(89): CodeIgniter\Debug\Exceptions->errorHandler(2, 'Undefined variable $userid', 'C:\\xampp\\htdocs\\codeigniter\\app\\Views\\adminhome.php', 89)
 2 SYSTEMPATH\View\View.php(213): include('C:\\xampp\\htdocs\\codeigniter\\app\\Views\\adminhome.php')
 3 SYSTEMPATH\View\View.php(216): CodeIgniter\View\View->CodeIgniter\View\{closure}()
 4 SYSTEMPATH\Common.php(1184): CodeIgniter\View\View->render('adminhome', [], true)
 5 APPPATH\Controllers\adminhome.php(14): view('adminhome')
 6 SYSTEMPATH\CodeIgniter.php(934): App\Controllers\adminhome->index()
 7 SYSTEMPATH\CodeIgniter.php(499): CodeIgniter\CodeIgniter->runController(Object(App\Controllers\adminhome))
 8 SYSTEMPATH\CodeIgniter.php(368): CodeIgniter\CodeIgniter->handleRequest(null, Object(Config\Cache), false)
 9 FCPATH\index.php(67): CodeIgniter\CodeIgniter->run()
CRITICAL - 2023-05-30 10:11:25 --> Undefined variable $userid
in APPPATH\Views\adminprofile.php on line 34.
 1 APPPATH\Views\adminprofile.php(34): CodeIgniter\Debug\Exceptions->errorHandler(2, 'Undefined variable $userid', 'C:\\xampp\\htdocs\\codeigniter\\app\\Views\\adminprofile.php', 34)
 2 SYSTEMPATH\View\View.php(213): include('C:\\xampp\\htdocs\\codeigniter\\app\\Views\\adminprofile.php')
 3 SYSTEMPATH\View\View.php(216): CodeIgniter\View\View->CodeIgniter\View\{closure}()
 4 SYSTEMPATH\Common.php(1184): CodeIgniter\View\View->render('adminprofile', [], true)
 5 APPPATH\Controllers\adminprofile.php(10): view('adminprofile')
 6 SYSTEMPATH\CodeIgniter.php(934): App\Controllers\adminprofile->index()
 7 SYSTEMPATH\CodeIgniter.php(499): CodeIgniter\CodeIgniter->runController(Object(App\Controllers\adminprofile))
 8 SYSTEMPATH\CodeIgniter.php(368): CodeIgniter\CodeIgniter->handleRequest(null, Object(Config\Cache), false)
 9 FCPATH\index.php(67): CodeIgniter\CodeIgniter->run()
CRITICAL - 2023-05-30 10:17:36 --> Undefined variable $userid
in APPPATH\Views\adminprofile.php on line 34.
 1 APPPATH\Views\adminprofile.php(34): CodeIgniter\Debug\Exceptions->errorHandler(2, 'Undefined variable $userid', 'C:\\xampp\\htdocs\\codeigniter\\app\\Views\\adminprofile.php', 34)
 2 SYSTEMPATH\View\View.php(213): include('C:\\xampp\\htdocs\\codeigniter\\app\\Views\\adminprofile.php')
 3 SYSTEMPATH\View\View.php(216): CodeIgniter\View\View->CodeIgniter\View\{closure}()
 4 SYSTEMPATH\Common.php(1184): CodeIgniter\View\View->render('adminprofile', [], true)
 5 APPPATH\Controllers\adminprofile.php(10): view('adminprofile')
 6 SYSTEMPATH\CodeIgniter.php(934): App\Controllers\adminprofile->index()
 7 SYSTEMPATH\CodeIgniter.php(499): CodeIgniter\CodeIgniter->runController(Object(App\Controllers\adminprofile))
 8 SYSTEMPATH\CodeIgniter.php(368): CodeIgniter\CodeIgniter->handleRequest(null, Object(Config\Cache), false)
 9 FCPATH\index.php(67): CodeIgniter\CodeIgniter->run()
CRITICAL - 2023-05-30 10:17:39 --> Undefined variable $userid
in APPPATH\Views\adminhome.php on line 89.
 1 APPPATH\Views\adminhome.php(89): CodeIgniter\Debug\Exceptions->errorHandler(2, 'Undefined variable $userid', 'C:\\xampp\\htdocs\\codeigniter\\app\\Views\\adminhome.php', 89)
 2 SYSTEMPATH\View\View.php(213): include('C:\\xampp\\htdocs\\codeigniter\\app\\Views\\adminhome.php')
 3 SYSTEMPATH\View\View.php(216): CodeIgniter\View\View->CodeIgniter\View\{closure}()
 4 SYSTEMPATH\Common.php(1184): CodeIgniter\View\View->render('adminhome', [], true)
 5 APPPATH\Controllers\adminhome.php(14): view('adminhome')
 6 SYSTEMPATH\CodeIgniter.php(934): App\Controllers\adminhome->index()
 7 SYSTEMPATH\CodeIgniter.php(499): CodeIgniter\CodeIgniter->runController(Object(App\Controllers\adminhome))
 8 SYSTEMPATH\CodeIgniter.php(368): CodeIgniter\CodeIgniter->handleRequest(null, Object(Config\Cache), false)
 9 FCPATH\index.php(67): CodeIgniter\CodeIgniter->run()
CRITICAL - 2023-05-30 10:17:56 --> Undefined variable $userid
in APPPATH\Views\adminprofile.php on line 34.
 1 APPPATH\Views\adminprofile.php(34): CodeIgniter\Debug\Exceptions->errorHandler(2, 'Undefined variable $userid', 'C:\\xampp\\htdocs\\codeigniter\\app\\Views\\adminprofile.php', 34)
 2 SYSTEMPATH\View\View.php(213): include('C:\\xampp\\htdocs\\codeigniter\\app\\Views\\adminprofile.php')
 3 SYSTEMPATH\View\View.php(216): CodeIgniter\View\View->CodeIgniter\View\{closure}()
 4 SYSTEMPATH\Common.php(1184): CodeIgniter\View\View->render('adminprofile', [], true)
 5 APPPATH\Controllers\adminprofile.php(10): view('adminprofile')
 6 SYSTEMPATH\CodeIgniter.php(934): App\Controllers\adminprofile->index()
 7 SYSTEMPATH\CodeIgniter.php(499): CodeIgniter\CodeIgniter->runController(Object(App\Controllers\adminprofile))
 8 SYSTEMPATH\CodeIgniter.php(368): CodeIgniter\CodeIgniter->handleRequest(null, Object(Config\Cache), false)
 9 FCPATH\index.php(67): CodeIgniter\CodeIgniter->run()
CRITICAL - 2023-05-30 10:18:24 --> Undefined variable $userid
in APPPATH\Views\adminhome.php on line 89.
 1 APPPATH\Views\adminhome.php(89): CodeIgniter\Debug\Exceptions->errorHandler(2, 'Undefined variable $userid', 'C:\\xampp\\htdocs\\codeigniter\\app\\Views\\adminhome.php', 89)
 2 SYSTEMPATH\View\View.php(213): include('C:\\xampp\\htdocs\\codeigniter\\app\\Views\\adminhome.php')
 3 SYSTEMPATH\View\View.php(216): CodeIgniter\View\View->CodeIgniter\View\{closure}()
 4 SYSTEMPATH\Common.php(1184): CodeIgniter\View\View->render('adminhome', [], true)
 5 APPPATH\Controllers\adminhome.php(14): view('adminhome')
 6 SYSTEMPATH\CodeIgniter.php(934): App\Controllers\adminhome->index()
 7 SYSTEMPATH\CodeIgniter.php(499): CodeIgniter\CodeIgniter->runController(Object(App\Controllers\adminhome))
 8 SYSTEMPATH\CodeIgniter.php(368): CodeIgniter\CodeIgniter->handleRequest(null, Object(Config\Cache), false)
 9 FCPATH\index.php(67): CodeIgniter\CodeIgniter->run()
CRITICAL - 2023-05-30 10:18:40 --> Undefined variable $userid
in APPPATH\Views\adminprofile.php on line 34.
 1 APPPATH\Views\adminprofile.php(34): CodeIgniter\Debug\Exceptions->errorHandler(2, 'Undefined variable $userid', 'C:\\xampp\\htdocs\\codeigniter\\app\\Views\\adminprofile.php', 34)
 2 SYSTEMPATH\View\View.php(213): include('C:\\xampp\\htdocs\\codeigniter\\app\\Views\\adminprofile.php')
 3 SYSTEMPATH\View\View.php(216): CodeIgniter\View\View->CodeIgniter\View\{closure}()
 4 SYSTEMPATH\Common.php(1184): CodeIgniter\View\View->render('adminprofile', [], true)
 5 APPPATH\Controllers\adminprofile.php(10): view('adminprofile')
 6 SYSTEMPATH\CodeIgniter.php(934): App\Controllers\adminprofile->index()
 7 SYSTEMPATH\CodeIgniter.php(499): CodeIgniter\CodeIgniter->runController(Object(App\Controllers\adminprofile))
 8 SYSTEMPATH\CodeIgniter.php(368): CodeIgniter\CodeIgniter->handleRequest(null, Object(Config\Cache), false)
 9 FCPATH\index.php(67): CodeIgniter\CodeIgniter->run()
CRITICAL - 2023-05-30 10:18:59 --> Undefined variable $userid
in APPPATH\Views\adminprofile.php on line 34.
 1 APPPATH\Views\adminprofile.php(34): CodeIgniter\Debug\Exceptions->errorHandler(2, 'Undefined variable $userid', 'C:\\xampp\\htdocs\\codeigniter\\app\\Views\\adminprofile.php', 34)
 2 SYSTEMPATH\View\View.php(213): include('C:\\xampp\\htdocs\\codeigniter\\app\\Views\\adminprofile.php')
 3 SYSTEMPATH\View\View.php(216): CodeIgniter\View\View->CodeIgniter\View\{closure}()
 4 SYSTEMPATH\Common.php(1184): CodeIgniter\View\View->render('adminprofile', [], true)
 5 APPPATH\Controllers\adminprofile.php(10): view('adminprofile')
 6 SYSTEMPATH\CodeIgniter.php(934): App\Controllers\adminprofile->index()
 7 SYSTEMPATH\CodeIgniter.php(499): CodeIgniter\CodeIgniter->runController(Object(App\Controllers\adminprofile))
 8 SYSTEMPATH\CodeIgniter.php(368): CodeIgniter\CodeIgniter->handleRequest(null, Object(Config\Cache), false)
 9 FCPATH\index.php(67): CodeIgniter\CodeIgniter->run()
CRITICAL - 2023-05-30 10:19:01 --> Undefined variable $userid
in APPPATH\Views\adminhome.php on line 89.
 1 APPPATH\Views\adminhome.php(89): CodeIgniter\Debug\Exceptions->errorHandler(2, 'Undefined variable $userid', 'C:\\xampp\\htdocs\\codeigniter\\app\\Views\\adminhome.php', 89)
 2 SYSTEMPATH\View\View.php(213): include('C:\\xampp\\htdocs\\codeigniter\\app\\Views\\adminhome.php')
 3 SYSTEMPATH\View\View.php(216): CodeIgniter\View\View->CodeIgniter\View\{closure}()
 4 SYSTEMPATH\Common.php(1184): CodeIgniter\View\View->render('adminhome', [], true)
 5 APPPATH\Controllers\adminhome.php(14): view('adminhome')
 6 SYSTEMPATH\CodeIgniter.php(934): App\Controllers\adminhome->index()
 7 SYSTEMPATH\CodeIgniter.php(499): CodeIgniter\CodeIgniter->runController(Object(App\Controllers\adminhome))
 8 SYSTEMPATH\CodeIgniter.php(368): CodeIgniter\CodeIgniter->handleRequest(null, Object(Config\Cache), false)
 9 FCPATH\index.php(67): CodeIgniter\CodeIgniter->run()
CRITICAL - 2023-05-30 10:19:16 --> Undefined variable $userid
in APPPATH\Views\adminprofile.php on line 34.
 1 APPPATH\Views\adminprofile.php(34): CodeIgniter\Debug\Exceptions->errorHandler(2, 'Undefined variable $userid', 'C:\\xampp\\htdocs\\codeigniter\\app\\Views\\adminprofile.php', 34)
 2 SYSTEMPATH\View\View.php(213): include('C:\\xampp\\htdocs\\codeigniter\\app\\Views\\adminprofile.php')
 3 SYSTEMPATH\View\View.php(216): CodeIgniter\View\View->CodeIgniter\View\{closure}()
 4 SYSTEMPATH\Common.php(1184): CodeIgniter\View\View->render('adminprofile', [], true)
 5 APPPATH\Controllers\adminprofile.php(10): view('adminprofile')
 6 SYSTEMPATH\CodeIgniter.php(934): App\Controllers\adminprofile->index()
 7 SYSTEMPATH\CodeIgniter.php(499): CodeIgniter\CodeIgniter->runController(Object(App\Controllers\adminprofile))
 8 SYSTEMPATH\CodeIgniter.php(368): CodeIgniter\CodeIgniter->handleRequest(null, Object(Config\Cache), false)
 9 FCPATH\index.php(67): CodeIgniter\CodeIgniter->run()
CRITICAL - 2023-05-30 10:19:58 --> Undefined variable $userid
in APPPATH\Views\adminhome.php on line 89.
 1 APPPATH\Views\adminhome.php(89): CodeIgniter\Debug\Exceptions->errorHandler(2, 'Undefined variable $userid', 'C:\\xampp\\htdocs\\codeigniter\\app\\Views\\adminhome.php', 89)
 2 SYSTEMPATH\View\View.php(213): include('C:\\xampp\\htdocs\\codeigniter\\app\\Views\\adminhome.php')
 3 SYSTEMPATH\View\View.php(216): CodeIgniter\View\View->CodeIgniter\View\{closure}()
 4 SYSTEMPATH\Common.php(1184): CodeIgniter\View\View->render('adminhome', [], true)
 5 APPPATH\Controllers\adminhome.php(14): view('adminhome')
 6 SYSTEMPATH\CodeIgniter.php(934): App\Controllers\adminhome->index()
 7 SYSTEMPATH\CodeIgniter.php(499): CodeIgniter\CodeIgniter->runController(Object(App\Controllers\adminhome))
 8 SYSTEMPATH\CodeIgniter.php(368): CodeIgniter\CodeIgniter->handleRequest(null, Object(Config\Cache), false)
 9 FCPATH\index.php(67): CodeIgniter\CodeIgniter->run()
CRITICAL - 2023-05-30 10:20:12 --> Undefined variable $userid
in APPPATH\Views\adminprofile.php on line 32.
 1 APPPATH\Views\adminprofile.php(32): CodeIgniter\Debug\Exceptions->errorHandler(2, 'Undefined variable $userid', 'C:\\xampp\\htdocs\\codeigniter\\app\\Views\\adminprofile.php', 32)
 2 SYSTEMPATH\View\View.php(213): include('C:\\xampp\\htdocs\\codeigniter\\app\\Views\\adminprofile.php')
 3 SYSTEMPATH\View\View.php(216): CodeIgniter\View\View->CodeIgniter\View\{closure}()
 4 SYSTEMPATH\Common.php(1184): CodeIgniter\View\View->render('adminprofile', [], true)
 5 APPPATH\Controllers\adminprofile.php(10): view('adminprofile')
 6 SYSTEMPATH\CodeIgniter.php(934): App\Controllers\adminprofile->index()
 7 SYSTEMPATH\CodeIgniter.php(499): CodeIgniter\CodeIgniter->runController(Object(App\Controllers\adminprofile))
 8 SYSTEMPATH\CodeIgniter.php(368): CodeIgniter\CodeIgniter->handleRequest(null, Object(Config\Cache), false)
 9 FCPATH\index.php(67): CodeIgniter\CodeIgniter->run()
CRITICAL - 2023-05-30 10:28:24 --> Undefined variable $userid
in APPPATH\Views\adminhome.php on line 89.
 1 APPPATH\Views\adminhome.php(89): CodeIgniter\Debug\Exceptions->errorHandler(2, 'Undefined variable $userid', 'C:\\xampp\\htdocs\\codeigniter\\app\\Views\\adminhome.php', 89)
 2 SYSTEMPATH\View\View.php(213): include('C:\\xampp\\htdocs\\codeigniter\\app\\Views\\adminhome.php')
 3 SYSTEMPATH\View\View.php(216): CodeIgniter\View\View->CodeIgniter\View\{closure}()
 4 SYSTEMPATH\Common.php(1184): CodeIgniter\View\View->render('adminhome', [], true)
 5 APPPATH\Controllers\adminhome.php(14): view('adminhome')
 6 SYSTEMPATH\CodeIgniter.php(934): App\Controllers\adminhome->index()
 7 SYSTEMPATH\CodeIgniter.php(499): CodeIgniter\CodeIgniter->runController(Object(App\Controllers\adminhome))
 8 SYSTEMPATH\CodeIgniter.php(368): CodeIgniter\CodeIgniter->handleRequest(null, Object(Config\Cache), false)
 9 FCPATH\index.php(67): CodeIgniter\CodeIgniter->run()
CRITICAL - 2023-05-30 10:28:40 --> Undefined variable $userid
in APPPATH\Views\adminhome.php on line 89.
 1 APPPATH\Views\adminhome.php(89): CodeIgniter\Debug\Exceptions->errorHandler(2, 'Undefined variable $userid', 'C:\\xampp\\htdocs\\codeigniter\\app\\Views\\adminhome.php', 89)
 2 SYSTEMPATH\View\View.php(213): include('C:\\xampp\\htdocs\\codeigniter\\app\\Views\\adminhome.php')
 3 SYSTEMPATH\View\View.php(216): CodeIgniter\View\View->CodeIgniter\View\{closure}()
 4 SYSTEMPATH\Common.php(1184): CodeIgniter\View\View->render('adminhome', [], true)
 5 APPPATH\Controllers\adminhome.php(14): view('adminhome')
 6 SYSTEMPATH\CodeIgniter.php(934): App\Controllers\adminhome->index()
 7 SYSTEMPATH\CodeIgniter.php(499): CodeIgniter\CodeIgniter->runController(Object(App\Controllers\adminhome))
 8 SYSTEMPATH\CodeIgniter.php(368): CodeIgniter\CodeIgniter->handleRequest(null, Object(Config\Cache), false)
 9 FCPATH\index.php(67): CodeIgniter\CodeIgniter->run()
CRITICAL - 2023-05-30 10:32:28 --> Undefined variable $userid
in APPPATH\Views\adminhome.php on line 89.
 1 APPPATH\Views\adminhome.php(89): CodeIgniter\Debug\Exceptions->errorHandler(2, 'Undefined variable $userid', 'C:\\xampp\\htdocs\\codeigniter\\app\\Views\\adminhome.php', 89)
 2 SYSTEMPATH\View\View.php(213): include('C:\\xampp\\htdocs\\codeigniter\\app\\Views\\adminhome.php')
 3 SYSTEMPATH\View\View.php(216): CodeIgniter\View\View->CodeIgniter\View\{closure}()
 4 SYSTEMPATH\Common.php(1184): CodeIgniter\View\View->render('adminhome', [], true)
 5 APPPATH\Controllers\adminhome.php(14): view('adminhome')
 6 SYSTEMPATH\CodeIgniter.php(934): App\Controllers\adminhome->index()
 7 SYSTEMPATH\CodeIgniter.php(499): CodeIgniter\CodeIgniter->runController(Object(App\Controllers\adminhome))
 8 SYSTEMPATH\CodeIgniter.php(368): CodeIgniter\CodeIgniter->handleRequest(null, Object(Config\Cache), false)
 9 FCPATH\index.php(67): CodeIgniter\CodeIgniter->run()
CRITICAL - 2023-05-30 10:35:08 --> Undefined variable $userid
in APPPATH\Views\adminhome.php on line 89.
 1 APPPATH\Views\adminhome.php(89): CodeIgniter\Debug\Exceptions->errorHandler(2, 'Undefined variable $userid', 'C:\\xampp\\htdocs\\codeigniter\\app\\Views\\adminhome.php', 89)
 2 SYSTEMPATH\View\View.php(213): include('C:\\xampp\\htdocs\\codeigniter\\app\\Views\\adminhome.php')
 3 SYSTEMPATH\View\View.php(216): CodeIgniter\View\View->CodeIgniter\View\{closure}()
 4 SYSTEMPATH\Common.php(1184): CodeIgniter\View\View->render('adminhome', [], true)
 5 APPPATH\Controllers\adminhome.php(14): view('adminhome')
 6 SYSTEMPATH\CodeIgniter.php(934): App\Controllers\adminhome->index()
 7 SYSTEMPATH\CodeIgniter.php(499): CodeIgniter\CodeIgniter->runController(Object(App\Controllers\adminhome))
 8 SYSTEMPATH\CodeIgniter.php(368): CodeIgniter\CodeIgniter->handleRequest(null, Object(Config\Cache), false)
 9 FCPATH\index.php(67): CodeIgniter\CodeIgniter->run()
CRITICAL - 2023-05-30 10:35:26 --> Call to a member function with() on string
in APPPATH\Controllers\adminhome.php on line 24.
 1 SYSTEMPATH\CodeIgniter.php(934): App\Controllers\adminhome->aprofile()
 2 SYSTEMPATH\CodeIgniter.php(499): CodeIgniter\CodeIgniter->runController(Object(App\Controllers\adminhome))
 3 SYSTEMPATH\CodeIgniter.php(368): CodeIgniter\CodeIgniter->handleRequest(null, Object(Config\Cache), false)
 4 FCPATH\index.php(67): CodeIgniter\CodeIgniter->run()
CRITICAL - 2023-05-30 10:37:50 --> Undefined variable $userid
in APPPATH\Views\adminprofile.php on line 32.
 1 APPPATH\Views\adminprofile.php(32): CodeIgniter\Debug\Exceptions->errorHandler(2, 'Undefined variable $userid', 'C:\\xampp\\htdocs\\codeigniter\\app\\Views\\adminprofile.php', 32)
 2 SYSTEMPATH\View\View.php(213): include('C:\\xampp\\htdocs\\codeigniter\\app\\Views\\adminprofile.php')
 3 SYSTEMPATH\View\View.php(216): CodeIgniter\View\View->CodeIgniter\View\{closure}()
 4 SYSTEMPATH\Common.php(1184): CodeIgniter\View\View->render('adminprofile', [], true)
 5 APPPATH\Controllers\adminhome.php(24): view('adminprofile')
 6 SYSTEMPATH\CodeIgniter.php(934): App\Controllers\adminhome->aprofile()
 7 SYSTEMPATH\CodeIgniter.php(499): CodeIgniter\CodeIgniter->runController(Object(App\Controllers\adminhome))
 8 SYSTEMPATH\CodeIgniter.php(368): CodeIgniter\CodeIgniter->handleRequest(null, Object(Config\Cache), false)
 9 FCPATH\index.php(67): CodeIgniter\CodeIgniter->run()
CRITICAL - 2023-05-30 10:37:58 --> Undefined variable $userid
in APPPATH\Views\adminprofile.php on line 32.
 1 APPPATH\Views\adminprofile.php(32): CodeIgniter\Debug\Exceptions->errorHandler(2, 'Undefined variable $userid', 'C:\\xampp\\htdocs\\codeigniter\\app\\Views\\adminprofile.php', 32)
 2 SYSTEMPATH\View\View.php(213): include('C:\\xampp\\htdocs\\codeigniter\\app\\Views\\adminprofile.php')
 3 SYSTEMPATH\View\View.php(216): CodeIgniter\View\View->CodeIgniter\View\{closure}()
 4 SYSTEMPATH\Common.php(1184): CodeIgniter\View\View->render('adminprofile', [], true)
 5 APPPATH\Controllers\adminhome.php(24): view('adminprofile')
 6 SYSTEMPATH\CodeIgniter.php(934): App\Controllers\adminhome->aprofile()
 7 SYSTEMPATH\CodeIgniter.php(499): CodeIgniter\CodeIgniter->runController(Object(App\Controllers\adminhome))
 8 SYSTEMPATH\CodeIgniter.php(368): CodeIgniter\CodeIgniter->handleRequest(null, Object(Config\Cache), false)
 9 FCPATH\index.php(67): CodeIgniter\CodeIgniter->run()
CRITICAL - 2023-05-30 10:37:59 --> Undefined variable $userid
in APPPATH\Views\adminhome.php on line 89.
 1 APPPATH\Views\adminhome.php(89): CodeIgniter\Debug\Exceptions->errorHandler(2, 'Undefined variable $userid', 'C:\\xampp\\htdocs\\codeigniter\\app\\Views\\adminhome.php', 89)
 2 SYSTEMPATH\View\View.php(213): include('C:\\xampp\\htdocs\\codeigniter\\app\\Views\\adminhome.php')
 3 SYSTEMPATH\View\View.php(216): CodeIgniter\View\View->CodeIgniter\View\{closure}()
 4 SYSTEMPATH\Common.php(1184): CodeIgniter\View\View->render('adminhome', [], true)
 5 APPPATH\Controllers\adminhome.php(14): view('adminhome')
 6 SYSTEMPATH\CodeIgniter.php(934): App\Controllers\adminhome->index()
 7 SYSTEMPATH\CodeIgniter.php(499): CodeIgniter\CodeIgniter->runController(Object(App\Controllers\adminhome))
 8 SYSTEMPATH\CodeIgniter.php(368): CodeIgniter\CodeIgniter->handleRequest(null, Object(Config\Cache), false)
 9 FCPATH\index.php(67): CodeIgniter\CodeIgniter->run()
CRITICAL - 2023-05-30 11:20:30 --> Call to a member function where() on bool
in APPPATH\Controllers\editprofile.php on line 24.
 1 SYSTEMPATH\CodeIgniter.php(934): App\Controllers\editprofile->editprofile()
 2 SYSTEMPATH\CodeIgniter.php(499): CodeIgniter\CodeIgniter->runController(Object(App\Controllers\editprofile))
 3 SYSTEMPATH\CodeIgniter.php(368): CodeIgniter\CodeIgniter->handleRequest(null, Object(Config\Cache), false)
 4 FCPATH\index.php(67): CodeIgniter\CodeIgniter->run()
CRITICAL - 2023-05-30 11:23:37 --> Undefined variable $userid
in APPPATH\Views\editprofile.php on line 61.
 1 APPPATH\Views\editprofile.php(61): CodeIgniter\Debug\Exceptions->errorHandler(2, 'Undefined variable $userid', 'C:\\xampp\\htdocs\\codeigniter\\app\\Views\\editprofile.php', 61)
 2 SYSTEMPATH\View\View.php(213): include('C:\\xampp\\htdocs\\codeigniter\\app\\Views\\editprofile.php')
 3 SYSTEMPATH\View\View.php(216): CodeIgniter\View\View->CodeIgniter\View\{closure}()
 4 SYSTEMPATH\Common.php(1184): CodeIgniter\View\View->render('editprofile', [], true)
 5 APPPATH\Controllers\editprofile.php(10): view('editprofile')
 6 SYSTEMPATH\CodeIgniter.php(934): App\Controllers\editprofile->index()
 7 SYSTEMPATH\CodeIgniter.php(499): CodeIgniter\CodeIgniter->runController(Object(App\Controllers\editprofile))
 8 SYSTEMPATH\CodeIgniter.php(368): CodeIgniter\CodeIgniter->handleRequest(null, Object(Config\Cache), false)
 9 FCPATH\index.php(67): CodeIgniter\CodeIgniter->run()
CRITICAL - 2023-05-30 11:25:24 --> Undefined variable $userid
in APPPATH\Views\adminprofile.php on line 33.
 1 APPPATH\Views\adminprofile.php(33): CodeIgniter\Debug\Exceptions->errorHandler(2, 'Undefined variable $userid', 'C:\\xampp\\htdocs\\codeigniter\\app\\Views\\adminprofile.php', 33)
 2 SYSTEMPATH\View\View.php(213): include('C:\\xampp\\htdocs\\codeigniter\\app\\Views\\adminprofile.php')
 3 SYSTEMPATH\View\View.php(216): CodeIgniter\View\View->CodeIgniter\View\{closure}()
 4 SYSTEMPATH\Common.php(1184): CodeIgniter\View\View->render('adminprofile', [], true)
 5 APPPATH\Controllers\adminhome.php(24): view('adminprofile')
 6 SYSTEMPATH\CodeIgniter.php(934): App\Controllers\adminhome->aprofile()
 7 SYSTEMPATH\CodeIgniter.php(499): CodeIgniter\CodeIgniter->runController(Object(App\Controllers\adminhome))
 8 SYSTEMPATH\CodeIgniter.php(368): CodeIgniter\CodeIgniter->handleRequest(null, Object(Config\Cache), false)
 9 FCPATH\index.php(67): CodeIgniter\CodeIgniter->run()
CRITICAL - 2023-05-30 11:26:01 --> Undefined variable $userid
in APPPATH\Views\editprofile.php on line 61.
 1 APPPATH\Views\editprofile.php(61): CodeIgniter\Debug\Exceptions->errorHandler(2, 'Undefined variable $userid', 'C:\\xampp\\htdocs\\codeigniter\\app\\Views\\editprofile.php', 61)
 2 SYSTEMPATH\View\View.php(213): include('C:\\xampp\\htdocs\\codeigniter\\app\\Views\\editprofile.php')
 3 SYSTEMPATH\View\View.php(216): CodeIgniter\View\View->CodeIgniter\View\{closure}()
 4 SYSTEMPATH\Common.php(1184): CodeIgniter\View\View->render('editprofile', [], true)
 5 APPPATH\Controllers\editprofile.php(10): view('editprofile')
 6 SYSTEMPATH\CodeIgniter.php(934): App\Controllers\editprofile->index()
 7 SYSTEMPATH\CodeIgniter.php(499): CodeIgniter\CodeIgniter->runController(Object(App\Controllers\editprofile))
 8 SYSTEMPATH\CodeIgniter.php(368): CodeIgniter\CodeIgniter->handleRequest(null, Object(Config\Cache), false)
 9 FCPATH\index.php(67): CodeIgniter\CodeIgniter->run()
CRITICAL - 2023-05-30 11:27:21 --> Undefined variable $userid
in APPPATH\Views\adminprofile.php on line 33.
 1 APPPATH\Views\adminprofile.php(33): CodeIgniter\Debug\Exceptions->errorHandler(2, 'Undefined variable $userid', 'C:\\xampp\\htdocs\\codeigniter\\app\\Views\\adminprofile.php', 33)
 2 SYSTEMPATH\View\View.php(213): include('C:\\xampp\\htdocs\\codeigniter\\app\\Views\\adminprofile.php')
 3 SYSTEMPATH\View\View.php(216): CodeIgniter\View\View->CodeIgniter\View\{closure}()
 4 SYSTEMPATH\Common.php(1184): CodeIgniter\View\View->render('adminprofile', [], true)
 5 APPPATH\Controllers\adminhome.php(24): view('adminprofile')
 6 SYSTEMPATH\CodeIgniter.php(934): App\Controllers\adminhome->aprofile()
 7 SYSTEMPATH\CodeIgniter.php(499): CodeIgniter\CodeIgniter->runController(Object(App\Controllers\adminhome))
 8 SYSTEMPATH\CodeIgniter.php(368): CodeIgniter\CodeIgniter->handleRequest(null, Object(Config\Cache), false)
 9 FCPATH\index.php(67): CodeIgniter\CodeIgniter->run()
CRITICAL - 2023-05-30 11:27:34 --> Undefined variable $userid
in APPPATH\Views\editprofile.php on line 61.
 1 APPPATH\Views\editprofile.php(61): CodeIgniter\Debug\Exceptions->errorHandler(2, 'Undefined variable $userid', 'C:\\xampp\\htdocs\\codeigniter\\app\\Views\\editprofile.php', 61)
 2 SYSTEMPATH\View\View.php(213): include('C:\\xampp\\htdocs\\codeigniter\\app\\Views\\editprofile.php')
 3 SYSTEMPATH\View\View.php(216): CodeIgniter\View\View->CodeIgniter\View\{closure}()
 4 SYSTEMPATH\Common.php(1184): CodeIgniter\View\View->render('editprofile', [], true)
 5 APPPATH\Controllers\editprofile.php(10): view('editprofile')
 6 SYSTEMPATH\CodeIgniter.php(934): App\Controllers\editprofile->index()
 7 SYSTEMPATH\CodeIgniter.php(499): CodeIgniter\CodeIgniter->runController(Object(App\Controllers\editprofile))
 8 SYSTEMPATH\CodeIgniter.php(368): CodeIgniter\CodeIgniter->handleRequest(null, Object(Config\Cache), false)
 9 FCPATH\index.php(67): CodeIgniter\CodeIgniter->run()
CRITICAL - 2023-05-30 11:27:51 --> Undefined variable $userid
in APPPATH\Views\adminprofile.php on line 33.
 1 APPPATH\Views\adminprofile.php(33): CodeIgniter\Debug\Exceptions->errorHandler(2, 'Undefined variable $userid', 'C:\\xampp\\htdocs\\codeigniter\\app\\Views\\adminprofile.php', 33)
 2 SYSTEMPATH\View\View.php(213): include('C:\\xampp\\htdocs\\codeigniter\\app\\Views\\adminprofile.php')
 3 SYSTEMPATH\View\View.php(216): CodeIgniter\View\View->CodeIgniter\View\{closure}()
 4 SYSTEMPATH\Common.php(1184): CodeIgniter\View\View->render('adminprofile', [], true)
 5 APPPATH\Controllers\adminhome.php(24): view('adminprofile')
 6 SYSTEMPATH\CodeIgniter.php(934): App\Controllers\adminhome->aprofile()
 7 SYSTEMPATH\CodeIgniter.php(499): CodeIgniter\CodeIgniter->runController(Object(App\Controllers\adminhome))
 8 SYSTEMPATH\CodeIgniter.php(368): CodeIgniter\CodeIgniter->handleRequest(null, Object(Config\Cache), false)
 9 FCPATH\index.php(67): CodeIgniter\CodeIgniter->run()
CRITICAL - 2023-05-30 11:28:11 --> Undefined variable $userid
in APPPATH\Views\editprofile.php on line 61.
 1 APPPATH\Views\editprofile.php(61): CodeIgniter\Debug\Exceptions->errorHandler(2, 'Undefined variable $userid', 'C:\\xampp\\htdocs\\codeigniter\\app\\Views\\editprofile.php', 61)
 2 SYSTEMPATH\View\View.php(213): include('C:\\xampp\\htdocs\\codeigniter\\app\\Views\\editprofile.php')
 3 SYSTEMPATH\View\View.php(216): CodeIgniter\View\View->CodeIgniter\View\{closure}()
 4 SYSTEMPATH\Common.php(1184): CodeIgniter\View\View->render('editprofile', [], true)
 5 APPPATH\Controllers\editprofile.php(10): view('editprofile')
 6 SYSTEMPATH\CodeIgniter.php(934): App\Controllers\editprofile->index()
 7 SYSTEMPATH\CodeIgniter.php(499): CodeIgniter\CodeIgniter->runController(Object(App\Controllers\editprofile))
 8 SYSTEMPATH\CodeIgniter.php(368): CodeIgniter\CodeIgniter->handleRequest(null, Object(Config\Cache), false)
 9 FCPATH\index.php(67): CodeIgniter\CodeIgniter->run()
CRITICAL - 2023-05-30 11:28:27 --> Undefined variable $userid
in APPPATH\Views\adminprofile.php on line 33.
 1 APPPATH\Views\adminprofile.php(33): CodeIgniter\Debug\Exceptions->errorHandler(2, 'Undefined variable $userid', 'C:\\xampp\\htdocs\\codeigniter\\app\\Views\\adminprofile.php', 33)
 2 SYSTEMPATH\View\View.php(213): include('C:\\xampp\\htdocs\\codeigniter\\app\\Views\\adminprofile.php')
 3 SYSTEMPATH\View\View.php(216): CodeIgniter\View\View->CodeIgniter\View\{closure}()
 4 SYSTEMPATH\Common.php(1184): CodeIgniter\View\View->render('adminprofile', [], true)
 5 APPPATH\Controllers\adminhome.php(24): view('adminprofile')
 6 SYSTEMPATH\CodeIgniter.php(934): App\Controllers\adminhome->aprofile()
 7 SYSTEMPATH\CodeIgniter.php(499): CodeIgniter\CodeIgniter->runController(Object(App\Controllers\adminhome))
 8 SYSTEMPATH\CodeIgniter.php(368): CodeIgniter\CodeIgniter->handleRequest(null, Object(Config\Cache), false)
 9 FCPATH\index.php(67): CodeIgniter\CodeIgniter->run()
CRITICAL - 2023-05-30 11:28:49 --> Undefined variable $userid
in APPPATH\Views\editprofile.php on line 61.
 1 APPPATH\Views\editprofile.php(61): CodeIgniter\Debug\Exceptions->errorHandler(2, 'Undefined variable $userid', 'C:\\xampp\\htdocs\\codeigniter\\app\\Views\\editprofile.php', 61)
 2 SYSTEMPATH\View\View.php(213): include('C:\\xampp\\htdocs\\codeigniter\\app\\Views\\editprofile.php')
 3 SYSTEMPATH\View\View.php(216): CodeIgniter\View\View->CodeIgniter\View\{closure}()
 4 SYSTEMPATH\Common.php(1184): CodeIgniter\View\View->render('editprofile', [], true)
 5 APPPATH\Controllers\editprofile.php(10): view('editprofile')
 6 SYSTEMPATH\CodeIgniter.php(934): App\Controllers\editprofile->index()
 7 SYSTEMPATH\CodeIgniter.php(499): CodeIgniter\CodeIgniter->runController(Object(App\Controllers\editprofile))
 8 SYSTEMPATH\CodeIgniter.php(368): CodeIgniter\CodeIgniter->handleRequest(null, Object(Config\Cache), false)
 9 FCPATH\index.php(67): CodeIgniter\CodeIgniter->run()
CRITICAL - 2023-05-30 11:29:44 --> Undefined variable $userid
in APPPATH\Views\adminprofile.php on line 33.
 1 APPPATH\Views\adminprofile.php(33): CodeIgniter\Debug\Exceptions->errorHandler(2, 'Undefined variable $userid', 'C:\\xampp\\htdocs\\codeigniter\\app\\Views\\adminprofile.php', 33)
 2 SYSTEMPATH\View\View.php(213): include('C:\\xampp\\htdocs\\codeigniter\\app\\Views\\adminprofile.php')
 3 SYSTEMPATH\View\View.php(216): CodeIgniter\View\View->CodeIgniter\View\{closure}()
 4 SYSTEMPATH\Common.php(1184): CodeIgniter\View\View->render('adminprofile', [], true)
 5 APPPATH\Controllers\adminhome.php(24): view('adminprofile')
 6 SYSTEMPATH\CodeIgniter.php(934): App\Controllers\adminhome->aprofile()
 7 SYSTEMPATH\CodeIgniter.php(499): CodeIgniter\CodeIgniter->runController(Object(App\Controllers\adminhome))
 8 SYSTEMPATH\CodeIgniter.php(368): CodeIgniter\CodeIgniter->handleRequest(null, Object(Config\Cache), false)
 9 FCPATH\index.php(67): CodeIgniter\CodeIgniter->run()
CRITICAL - 2023-05-30 11:30:16 --> Undefined variable $userid
in APPPATH\Views\editprofile.php on line 61.
 1 APPPATH\Views\editprofile.php(61): CodeIgniter\Debug\Exceptions->errorHandler(2, 'Undefined variable $userid', 'C:\\xampp\\htdocs\\codeigniter\\app\\Views\\editprofile.php', 61)
 2 SYSTEMPATH\View\View.php(213): include('C:\\xampp\\htdocs\\codeigniter\\app\\Views\\editprofile.php')
 3 SYSTEMPATH\View\View.php(216): CodeIgniter\View\View->CodeIgniter\View\{closure}()
 4 SYSTEMPATH\Common.php(1184): CodeIgniter\View\View->render('editprofile', [], true)
 5 APPPATH\Controllers\editprofile.php(10): view('editprofile')
 6 SYSTEMPATH\CodeIgniter.php(934): App\Controllers\editprofile->index()
 7 SYSTEMPATH\CodeIgniter.php(499): CodeIgniter\CodeIgniter->runController(Object(App\Controllers\editprofile))
 8 SYSTEMPATH\CodeIgniter.php(368): CodeIgniter\CodeIgniter->handleRequest(null, Object(Config\Cache), false)
 9 FCPATH\index.php(67): CodeIgniter\CodeIgniter->run()
CRITICAL - 2023-05-30 11:32:35 --> Undefined variable $userid
in APPPATH\Views\editprofile.php on line 61.
 1 APPPATH\Views\editprofile.php(61): CodeIgniter\Debug\Exceptions->errorHandler(2, 'Undefined variable $userid', 'C:\\xampp\\htdocs\\codeigniter\\app\\Views\\editprofile.php', 61)
 2 SYSTEMPATH\View\View.php(213): include('C:\\xampp\\htdocs\\codeigniter\\app\\Views\\editprofile.php')
 3 SYSTEMPATH\View\View.php(216): CodeIgniter\View\View->CodeIgniter\View\{closure}()
 4 SYSTEMPATH\Common.php(1184): CodeIgniter\View\View->render('editprofile', [], true)
 5 APPPATH\Controllers\editprofile.php(10): view('editprofile')
 6 SYSTEMPATH\CodeIgniter.php(934): App\Controllers\editprofile->index()
 7 SYSTEMPATH\CodeIgniter.php(499): CodeIgniter\CodeIgniter->runController(Object(App\Controllers\editprofile))
 8 SYSTEMPATH\CodeIgniter.php(368): CodeIgniter\CodeIgniter->handleRequest(null, Object(Config\Cache), false)
 9 FCPATH\index.php(67): CodeIgniter\CodeIgniter->run()
CRITICAL - 2023-05-30 11:32:45 --> Undefined variable $userid
in APPPATH\Views\editprofile.php on line 61.
 1 APPPATH\Views\editprofile.php(61): CodeIgniter\Debug\Exceptions->errorHandler(2, 'Undefined variable $userid', 'C:\\xampp\\htdocs\\codeigniter\\app\\Views\\editprofile.php', 61)
 2 SYSTEMPATH\View\View.php(213): include('C:\\xampp\\htdocs\\codeigniter\\app\\Views\\editprofile.php')
 3 SYSTEMPATH\View\View.php(216): CodeIgniter\View\View->CodeIgniter\View\{closure}()
 4 SYSTEMPATH\Common.php(1184): CodeIgniter\View\View->render('editprofile', [], true)
 5 APPPATH\Controllers\editprofile.php(10): view('editprofile')
 6 SYSTEMPATH\CodeIgniter.php(934): App\Controllers\editprofile->index()
 7 SYSTEMPATH\CodeIgniter.php(499): CodeIgniter\CodeIgniter->runController(Object(App\Controllers\editprofile))
 8 SYSTEMPATH\CodeIgniter.php(368): CodeIgniter\CodeIgniter->handleRequest(null, Object(Config\Cache), false)
 9 FCPATH\index.php(67): CodeIgniter\CodeIgniter->run()
CRITICAL - 2023-05-30 11:33:57 --> Undefined variable $userid
in APPPATH\Views\editprofile.php on line 61.
 1 APPPATH\Views\editprofile.php(61): CodeIgniter\Debug\Exceptions->errorHandler(2, 'Undefined variable $userid', 'C:\\xampp\\htdocs\\codeigniter\\app\\Views\\editprofile.php', 61)
 2 SYSTEMPATH\View\View.php(213): include('C:\\xampp\\htdocs\\codeigniter\\app\\Views\\editprofile.php')
 3 SYSTEMPATH\View\View.php(216): CodeIgniter\View\View->CodeIgniter\View\{closure}()
 4 SYSTEMPATH\Common.php(1184): CodeIgniter\View\View->render('editprofile', [], true)
 5 APPPATH\Controllers\editprofile.php(10): view('editprofile')
 6 SYSTEMPATH\CodeIgniter.php(934): App\Controllers\editprofile->index()
 7 SYSTEMPATH\CodeIgniter.php(499): CodeIgniter\CodeIgniter->runController(Object(App\Controllers\editprofile))
 8 SYSTEMPATH\CodeIgniter.php(368): CodeIgniter\CodeIgniter->handleRequest(null, Object(Config\Cache), false)
 9 FCPATH\index.php(67): CodeIgniter\CodeIgniter->run()
CRITICAL - 2023-05-30 11:39:33 --> Undefined variable $categoryData
in APPPATH\Views\viewpdts.php on line 169.
 1 APPPATH\Views\viewpdts.php(169): CodeIgniter\Debug\Exceptions->errorHandler(2, 'Undefined variable $categoryData', 'C:\\xampp\\htdocs\\codeigniter\\app\\Views\\viewpdts.php', 169)
 2 SYSTEMPATH\View\View.php(213): include('C:\\xampp\\htdocs\\codeigniter\\app\\Views\\viewpdts.php')
 3 SYSTEMPATH\View\View.php(216): CodeIgniter\View\View->CodeIgniter\View\{closure}()
 4 SYSTEMPATH\Common.php(1184): CodeIgniter\View\View->render('viewpdts', [], true)
 5 APPPATH\Controllers\viewpdts.php(13): view('viewpdts')
 6 SYSTEMPATH\CodeIgniter.php(934): App\Controllers\viewpdts->index()
 7 SYSTEMPATH\CodeIgniter.php(499): CodeIgniter\CodeIgniter->runController(Object(App\Controllers\viewpdts))
 8 SYSTEMPATH\CodeIgniter.php(368): CodeIgniter\CodeIgniter->handleRequest(null, Object(Config\Cache), false)
 9 FCPATH\index.php(67): CodeIgniter\CodeIgniter->run()
CRITICAL - 2023-05-30 11:41:04 --> Undefined variable $categoryData
in APPPATH\Views\viewpdts.php on line 169.
 1 APPPATH\Views\viewpdts.php(169): CodeIgniter\Debug\Exceptions->errorHandler(2, 'Undefined variable $categoryData', 'C:\\xampp\\htdocs\\codeigniter\\app\\Views\\viewpdts.php', 169)
 2 SYSTEMPATH\View\View.php(213): include('C:\\xampp\\htdocs\\codeigniter\\app\\Views\\viewpdts.php')
 3 SYSTEMPATH\View\View.php(216): CodeIgniter\View\View->CodeIgniter\View\{closure}()
 4 SYSTEMPATH\Common.php(1184): CodeIgniter\View\View->render('viewpdts', [], true)
 5 APPPATH\Controllers\viewpdts.php(13): view('viewpdts')
 6 SYSTEMPATH\CodeIgniter.php(934): App\Controllers\viewpdts->index()
 7 SYSTEMPATH\CodeIgniter.php(499): CodeIgniter\CodeIgniter->runController(Object(App\Controllers\viewpdts))
 8 SYSTEMPATH\CodeIgniter.php(368): CodeIgniter\CodeIgniter->handleRequest(null, Object(Config\Cache), false)
 9 FCPATH\index.php(67): CodeIgniter\CodeIgniter->run()
CRITICAL - 2023-05-30 11:50:22 --> Undefined variable $userid
in APPPATH\Views\adminhome.php on line 89.
 1 APPPATH\Views\adminhome.php(89): CodeIgniter\Debug\Exceptions->errorHandler(2, 'Undefined variable $userid', 'C:\\xampp\\htdocs\\codeigniter\\app\\Views\\adminhome.php', 89)
 2 SYSTEMPATH\View\View.php(213): include('C:\\xampp\\htdocs\\codeigniter\\app\\Views\\adminhome.php')
 3 SYSTEMPATH\View\View.php(216): CodeIgniter\View\View->CodeIgniter\View\{closure}()
 4 SYSTEMPATH\Common.php(1184): CodeIgniter\View\View->render('adminhome', [], true)
 5 APPPATH\Controllers\adminhome.php(14): view('adminhome')
 6 SYSTEMPATH\CodeIgniter.php(934): App\Controllers\adminhome->index()
 7 SYSTEMPATH\CodeIgniter.php(499): CodeIgniter\CodeIgniter->runController(Object(App\Controllers\adminhome))
 8 SYSTEMPATH\CodeIgniter.php(368): CodeIgniter\CodeIgniter->handleRequest(null, Object(Config\Cache), false)
 9 FCPATH\index.php(67): CodeIgniter\CodeIgniter->run()
CRITICAL - 2023-05-30 11:50:24 --> Undefined variable $userid
in APPPATH\Views\adminhome.php on line 89.
 1 APPPATH\Views\adminhome.php(89): CodeIgniter\Debug\Exceptions->errorHandler(2, 'Undefined variable $userid', 'C:\\xampp\\htdocs\\codeigniter\\app\\Views\\adminhome.php', 89)
 2 SYSTEMPATH\View\View.php(213): include('C:\\xampp\\htdocs\\codeigniter\\app\\Views\\adminhome.php')
 3 SYSTEMPATH\View\View.php(216): CodeIgniter\View\View->CodeIgniter\View\{closure}()
 4 SYSTEMPATH\Common.php(1184): CodeIgniter\View\View->render('adminhome', [], true)
 5 APPPATH\Controllers\adminhome.php(14): view('adminhome')
 6 SYSTEMPATH\CodeIgniter.php(934): App\Controllers\adminhome->index()
 7 SYSTEMPATH\CodeIgniter.php(499): CodeIgniter\CodeIgniter->runController(Object(App\Controllers\adminhome))
 8 SYSTEMPATH\CodeIgniter.php(368): CodeIgniter\CodeIgniter->handleRequest(null, Object(Config\Cache), false)
 9 FCPATH\index.php(67): CodeIgniter\CodeIgniter->run()
CRITICAL - 2023-05-30 11:50:30 --> Undefined variable $userid
in APPPATH\Views\adminhome.php on line 89.
 1 APPPATH\Views\adminhome.php(89): CodeIgniter\Debug\Exceptions->errorHandler(2, 'Undefined variable $userid', 'C:\\xampp\\htdocs\\codeigniter\\app\\Views\\adminhome.php', 89)
 2 SYSTEMPATH\View\View.php(213): include('C:\\xampp\\htdocs\\codeigniter\\app\\Views\\adminhome.php')
 3 SYSTEMPATH\View\View.php(216): CodeIgniter\View\View->CodeIgniter\View\{closure}()
 4 SYSTEMPATH\Common.php(1184): CodeIgniter\View\View->render('adminhome', [], true)
 5 APPPATH\Controllers\adminhome.php(14): view('adminhome')
 6 SYSTEMPATH\CodeIgniter.php(934): App\Controllers\adminhome->index()
 7 SYSTEMPATH\CodeIgniter.php(499): CodeIgniter\CodeIgniter->runController(Object(App\Controllers\adminhome))
 8 SYSTEMPATH\CodeIgniter.php(368): CodeIgniter\CodeIgniter->handleRequest(null, Object(Config\Cache), false)
 9 FCPATH\index.php(67): CodeIgniter\CodeIgniter->run()
CRITICAL - 2023-05-30 11:52:37 --> Undefined variable $userid
in APPPATH\Views\adminhome.php on line 89.
 1 APPPATH\Views\adminhome.php(89): CodeIgniter\Debug\Exceptions->errorHandler(2, 'Undefined variable $userid', 'C:\\xampp\\htdocs\\codeigniter\\app\\Views\\adminhome.php', 89)
 2 SYSTEMPATH\View\View.php(213): include('C:\\xampp\\htdocs\\codeigniter\\app\\Views\\adminhome.php')
 3 SYSTEMPATH\View\View.php(216): CodeIgniter\View\View->CodeIgniter\View\{closure}()
 4 SYSTEMPATH\Common.php(1184): CodeIgniter\View\View->render('adminhome', [], true)
 5 APPPATH\Controllers\adminhome.php(14): view('adminhome')
 6 SYSTEMPATH\CodeIgniter.php(934): App\Controllers\adminhome->index()
 7 SYSTEMPATH\CodeIgniter.php(499): CodeIgniter\CodeIgniter->runController(Object(App\Controllers\adminhome))
 8 SYSTEMPATH\CodeIgniter.php(368): CodeIgniter\CodeIgniter->handleRequest(null, Object(Config\Cache), false)
 9 FCPATH\index.php(67): CodeIgniter\CodeIgniter->run()
CRITICAL - 2023-05-30 11:52:58 --> Call to a member function num_rows() on array
in APPPATH\Views\viewpdts.php on line 169.
 1 SYSTEMPATH\View\View.php(213): include()
 2 SYSTEMPATH\View\View.php(216): CodeIgniter\View\View->CodeIgniter\View\{closure}()
 3 SYSTEMPATH\Common.php(1184): CodeIgniter\View\View->render('viewpdts', [], true)
 4 APPPATH\Controllers\viewpdts.php(13): view('viewpdts')
 5 SYSTEMPATH\CodeIgniter.php(934): App\Controllers\viewpdts->index()
 6 SYSTEMPATH\CodeIgniter.php(499): CodeIgniter\CodeIgniter->runController(Object(App\Controllers\viewpdts))
 7 SYSTEMPATH\CodeIgniter.php(368): CodeIgniter\CodeIgniter->handleRequest(null, Object(Config\Cache), false)
 8 FCPATH\index.php(67): CodeIgniter\CodeIgniter->run()
CRITICAL - 2023-05-30 11:59:06 --> Undefined variable $userid
in APPPATH\Views\adminhome.php on line 89.
 1 APPPATH\Views\adminhome.php(89): CodeIgniter\Debug\Exceptions->errorHandler(2, 'Undefined variable $userid', 'C:\\xampp\\htdocs\\codeigniter\\app\\Views\\adminhome.php', 89)
 2 SYSTEMPATH\View\View.php(213): include('C:\\xampp\\htdocs\\codeigniter\\app\\Views\\adminhome.php')
 3 SYSTEMPATH\View\View.php(216): CodeIgniter\View\View->CodeIgniter\View\{closure}()
 4 SYSTEMPATH\Common.php(1184): CodeIgniter\View\View->render('adminhome', [], true)
 5 APPPATH\Controllers\adminhome.php(14): view('adminhome')
 6 SYSTEMPATH\CodeIgniter.php(934): App\Controllers\adminhome->index()
 7 SYSTEMPATH\CodeIgniter.php(499): CodeIgniter\CodeIgniter->runController(Object(App\Controllers\adminhome))
 8 SYSTEMPATH\CodeIgniter.php(368): CodeIgniter\CodeIgniter->handleRequest(null, Object(Config\Cache), false)
 9 FCPATH\index.php(67): CodeIgniter\CodeIgniter->run()
CRITICAL - 2023-05-30 11:59:28 --> Call to a member function num_rows() on array
in APPPATH\Views\viewpdts.php on line 169.
 1 SYSTEMPATH\View\View.php(213): include()
 2 SYSTEMPATH\View\View.php(216): CodeIgniter\View\View->CodeIgniter\View\{closure}()
 3 SYSTEMPATH\Common.php(1184): CodeIgniter\View\View->render('viewpdts', [], true)
 4 APPPATH\Controllers\viewpdts.php(13): view('viewpdts')
 5 SYSTEMPATH\CodeIgniter.php(934): App\Controllers\viewpdts->index()
 6 SYSTEMPATH\CodeIgniter.php(499): CodeIgniter\CodeIgniter->runController(Object(App\Controllers\viewpdts))
 7 SYSTEMPATH\CodeIgniter.php(368): CodeIgniter\CodeIgniter->handleRequest(null, Object(Config\Cache), false)
 8 FCPATH\index.php(67): CodeIgniter\CodeIgniter->run()
CRITICAL - 2023-05-30 12:03:46 --> Call to a member function num_rows() on array
in APPPATH\Views\viewpdtsk.php on line 169.
 1 SYSTEMPATH\View\View.php(213): include()
 2 SYSTEMPATH\View\View.php(216): CodeIgniter\View\View->CodeIgniter\View\{closure}()
 3 SYSTEMPATH\Common.php(1184): CodeIgniter\View\View->render('viewpdtsk', [], true)
 4 APPPATH\Controllers\viewpdts.php(13): view('viewpdtsk')
 5 SYSTEMPATH\CodeIgniter.php(934): App\Controllers\viewpdts->index()
 6 SYSTEMPATH\CodeIgniter.php(499): CodeIgniter\CodeIgniter->runController(Object(App\Controllers\viewpdts))
 7 SYSTEMPATH\CodeIgniter.php(368): CodeIgniter\CodeIgniter->handleRequest(null, Object(Config\Cache), false)
 8 FCPATH\index.php(67): CodeIgniter\CodeIgniter->run()
CRITICAL - 2023-05-30 12:04:53 --> Call to a member function num_rows() on array
in APPPATH\Views\viewpdtsk.php on line 169.
 1 SYSTEMPATH\View\View.php(213): include()
 2 SYSTEMPATH\View\View.php(216): CodeIgniter\View\View->CodeIgniter\View\{closure}()
 3 SYSTEMPATH\Common.php(1184): CodeIgniter\View\View->render('viewpdtsk', [], true)
 4 APPPATH\Controllers\viewpdts.php(13): view('viewpdtsk')
 5 SYSTEMPATH\CodeIgniter.php(934): App\Controllers\viewpdts->index()
 6 SYSTEMPATH\CodeIgniter.php(499): CodeIgniter\CodeIgniter->runController(Object(App\Controllers\viewpdts))
 7 SYSTEMPATH\CodeIgniter.php(368): CodeIgniter\CodeIgniter->handleRequest(null, Object(Config\Cache), false)
 8 FCPATH\index.php(67): CodeIgniter\CodeIgniter->run()
CRITICAL - 2023-05-30 12:09:48 --> Undefined variable $sn
in APPPATH\Views\viewpdtsk.php on line 172.
 1 APPPATH\Views\viewpdtsk.php(172): CodeIgniter\Debug\Exceptions->errorHandler(2, 'Undefined variable $sn', 'C:\\xampp\\htdocs\\codeigniter\\app\\Views\\viewpdtsk.php', 172)
 2 SYSTEMPATH\View\View.php(213): include('C:\\xampp\\htdocs\\codeigniter\\app\\Views\\viewpdtsk.php')
 3 SYSTEMPATH\View\View.php(216): CodeIgniter\View\View->CodeIgniter\View\{closure}()
 4 SYSTEMPATH\Common.php(1184): CodeIgniter\View\View->render('viewpdtsk', [], true)
 5 APPPATH\Controllers\viewpdts.php(13): view('viewpdtsk')
 6 SYSTEMPATH\CodeIgniter.php(934): App\Controllers\viewpdts->index()
 7 SYSTEMPATH\CodeIgniter.php(499): CodeIgniter\CodeIgniter->runController(Object(App\Controllers\viewpdts))
 8 SYSTEMPATH\CodeIgniter.php(368): CodeIgniter\CodeIgniter->handleRequest(null, Object(Config\Cache), false)
 9 FCPATH\index.php(67): CodeIgniter\CodeIgniter->run()
CRITICAL - 2023-05-30 12:10:41 --> Undefined array key 0
in APPPATH\Views\viewpdtsk.php on line 176.
 1 APPPATH\Views\viewpdtsk.php(176): CodeIgniter\Debug\Exceptions->errorHandler(2, 'Undefined array key 0', 'C:\\xampp\\htdocs\\codeigniter\\app\\Views\\viewpdtsk.php', 176)
 2 SYSTEMPATH\View\View.php(213): include('C:\\xampp\\htdocs\\codeigniter\\app\\Views\\viewpdtsk.php')
 3 SYSTEMPATH\View\View.php(216): CodeIgniter\View\View->CodeIgniter\View\{closure}()
 4 SYSTEMPATH\Common.php(1184): CodeIgniter\View\View->render('viewpdtsk', [], true)
 5 APPPATH\Controllers\viewpdts.php(13): view('viewpdtsk')
 6 SYSTEMPATH\CodeIgniter.php(934): App\Controllers\viewpdts->index()
 7 SYSTEMPATH\CodeIgniter.php(499): CodeIgniter\CodeIgniter->runController(Object(App\Controllers\viewpdts))
 8 SYSTEMPATH\CodeIgniter.php(368): CodeIgniter\CodeIgniter->handleRequest(null, Object(Config\Cache), false)
 9 FCPATH\index.php(67): CodeIgniter\CodeIgniter->run()
CRITICAL - 2023-05-30 12:11:42 --> Undefined array key 0
in APPPATH\Views\viewpdtsk.php on line 176.
 1 APPPATH\Views\viewpdtsk.php(176): CodeIgniter\Debug\Exceptions->errorHandler(2, 'Undefined array key 0', 'C:\\xampp\\htdocs\\codeigniter\\app\\Views\\viewpdtsk.php', 176)
 2 SYSTEMPATH\View\View.php(213): include('C:\\xampp\\htdocs\\codeigniter\\app\\Views\\viewpdtsk.php')
 3 SYSTEMPATH\View\View.php(216): CodeIgniter\View\View->CodeIgniter\View\{closure}()
 4 SYSTEMPATH\Common.php(1184): CodeIgniter\View\View->render('viewpdtsk', [], true)
 5 APPPATH\Controllers\viewpdts.php(13): view('viewpdtsk')
 6 SYSTEMPATH\CodeIgniter.php(934): App\Controllers\viewpdts->index()
 7 SYSTEMPATH\CodeIgniter.php(499): CodeIgniter\CodeIgniter->runController(Object(App\Controllers\viewpdts))
 8 SYSTEMPATH\CodeIgniter.php(368): CodeIgniter\CodeIgniter->handleRequest(null, Object(Config\Cache), false)
 9 FCPATH\index.php(67): CodeIgniter\CodeIgniter->run()
CRITICAL - 2023-05-30 12:25:45 --> Undefined array key 0
in APPPATH\Views\viewpdtsk.php on line 181.
 1 APPPATH\Views\viewpdtsk.php(181): CodeIgniter\Debug\Exceptions->errorHandler(2, 'Undefined array key 0', 'C:\\xampp\\htdocs\\codeigniter\\app\\Views\\viewpdtsk.php', 181)
 2 SYSTEMPATH\View\View.php(213): include('C:\\xampp\\htdocs\\codeigniter\\app\\Views\\viewpdtsk.php')
 3 SYSTEMPATH\View\View.php(216): CodeIgniter\View\View->CodeIgniter\View\{closure}()
 4 SYSTEMPATH\Common.php(1184): CodeIgniter\View\View->render('viewpdtsk', [], true)
 5 APPPATH\Controllers\viewpdts.php(13): view('viewpdtsk')
 6 SYSTEMPATH\CodeIgniter.php(934): App\Controllers\viewpdts->index()
 7 SYSTEMPATH\CodeIgniter.php(499): CodeIgniter\CodeIgniter->runController(Object(App\Controllers\viewpdts))
 8 SYSTEMPATH\CodeIgniter.php(368): CodeIgniter\CodeIgniter->handleRequest(null, Object(Config\Cache), false)
 9 FCPATH\index.php(67): CodeIgniter\CodeIgniter->run()
CRITICAL - 2023-05-30 12:25:49 --> Undefined array key 0
in APPPATH\Views\viewpdtsk.php on line 181.
 1 APPPATH\Views\viewpdtsk.php(181): CodeIgniter\Debug\Exceptions->errorHandler(2, 'Undefined array key 0', 'C:\\xampp\\htdocs\\codeigniter\\app\\Views\\viewpdtsk.php', 181)
 2 SYSTEMPATH\View\View.php(213): include('C:\\xampp\\htdocs\\codeigniter\\app\\Views\\viewpdtsk.php')
 3 SYSTEMPATH\View\View.php(216): CodeIgniter\View\View->CodeIgniter\View\{closure}()
 4 SYSTEMPATH\Common.php(1184): CodeIgniter\View\View->render('viewpdtsk', [], true)
 5 APPPATH\Controllers\viewpdts.php(13): view('viewpdtsk')
 6 SYSTEMPATH\CodeIgniter.php(934): App\Controllers\viewpdts->index()
 7 SYSTEMPATH\CodeIgniter.php(499): CodeIgniter\CodeIgniter->runController(Object(App\Controllers\viewpdts))
 8 SYSTEMPATH\CodeIgniter.php(368): CodeIgniter\CodeIgniter->handleRequest(null, Object(Config\Cache), false)
 9 FCPATH\index.php(67): CodeIgniter\CodeIgniter->run()
CRITICAL - 2023-05-30 12:26:24 --> Undefined array key 0
in APPPATH\Views\viewpdtsk.php on line 177.
 1 APPPATH\Views\viewpdtsk.php(177): CodeIgniter\Debug\Exceptions->errorHandler(2, 'Undefined array key 0', 'C:\\xampp\\htdocs\\codeigniter\\app\\Views\\viewpdtsk.php', 177)
 2 SYSTEMPATH\View\View.php(213): include('C:\\xampp\\htdocs\\codeigniter\\app\\Views\\viewpdtsk.php')
 3 SYSTEMPATH\View\View.php(216): CodeIgniter\View\View->CodeIgniter\View\{closure}()
 4 SYSTEMPATH\Common.php(1184): CodeIgniter\View\View->render('viewpdtsk', [], true)
 5 APPPATH\Controllers\viewpdts.php(13): view('viewpdtsk')
 6 SYSTEMPATH\CodeIgniter.php(934): App\Controllers\viewpdts->index()
 7 SYSTEMPATH\CodeIgniter.php(499): CodeIgniter\CodeIgniter->runController(Object(App\Controllers\viewpdts))
 8 SYSTEMPATH\CodeIgniter.php(368): CodeIgniter\CodeIgniter->handleRequest(null, Object(Config\Cache), false)
 9 FCPATH\index.php(67): CodeIgniter\CodeIgniter->run()
CRITICAL - 2023-05-30 12:27:22 --> Undefined array key 0
in APPPATH\Views\viewpdtsk.php on line 181.
 1 APPPATH\Views\viewpdtsk.php(181): CodeIgniter\Debug\Exceptions->errorHandler(2, 'Undefined array key 0', 'C:\\xampp\\htdocs\\codeigniter\\app\\Views\\viewpdtsk.php', 181)
 2 SYSTEMPATH\View\View.php(213): include('C:\\xampp\\htdocs\\codeigniter\\app\\Views\\viewpdtsk.php')
 3 SYSTEMPATH\View\View.php(216): CodeIgniter\View\View->CodeIgniter\View\{closure}()
 4 SYSTEMPATH\Common.php(1184): CodeIgniter\View\View->render('viewpdtsk', [], true)
 5 APPPATH\Controllers\viewpdts.php(13): view('viewpdtsk')
 6 SYSTEMPATH\CodeIgniter.php(934): App\Controllers\viewpdts->index()
 7 SYSTEMPATH\CodeIgniter.php(499): CodeIgniter\CodeIgniter->runController(Object(App\Controllers\viewpdts))
 8 SYSTEMPATH\CodeIgniter.php(368): CodeIgniter\CodeIgniter->handleRequest(null, Object(Config\Cache), false)
 9 FCPATH\index.php(67): CodeIgniter\CodeIgniter->run()
CRITICAL - 2023-05-30 12:27:26 --> Undefined array key 0
in APPPATH\Views\viewpdtsk.php on line 181.
 1 APPPATH\Views\viewpdtsk.php(181): CodeIgniter\Debug\Exceptions->errorHandler(2, 'Undefined array key 0', 'C:\\xampp\\htdocs\\codeigniter\\app\\Views\\viewpdtsk.php', 181)
 2 SYSTEMPATH\View\View.php(213): include('C:\\xampp\\htdocs\\codeigniter\\app\\Views\\viewpdtsk.php')
 3 SYSTEMPATH\View\View.php(216): CodeIgniter\View\View->CodeIgniter\View\{closure}()
 4 SYSTEMPATH\Common.php(1184): CodeIgniter\View\View->render('viewpdtsk', [], true)
 5 APPPATH\Controllers\viewpdts.php(13): view('viewpdtsk')
 6 SYSTEMPATH\CodeIgniter.php(934): App\Controllers\viewpdts->index()
 7 SYSTEMPATH\CodeIgniter.php(499): CodeIgniter\CodeIgniter->runController(Object(App\Controllers\viewpdts))
 8 SYSTEMPATH\CodeIgniter.php(368): CodeIgniter\CodeIgniter->handleRequest(null, Object(Config\Cache), false)
 9 FCPATH\index.php(67): CodeIgniter\CodeIgniter->run()
CRITICAL - 2023-05-30 12:27:45 --> Undefined variable $productData
in APPPATH\Views\viewpdtsk.php on line 188.
 1 APPPATH\Views\viewpdtsk.php(188): CodeIgniter\Debug\Exceptions->errorHandler(2, 'Undefined variable $productData', 'C:\\xampp\\htdocs\\codeigniter\\app\\Views\\viewpdtsk.php', 188)
 2 SYSTEMPATH\View\View.php(213): include('C:\\xampp\\htdocs\\codeigniter\\app\\Views\\viewpdtsk.php')
 3 SYSTEMPATH\View\View.php(216): CodeIgniter\View\View->CodeIgniter\View\{closure}()
 4 SYSTEMPATH\Common.php(1184): CodeIgniter\View\View->render('viewpdtsk', [], true)
 5 APPPATH\Controllers\viewpdts.php(13): view('viewpdtsk')
 6 SYSTEMPATH\CodeIgniter.php(934): App\Controllers\viewpdts->index()
 7 SYSTEMPATH\CodeIgniter.php(499): CodeIgniter\CodeIgniter->runController(Object(App\Controllers\viewpdts))
 8 SYSTEMPATH\CodeIgniter.php(368): CodeIgniter\CodeIgniter->handleRequest(null, Object(Config\Cache), false)
 9 FCPATH\index.php(67): CodeIgniter\CodeIgniter->run()
CRITICAL - 2023-05-30 12:30:53 --> Undefined variable $datal
in APPPATH\Views\viewpdtsk.php on line 199.
 1 APPPATH\Views\viewpdtsk.php(199): CodeIgniter\Debug\Exceptions->errorHandler(2, 'Undefined variable $datal', 'C:\\xampp\\htdocs\\codeigniter\\app\\Views\\viewpdtsk.php', 199)
 2 SYSTEMPATH\View\View.php(213): include('C:\\xampp\\htdocs\\codeigniter\\app\\Views\\viewpdtsk.php')
 3 SYSTEMPATH\View\View.php(216): CodeIgniter\View\View->CodeIgniter\View\{closure}()
 4 SYSTEMPATH\Common.php(1184): CodeIgniter\View\View->render('viewpdtsk', [], true)
 5 APPPATH\Controllers\viewpdts.php(13): view('viewpdtsk')
 6 SYSTEMPATH\CodeIgniter.php(934): App\Controllers\viewpdts->index()
 7 SYSTEMPATH\CodeIgniter.php(499): CodeIgniter\CodeIgniter->runController(Object(App\Controllers\viewpdts))
 8 SYSTEMPATH\CodeIgniter.php(368): CodeIgniter\CodeIgniter->handleRequest(null, Object(Config\Cache), false)
 9 FCPATH\index.php(67): CodeIgniter\CodeIgniter->run()
CRITICAL - 2023-05-30 12:30:59 --> Undefined variable $datal
in APPPATH\Views\viewpdtsk.php on line 199.
 1 APPPATH\Views\viewpdtsk.php(199): CodeIgniter\Debug\Exceptions->errorHandler(2, 'Undefined variable $datal', 'C:\\xampp\\htdocs\\codeigniter\\app\\Views\\viewpdtsk.php', 199)
 2 SYSTEMPATH\View\View.php(213): include('C:\\xampp\\htdocs\\codeigniter\\app\\Views\\viewpdtsk.php')
 3 SYSTEMPATH\View\View.php(216): CodeIgniter\View\View->CodeIgniter\View\{closure}()
 4 SYSTEMPATH\Common.php(1184): CodeIgniter\View\View->render('viewpdtsk', [], true)
 5 APPPATH\Controllers\viewpdts.php(13): view('viewpdtsk')
 6 SYSTEMPATH\CodeIgniter.php(934): App\Controllers\viewpdts->index()
 7 SYSTEMPATH\CodeIgniter.php(499): CodeIgniter\CodeIgniter->runController(Object(App\Controllers\viewpdts))
 8 SYSTEMPATH\CodeIgniter.php(368): CodeIgniter\CodeIgniter->handleRequest(null, Object(Config\Cache), false)
 9 FCPATH\index.php(67): CodeIgniter\CodeIgniter->run()
CRITICAL - 2023-05-30 12:38:22 --> Undefined array key 0
in APPPATH\Views\viewpdtsk.php on line 181.
 1 APPPATH\Views\viewpdtsk.php(181): CodeIgniter\Debug\Exceptions->errorHandler(2, 'Undefined array key 0', 'C:\\xampp\\htdocs\\codeigniter\\app\\Views\\viewpdtsk.php', 181)
 2 SYSTEMPATH\View\View.php(213): include('C:\\xampp\\htdocs\\codeigniter\\app\\Views\\viewpdtsk.php')
 3 SYSTEMPATH\View\View.php(216): CodeIgniter\View\View->CodeIgniter\View\{closure}()
 4 SYSTEMPATH\Common.php(1184): CodeIgniter\View\View->render('viewpdtsk', [], true)
 5 APPPATH\Controllers\viewpdts.php(13): view('viewpdtsk')
 6 SYSTEMPATH\CodeIgniter.php(934): App\Controllers\viewpdts->index()
 7 SYSTEMPATH\CodeIgniter.php(499): CodeIgniter\CodeIgniter->runController(Object(App\Controllers\viewpdts))
 8 SYSTEMPATH\CodeIgniter.php(368): CodeIgniter\CodeIgniter->handleRequest(null, Object(Config\Cache), false)
 9 FCPATH\index.php(67): CodeIgniter\CodeIgniter->run()
CRITICAL - 2023-05-30 12:38:28 --> Undefined array key 0
in APPPATH\Views\viewpdtsk.php on line 181.
 1 APPPATH\Views\viewpdtsk.php(181): CodeIgniter\Debug\Exceptions->errorHandler(2, 'Undefined array key 0', 'C:\\xampp\\htdocs\\codeigniter\\app\\Views\\viewpdtsk.php', 181)
 2 SYSTEMPATH\View\View.php(213): include('C:\\xampp\\htdocs\\codeigniter\\app\\Views\\viewpdtsk.php')
 3 SYSTEMPATH\View\View.php(216): CodeIgniter\View\View->CodeIgniter\View\{closure}()
 4 SYSTEMPATH\Common.php(1184): CodeIgniter\View\View->render('viewpdtsk', [], true)
 5 APPPATH\Controllers\viewpdts.php(13): view('viewpdtsk')
 6 SYSTEMPATH\CodeIgniter.php(934): App\Controllers\viewpdts->index()
 7 SYSTEMPATH\CodeIgniter.php(499): CodeIgniter\CodeIgniter->runController(Object(App\Controllers\viewpdts))
 8 SYSTEMPATH\CodeIgniter.php(368): CodeIgniter\CodeIgniter->handleRequest(null, Object(Config\Cache), false)
 9 FCPATH\index.php(67): CodeIgniter\CodeIgniter->run()
CRITICAL - 2023-05-30 12:39:00 --> Undefined variable $productData
in APPPATH\Views\viewpdtsk.php on line 188.
 1 APPPATH\Views\viewpdtsk.php(188): CodeIgniter\Debug\Exceptions->errorHandler(2, 'Undefined variable $productData', 'C:\\xampp\\htdocs\\codeigniter\\app\\Views\\viewpdtsk.php', 188)
 2 SYSTEMPATH\View\View.php(213): include('C:\\xampp\\htdocs\\codeigniter\\app\\Views\\viewpdtsk.php')
 3 SYSTEMPATH\View\View.php(216): CodeIgniter\View\View->CodeIgniter\View\{closure}()
 4 SYSTEMPATH\Common.php(1184): CodeIgniter\View\View->render('viewpdtsk', [], true)
 5 APPPATH\Controllers\viewpdts.php(13): view('viewpdtsk')
 6 SYSTEMPATH\CodeIgniter.php(934): App\Controllers\viewpdts->index()
 7 SYSTEMPATH\CodeIgniter.php(499): CodeIgniter\CodeIgniter->runController(Object(App\Controllers\viewpdts))
 8 SYSTEMPATH\CodeIgniter.php(368): CodeIgniter\CodeIgniter->handleRequest(null, Object(Config\Cache), false)
 9 FCPATH\index.php(67): CodeIgniter\CodeIgniter->run()
CRITICAL - 2023-05-30 12:39:42 --> Undefined variable $productData
in APPPATH\Views\viewpdtsk.php on line 197.
 1 APPPATH\Views\viewpdtsk.php(197): CodeIgniter\Debug\Exceptions->errorHandler(2, 'Undefined variable $productData', 'C:\\xampp\\htdocs\\codeigniter\\app\\Views\\viewpdtsk.php', 197)
 2 SYSTEMPATH\View\View.php(213): include('C:\\xampp\\htdocs\\codeigniter\\app\\Views\\viewpdtsk.php')
 3 SYSTEMPATH\View\View.php(216): CodeIgniter\View\View->CodeIgniter\View\{closure}()
 4 SYSTEMPATH\Common.php(1184): CodeIgniter\View\View->render('viewpdtsk', [], true)
 5 APPPATH\Controllers\viewpdts.php(13): view('viewpdtsk')
 6 SYSTEMPATH\CodeIgniter.php(934): App\Controllers\viewpdts->index()
 7 SYSTEMPATH\CodeIgniter.php(499): CodeIgniter\CodeIgniter->runController(Object(App\Controllers\viewpdts))
 8 SYSTEMPATH\CodeIgniter.php(368): CodeIgniter\CodeIgniter->handleRequest(null, Object(Config\Cache), false)
 9 FCPATH\index.php(67): CodeIgniter\CodeIgniter->run()
CRITICAL - 2023-05-30 12:41:38 --> Undefined variable $categoryno
in APPPATH\Controllers\adminhome.php on line 48.
 1 APPPATH\Controllers\adminhome.php(48): CodeIgniter\Debug\Exceptions->errorHandler(2, 'Undefined variable $categoryno', 'C:\\xampp\\htdocs\\codeigniter\\app\\Controllers\\adminhome.php', 48)
 2 SYSTEMPATH\CodeIgniter.php(934): App\Controllers\adminhome->viewpdts()
 3 SYSTEMPATH\CodeIgniter.php(499): CodeIgniter\CodeIgniter->runController(Object(App\Controllers\adminhome))
 4 SYSTEMPATH\CodeIgniter.php(368): CodeIgniter\CodeIgniter->handleRequest(null, Object(Config\Cache), false)
 5 FCPATH\index.php(67): CodeIgniter\CodeIgniter->run()
CRITICAL - 2023-05-30 12:42:13 --> Undefined array key 0
in APPPATH\Views\viewpdtsk.php on line 219.
 1 APPPATH\Views\viewpdtsk.php(219): CodeIgniter\Debug\Exceptions->errorHandler(2, 'Undefined array key 0', 'C:\\xampp\\htdocs\\codeigniter\\app\\Views\\viewpdtsk.php', 219)
 2 SYSTEMPATH\View\View.php(213): include('C:\\xampp\\htdocs\\codeigniter\\app\\Views\\viewpdtsk.php')
 3 SYSTEMPATH\View\View.php(216): CodeIgniter\View\View->CodeIgniter\View\{closure}()
 4 SYSTEMPATH\Common.php(1184): CodeIgniter\View\View->render('viewpdtsk', [], true)
 5 APPPATH\Controllers\viewpdts.php(13): view('viewpdtsk')
 6 SYSTEMPATH\CodeIgniter.php(934): App\Controllers\viewpdts->index()
 7 SYSTEMPATH\CodeIgniter.php(499): CodeIgniter\CodeIgniter->runController(Object(App\Controllers\viewpdts))
 8 SYSTEMPATH\CodeIgniter.php(368): CodeIgniter\CodeIgniter->handleRequest(null, Object(Config\Cache), false)
 9 FCPATH\index.php(67): CodeIgniter\CodeIgniter->run()
CRITICAL - 2023-05-30 12:43:13 --> Undefined array key 0
in APPPATH\Views\viewpdtsk.php on line 219.
 1 APPPATH\Views\viewpdtsk.php(219): CodeIgniter\Debug\Exceptions->errorHandler(2, 'Undefined array key 0', 'C:\\xampp\\htdocs\\codeigniter\\app\\Views\\viewpdtsk.php', 219)
 2 SYSTEMPATH\View\View.php(213): include('C:\\xampp\\htdocs\\codeigniter\\app\\Views\\viewpdtsk.php')
 3 SYSTEMPATH\View\View.php(216): CodeIgniter\View\View->CodeIgniter\View\{closure}()
 4 SYSTEMPATH\Common.php(1184): CodeIgniter\View\View->render('viewpdtsk', [], true)
 5 APPPATH\Controllers\viewpdts.php(13): view('viewpdtsk')
 6 SYSTEMPATH\CodeIgniter.php(934): App\Controllers\viewpdts->index()
 7 SYSTEMPATH\CodeIgniter.php(499): CodeIgniter\CodeIgniter->runController(Object(App\Controllers\viewpdts))
 8 SYSTEMPATH\CodeIgniter.php(368): CodeIgniter\CodeIgniter->handleRequest(null, Object(Config\Cache), false)
 9 FCPATH\index.php(67): CodeIgniter\CodeIgniter->run()
CRITICAL - 2023-05-30 12:43:55 --> Undefined array key 0
in APPPATH\Views\viewpdtsk.php on line 219.
 1 APPPATH\Views\viewpdtsk.php(219): CodeIgniter\Debug\Exceptions->errorHandler(2, 'Undefined array key 0', 'C:\\xampp\\htdocs\\codeigniter\\app\\Views\\viewpdtsk.php', 219)
 2 SYSTEMPATH\View\View.php(213): include('C:\\xampp\\htdocs\\codeigniter\\app\\Views\\viewpdtsk.php')
 3 SYSTEMPATH\View\View.php(216): CodeIgniter\View\View->CodeIgniter\View\{closure}()
 4 SYSTEMPATH\Common.php(1184): CodeIgniter\View\View->render('viewpdtsk', [], true)
 5 APPPATH\Controllers\viewpdts.php(13): view('viewpdtsk')
 6 SYSTEMPATH\CodeIgniter.php(934): App\Controllers\viewpdts->index()
 7 SYSTEMPATH\CodeIgniter.php(499): CodeIgniter\CodeIgniter->runController(Object(App\Controllers\viewpdts))
 8 SYSTEMPATH\CodeIgniter.php(368): CodeIgniter\CodeIgniter->handleRequest(null, Object(Config\Cache), false)
 9 FCPATH\index.php(67): CodeIgniter\CodeIgniter->run()
CRITICAL - 2023-05-30 12:44:34 --> Undefined array key 0
in APPPATH\Views\viewpdtsk.php on line 219.
 1 APPPATH\Views\viewpdtsk.php(219): CodeIgniter\Debug\Exceptions->errorHandler(2, 'Undefined array key 0', 'C:\\xampp\\htdocs\\codeigniter\\app\\Views\\viewpdtsk.php', 219)
 2 SYSTEMPATH\View\View.php(213): include('C:\\xampp\\htdocs\\codeigniter\\app\\Views\\viewpdtsk.php')
 3 SYSTEMPATH\View\View.php(216): CodeIgniter\View\View->CodeIgniter\View\{closure}()
 4 SYSTEMPATH\Common.php(1184): CodeIgniter\View\View->render('viewpdtsk', [], true)
 5 APPPATH\Controllers\viewpdts.php(13): view('viewpdtsk')
 6 SYSTEMPATH\CodeIgniter.php(934): App\Controllers\viewpdts->index()
 7 SYSTEMPATH\CodeIgniter.php(499): CodeIgniter\CodeIgniter->runController(Object(App\Controllers\viewpdts))
 8 SYSTEMPATH\CodeIgniter.php(368): CodeIgniter\CodeIgniter->handleRequest(null, Object(Config\Cache), false)
 9 FCPATH\index.php(67): CodeIgniter\CodeIgniter->run()
